Sat Jul 19 03:16:25 CEST 2025
$PROB    Infusion_2CPT_V1QV2VMKM ALL DOSES FOCEI (120 Ind/6960 Obs) runODE056
$INPUT   ID TIME DV LNDV MDV AMT RATE EVID DOSE VI VMI KMI QI V2I SD CMT
$DATA    Infusion_2CPTMM.csv IGNORE=@
$SUBR    ADVAN13 TOL=7
$MODEL
         COMP=(CENTRAL,DEFOBS,DEFDOSE)
         COMP=(PERI)
$PK
         VM=EXP(THETA(1)+ETA(1))
         KM=EXP(THETA(2)+ETA(2))
         V =EXP(THETA(3)+ETA(3))
         Q =EXP(THETA(4)+ETA(4))
         V2=EXP(THETA(5)+ETA(5))
         K12=Q/V
         K21=Q/V2
         S1=V
$DES
         C1=A(1)/V
         DADT(1)= K21*A(2)-K12*A(1)-VM*C1/(KM+C1)
         DADT(2)=-K21*A(2)+K12*A(1)
$ERROR
         IPRED = F
         RESCV = THETA(6)
         W     = IPRED*RESCV
         IRES  = DV-IPRED
         IWRES = IRES/W
         Y     = IPRED+W*EPS(1)

$THETA   7         ;log VM
$THETA   5.7       ;log KM
$THETA   4.5       ;log Vc
$THETA   1.5       ;log Q
$THETA   4         ;log Vp
$THETA   (0,0.3,1) ;RSV
$OMEGA   0.15 0.15 0.15 0.15 0.15
$SIGMA   1 FIX
$EST     NSIG=2 SIGL=6 PRINT=5 MAX=9999 NOABORT POSTHOC METHOD=COND INTER NOOBT
$COV
$TABLE  ID TIME LNDV MDV AMT EVID DOSE VI VMI KMI V VM KM Q V2 ETA1 ETA2 ETA3 ETA4 ETA5
        IPRED IRES IWRES CWRESI
        ONEHEADER NOPRINT FILE=runODE056.csv
NM-TRAN MESSAGES
  
 WARNINGS AND ERRORS (IF ANY) FOR PROBLEM    1
             
 (WARNING  2) NM-TRAN INFERS THAT THE DATA ARE POPULATION.

License Registered to: Novartis AG
Expiration Date:    14 JAN 2026
Current Date:       19 JUL 2025
Days until program expires : 180
1NONLINEAR MIXED EFFECTS MODEL PROGRAM (NONMEM) VERSION 7.4.3
 ORIGINALLY DEVELOPED BY STUART BEAL, LEWIS SHEINER, AND ALISON BOECKMANN
 CURRENT DEVELOPERS ARE ROBERT BAUER, ICON DEVELOPMENT SOLUTIONS,
 AND ALISON BOECKMANN. IMPLEMENTATION, EFFICIENCY, AND STANDARDIZATION
 PERFORMED BY NOUS INFOSYSTEMS.

 PROBLEM NO.:         1
 Infusion_2CPT_V1QV2VMKM ALL DOSES FOCEI (120 Ind/6960 Obs) runODE056
0DATA CHECKOUT RUN:              NO
 DATA SET LOCATED ON UNIT NO.:    2
 THIS UNIT TO BE REWOUND:        NO
 NO. OF DATA RECS IN DATA SET:     7920
 NO. OF DATA ITEMS IN DATA SET:  16
 ID DATA ITEM IS DATA ITEM NO.:   1
 DEP VARIABLE IS DATA ITEM NO.:   3
 MDV DATA ITEM IS DATA ITEM NO.:  5
0INDICES PASSED TO SUBROUTINE PRED:
   8   2   6   7   0   0  16   0   0   0   0
0LABELS FOR DATA ITEMS:
 ID TIME DV LNDV MDV AMT RATE EVID DOSE VI VMI KMI QI V2I SD CMT
0(NONBLANK) LABELS FOR PRED-DEFINED ITEMS:
 VM KM V Q V2 IPRED IRES IWRES
0FORMAT FOR DATA:
 (E3.0,3E6.0,E1.0,2E6.0,E1.0,E6.0,E5.0,E6.0,3E5.0,2E1.0)

 TOT. NO. OF OBS RECS:     6960
 TOT. NO. OF INDIVIDUALS:      120
0LENGTH OF THETA:   6
0DEFAULT THETA BOUNDARY TEST OMITTED:    NO
0OMEGA HAS SIMPLE DIAGONAL FORM WITH DIMENSION:   5
0DEFAULT OMEGA BOUNDARY TEST OMITTED:   YES
0SIGMA HAS SIMPLE DIAGONAL FORM WITH DIMENSION:   1
0DEFAULT SIGMA BOUNDARY TEST OMITTED:    NO
0INITIAL ESTIMATE OF THETA:
 LOWER BOUND    INITIAL EST    UPPER BOUND
 -0.1000E+07     0.7000E+01     0.1000E+07
 -0.1000E+07     0.5700E+01     0.1000E+07
 -0.1000E+07     0.4500E+01     0.1000E+07
 -0.1000E+07     0.1500E+01     0.1000E+07
 -0.1000E+07     0.4000E+01     0.1000E+07
  0.0000E+00     0.3000E+00     0.1000E+01
0INITIAL ESTIMATE OF OMEGA:
 0.1500E+00
 0.0000E+00   0.1500E+00
 0.0000E+00   0.0000E+00   0.1500E+00
 0.0000E+00   0.0000E+00   0.0000E+00   0.1500E+00
 0.0000E+00   0.0000E+00   0.0000E+00   0.0000E+00   0.1500E+00
0INITIAL ESTIMATE OF SIGMA:
 0.1000E+01
0SIGMA CONSTRAINED TO BE THIS INITIAL ESTIMATE
0COVARIANCE STEP OMITTED:        NO
 EIGENVLS. PRINTED:              NO
 SPECIAL COMPUTATION:            NO
 COMPRESSED FORMAT:              NO
 GRADIENT METHOD USED:     NOSLOW
 SIGDIGITS ETAHAT (SIGLO):                  -1
 SIGDIGITS GRADIENTS (SIGL):                -1
 EXCLUDE COV FOR FOCE (NOFCOV):              NO
 TURN OFF Cholesky Transposition of R Matrix (CHOLROFF): NO
 KNUTHSUMOFF:                                -1
 RESUME COV ANALYSIS (RESUME):               NO
 SIR SAMPLE SIZE (SIRSAMPLE):              -1
 NON-LINEARLY TRANSFORM THETAS DURING COV (THBND): 1
 PRECONDTIONING CYCLES (PRECOND):        0
 PRECONDTIONING TYPES (PRECONDS):        TOS
 FORCED PRECONDTIONING CYCLES (PFCOND):0
 PRECONDTIONING TYPE (PRETYPE):        0
 FORCED POS. DEFINITE SETTING: (FPOSDEF):0
0TABLES STEP OMITTED:    NO
 NO. OF TABLES:           1
 SEED NUMBER (SEED):    11456
 RANMETHOD:             3U
 MC SAMPLES (ESAMPLE):    300
 WRES SQUARE ROOT TYPE (WRESCHOL): EIGENVALUE
0-- TABLE   1 --
0RECORDS ONLY:    ALL
04 COLUMNS APPENDED:    YES
 PRINTED:                NO
 HEADERS:               ONE
 FILE TO BE FORWARDED:   NO
 FORMAT:                S1PE11.4
 LFORMAT:
 RFORMAT:
 FIXED_EFFECT_ETAS:
0USER-CHOSEN ITEMS:
 ID TIME LNDV MDV AMT EVID DOSE VI VMI KMI V VM KM Q V2 ETA1 ETA2 ETA3 ETA4 ETA5 IPRED IRES IWRES CWRESI
1DOUBLE PRECISION PREDPP VERSION 7.4.3

 GENERAL NONLINEAR KINETICS MODEL WITH STIFF/NONSTIFF EQUATIONS (LSODA, ADVAN13)
0MODEL SUBROUTINE USER-SUPPLIED - ID NO. 9999
0MAXIMUM NO. OF BASIC PK PARAMETERS:   5
0COMPARTMENT ATTRIBUTES
 COMPT. NO.   FUNCTION   INITIAL    ON/OFF      DOSE      DEFAULT    DEFAULT
                         STATUS     ALLOWED    ALLOWED    FOR DOSE   FOR OBS.
    1         CENTRAL      ON         YES        YES        YES        YES
    2         PERI         ON         YES        YES        NO         NO
    3         OUTPUT       OFF        YES        NO         NO         NO
 INITIAL (BASE) TOLERANCE SETTINGS:
 NRD (RELATIVE) VALUE(S) OF TOLERANCE:   7
 ANRD (ABSOLUTE) VALUE(S) OF TOLERANCE:  12
1
 ADDITIONAL PK PARAMETERS - ASSIGNMENT OF ROWS IN GG
 COMPT. NO.                             INDICES
              SCALE      BIOAVAIL.   ZERO-ORDER  ZERO-ORDER  ABSORB
                         FRACTION    RATE        DURATION    LAG
    1            6           *           *           *           *
    2            *           *           *           *           *
    3            *           -           -           -           -
             - PARAMETER IS NOT ALLOWED FOR THIS MODEL
             * PARAMETER IS NOT SUPPLIED BY PK SUBROUTINE;
               WILL DEFAULT TO ONE IF APPLICABLE
0DATA ITEM INDICES USED BY PRED ARE:
   EVENT ID DATA ITEM IS DATA ITEM NO.:      8
   TIME DATA ITEM IS DATA ITEM NO.:          2
   DOSE AMOUNT DATA ITEM IS DATA ITEM NO.:   6
   DOSE RATE DATA ITEM IS DATA ITEM NO.:     7
   COMPT. NO. DATA ITEM IS DATA ITEM NO.:   16

0PK SUBROUTINE CALLED WITH EVERY EVENT RECORD.
 PK SUBROUTINE NOT CALLED AT NONEVENT (ADDITIONAL OR LAGGED) DOSE TIMES.
0ERROR SUBROUTINE CALLED WITH EVERY EVENT RECORD.
0DES SUBROUTINE USES COMPACT STORAGE MODE.
1
 
 
 #TBLN:      1
 #METH: First Order Conditional Estimation with Interaction
 
 ESTIMATION STEP OMITTED:                 NO
 ANALYSIS TYPE:                           POPULATION
 NUMBER OF SADDLE POINT RESET ITERATIONS:      0
 GRADIENT METHOD USED:               NOSLOW
 CONDITIONAL ESTIMATES USED:              YES
 CENTERED ETA:                            NO
 EPS-ETA INTERACTION:                     YES
 LAPLACIAN OBJ. FUNC.:                    NO
 NO. OF FUNCT. EVALS. ALLOWED:            9999
 NO. OF SIG. FIGURES REQUIRED:            2
 INTERMEDIATE PRINTOUT:                   YES
 ESTIMATE OUTPUT TO MSF:                  NO
 ABORT WITH PRED EXIT CODE 1:             NO
 IND. OBJ. FUNC. VALUES SORTED:           NO
 NUMERICAL DERIVATIVE
       FILE REQUEST (NUMDER):               NONE
 MAP (ETAHAT) ESTIMATION METHOD (OPTMAP):   0
 ETA HESSIAN EVALUATION METHOD (ETADER):    0
 INITIAL ETA FOR MAP ESTIMATION (MCETA):    0
 SIGDIGITS FOR MAP ESTIMATION (SIGLO):      6
 GRADIENT SIGDIGITS OF
       FIXED EFFECTS PARAMETERS (SIGL):     6
 NOPRIOR SETTING (NOPRIOR):                 OFF
 NOCOV SETTING (NOCOV):                     OFF
 DERCONT SETTING (DERCONT):                 OFF
 FINAL ETA RE-EVALUATION (FNLETA):          ON
 EXCLUDE NON-INFLUENTIAL (NON-INFL.) ETAS
       IN SHRINKAGE (ETASTYPE):             NO
 NON-INFL. ETA CORRECTION (NONINFETA):      OFF
 RAW OUTPUT FILE (FILE): runODE056.ext
 EXCLUDE TITLE (NOTITLE):                   NO
 EXCLUDE COLUMN LABELS (NOLABEL):           NO
 FORMAT FOR ADDITIONAL FILES (FORMAT):      S1PE12.5
 PARAMETER ORDER FOR OUTPUTS (ORDER):       TSOL
 WISHART PRIOR DF INTERPRETATION (WISHTYPE):0
 KNUTHSUMOFF:                               0
 INCLUDE LNTWOPI:                           NO
 INCLUDE CONSTANT TERM TO PRIOR (PRIORC):   NO
 INCLUDE CONSTANT TERM TO OMEGA (ETA) (OLNTWOPI):NO
 ADDITIONAL CONVERGENCE TEST (CTYPE=4)?:    NO
 EM OR BAYESIAN METHOD USED:                 NONE

 TOLERANCES FOR ESTIMATION/EVALUATION STEP:
 NRD (RELATIVE) VALUE(S) OF TOLERANCE:   7
 ANRD (ABSOLUTE) VALUE(S) OF TOLERANCE:  12
 TOLERANCES FOR COVARIANCE STEP:
 NRD (RELATIVE) VALUE(S) OF TOLERANCE:   7
 ANRD (ABSOLUTE) VALUE(S) OF TOLERANCE:  12
 TOLERANCES FOR TABLE/SCATTER STEP:
 NRD (RELATIVE) VALUE(S) OF TOLERANCE:   7
 ANRD (ABSOLUTE) VALUE(S) OF TOLERANCE:  12
 
 THE FOLLOWING LABELS ARE EQUIVALENT
 PRED=PREDI
 RES=RESI
 WRES=WRESI
 IWRS=IWRESI
 IPRD=IPREDI
 IRS=IRESI
 
 MONITORING OF SEARCH:

 
0ITERATION NO.:    0    OBJECTIVE VALUE:   76683.7847719395        NO. OF FUNC. EVALS.:   8
 CUMULATIVE NO. OF FUNC. EVALS.:        8
 NPARAMETR:  7.0000E+00  5.7000E+00  4.5000E+00  1.5000E+00  4.0000E+00  3.0000E-01  1.5000E-01  1.5000E-01  1.5000E-01  1.5000E-01
             1.5000E-01
 PARAMETER:  1.0000E-01  1.0000E-01  1.0000E-01  1.0000E-01  1.0000E-01  1.0000E-01  1.0000E-01  1.0000E-01  1.0000E-01  1.0000E-01
             1.0000E-01
 GRADIENT:   3.3575E+04  1.4641E+04  2.0928E+04  1.2062E+03  4.2024E+03  4.5272E+03  5.9237E+01  1.3235E+01  3.3833E+01  2.2861E+01
             4.3856E+01
 
0ITERATION NO.:    5    OBJECTIVE VALUE:   75102.8149046938        NO. OF FUNC. EVALS.: 139
 CUMULATIVE NO. OF FUNC. EVALS.:      147             RESET HESSIAN, TYPE I
 NPARAMETR:  6.9346E+00  5.3996E+00  4.2039E+00  1.2120E+00  3.8881E+00  2.0403E-01  9.7977E-02  1.4941E-01  1.0723E-01  1.3607E-01
             1.0763E-01
 PARAMETER:  9.9066E-02  9.4731E-02  9.3420E-02  8.0803E-02  9.7202E-02 -4.1403E-01 -1.1295E-01  9.8043E-02 -6.7814E-02  5.1264E-02
            -6.5963E-02
 GRADIENT:   7.0852E+04  1.0158E+04  6.9324E+03 -1.6190E+03  3.6496E+02  3.9194E+02 -3.5122E+00  1.8158E+01  3.0813E+01  1.8598E+01
            -8.8300E+00
 
0ITERATION NO.:   10    OBJECTIVE VALUE:   75076.7924421373        NO. OF FUNC. EVALS.: 138
 CUMULATIVE NO. OF FUNC. EVALS.:      285             RESET HESSIAN, TYPE I
 NPARAMETR:  6.9275E+00  5.4689E+00  4.2521E+00  1.2917E+00  3.9048E+00  2.0055E-01  1.0418E-01  9.6817E-02  8.7383E-02  9.2809E-02
             1.1354E-01
 PARAMETER:  9.8964E-02  9.5946E-02  9.4491E-02  8.6114E-02  9.7620E-02 -4.3553E-01 -8.2240E-02 -1.1890E-01 -1.7017E-01 -1.4005E-01
            -3.9239E-02
 GRADIENT:   7.0207E+04  1.4406E+04  1.2320E+04 -7.4465E+02  2.1563E+03  4.9349E+01 -1.9615E-01 -8.1167E-01 -2.3187E+00  9.0057E+00
            -4.4487E+00
 
0ITERATION NO.:   15    OBJECTIVE VALUE:   75074.7161720040        NO. OF FUNC. EVALS.: 137
 CUMULATIVE NO. OF FUNC. EVALS.:      422             RESET HESSIAN, TYPE I
 NPARAMETR:  6.9237E+00  5.4751E+00  4.2590E+00  1.3743E+00  3.9051E+00  1.9999E-01  1.0428E-01  9.9480E-02  8.8329E-02  9.1319E-02
             1.1633E-01
 PARAMETER:  9.8910E-02  9.6055E-02  9.4643E-02  9.1617E-02  9.7627E-02 -4.3907E-01 -8.1793E-02 -1.0534E-01 -1.6478E-01 -1.4814E-01
            -2.7104E-02
 GRADIENT:   6.9673E+04  1.5235E+04  1.3727E+04  1.8113E+02  2.3703E+03 -2.1399E+00  4.7330E-01  3.4404E-01  7.9754E-02  5.4222E+00
             8.1962E-02
 
0ITERATION NO.:   20    OBJECTIVE VALUE:   75074.6519869764        NO. OF FUNC. EVALS.:  48
 CUMULATIVE NO. OF FUNC. EVALS.:      470
 NPARAMETR:  6.9236E+00  5.4727E+00  4.2571E+00  1.3502E+00  3.9043E+00  2.0001E-01  1.0418E-01  9.9177E-02  8.8360E-02  8.9600E-02
             1.1445E-01
 PARAMETER:  9.8909E-02  9.6012E-02  9.4602E-02  9.0016E-02  9.7607E-02 -4.3891E-01 -8.2268E-02 -1.0686E-01 -1.6461E-01 -1.5764E-01
            -3.5265E-02
 GRADIENT:   6.9782E+04  1.5009E+04  1.3356E+04 -8.2108E+01  2.2524E+03 -1.0225E+00  2.0737E-01  1.8227E-01  2.0015E-01  6.2492E+00
            -2.3609E+00
 
0ITERATION NO.:   25    OBJECTIVE VALUE:   75074.6510389841        NO. OF FUNC. EVALS.:  93
 CUMULATIVE NO. OF FUNC. EVALS.:      563
 NPARAMETR:  6.9230E+00  5.4739E+00  4.2572E+00  1.3488E+00  3.9044E+00  2.0002E-01  1.0419E-01  9.9181E-02  8.8363E-02  8.9326E-02
             1.1438E-01
 PARAMETER:  9.8900E-02  9.6034E-02  9.4605E-02  8.9920E-02  9.7610E-02 -4.3890E-01 -8.2228E-02 -1.0684E-01 -1.6459E-01 -1.5917E-01
            -3.5552E-02
 GRADIENT:   1.3076E+05 -1.6620E+04  4.8366E+03 -1.3435E+02  4.2014E+02 -4.8843E+00  1.8278E-01  1.4147E-01  2.0875E-01  6.2343E+00
            -2.4646E+00
 
0ITERATION NO.:   30    OBJECTIVE VALUE:   75074.4395112955        NO. OF FUNC. EVALS.: 129
 CUMULATIVE NO. OF FUNC. EVALS.:      692             RESET HESSIAN, TYPE I
 NPARAMETR:  6.9226E+00  5.4752E+00  4.2588E+00  1.3658E+00  3.9055E+00  2.0007E-01  1.0400E-01  9.8980E-02  8.8297E-02  6.4402E-02
             1.1714E-01
 PARAMETER:  9.8895E-02  9.6056E-02  9.4641E-02  9.1054E-02  9.7638E-02 -4.3858E-01 -8.3134E-02 -1.0786E-01 -1.6497E-01 -3.2275E-01
            -2.3644E-02
 GRADIENT:   6.9552E+04  1.5280E+04  1.3642E+04  2.8031E+02  2.3957E+03 -4.3888E+00  3.2031E-01 -2.0236E-01 -2.9511E-01 -3.0617E+00
            -5.7821E-01
 
0ITERATION NO.:   35    OBJECTIVE VALUE:   75074.2621112091        NO. OF FUNC. EVALS.: 140
 CUMULATIVE NO. OF FUNC. EVALS.:      832             RESET HESSIAN, TYPE I
 NPARAMETR:  6.9226E+00  5.4737E+00  4.2584E+00  1.3452E+00  3.9041E+00  2.0014E-01  1.0376E-01  9.9482E-02  8.8398E-02  7.1652E-02
             1.1807E-01
 PARAMETER:  9.8895E-02  9.6030E-02  9.4631E-02  8.9680E-02  9.7603E-02 -4.3810E-01 -8.4291E-02 -1.0533E-01 -1.6440E-01 -2.6941E-01
            -1.9694E-02
 GRADIENT:   6.9579E+04  1.5087E+04  1.3438E+04 -3.1428E+01  2.2724E+03  6.2144E+00 -1.2746E-01  1.9557E-01  1.6246E-01  9.2601E-01
            -2.7125E-01
 
0ITERATION NO.:   40    OBJECTIVE VALUE:   75074.2446860955        NO. OF FUNC. EVALS.: 133
 CUMULATIVE NO. OF FUNC. EVALS.:      965
 NPARAMETR:  6.9222E+00  5.4734E+00  4.2589E+00  1.3490E+00  3.9043E+00  2.0013E-01  1.0401E-01  9.9022E-02  8.8347E-02  7.0081E-02
             1.1838E-01
 PARAMETER:  9.8889E-02  9.6025E-02  9.4642E-02  8.9930E-02  9.7608E-02 -4.3817E-01 -8.3077E-02 -1.0765E-01 -1.6468E-01 -2.8049E-01
            -1.8375E-02
 GRADIENT:   1.3059E+05 -1.6544E+04  5.0043E+03 -1.2300E+01  4.6158E+02  6.1520E-01  1.7541E-01  3.8787E-02  5.8918E-04  1.6314E-01
             3.1349E-02
 
0ITERATION NO.:   45    OBJECTIVE VALUE:   75074.2438948633        NO. OF FUNC. EVALS.: 136
 CUMULATIVE NO. OF FUNC. EVALS.:     1101
 NPARAMETR:  6.9221E+00  5.4738E+00  4.2590E+00  1.3493E+00  3.9046E+00  2.0013E-01  1.0393E-01  9.8739E-02  8.8337E-02  6.9750E-02
             1.1833E-01
 PARAMETER:  9.8887E-02  9.6031E-02  9.4644E-02  8.9952E-02  9.7614E-02 -4.3819E-01 -8.3466E-02 -1.0919E-01 -1.6475E-01 -2.8285E-01
            -1.8550E-02
 GRADIENT:   1.7129E+01 -2.4383E+00 -3.4012E+00 -3.7389E+00  1.5356E+00 -6.8629E-02 -6.0980E-02 -1.6424E-02 -4.1727E-02  2.1731E-03
             4.7117E-02
 NUMSIGDIG:         4.7         5.1         5.2         3.7         5.1         5.0         2.9         1.9         3.3         4.0
                    2.8
 
 #TERM:
0MINIMIZATION TERMINATED
 DUE TO ROUNDING ERRORS (ERROR=134)
 NO. OF FUNCTION EVALUATIONS USED:     1101
 NO. OF SIG. DIGITS IN FINAL EST.:  2.0
 ADDITIONAL PROBLEMS OCCURRED WITH THE MINIMIZATION.
 REGARD THE RESULTS OF THE ESTIMATION STEP CAREFULLY, AND ACCEPT THEM ONLY
 AFTER CHECKING THAT THE COVARIANCE STEP PRODUCES REASONABLE OUTPUT.

 ETABAR IS THE ARITHMETIC MEAN OF THE ETA-ESTIMATES,
 AND THE P-VALUE IS GIVEN FOR THE NULL HYPOTHESIS THAT THE TRUE MEAN IS 0.
 
 ETABAR:         8.8131E-03 -9.4781E-03 -5.6081E-03  1.2675E-02 -1.2395E-02
 SE:             2.5898E-02  1.8452E-02  2.6580E-02  1.2483E-02  2.5297E-02
 N:                     120         120         120         120         120
 
 P VAL.:         7.3363E-01  6.0749E-01  8.3290E-01  3.0992E-01  6.2416E-01
 
 ETASHRINKSD(%)  1.1630E+01  3.5396E+01  1.6214E+00  4.8005E+01  1.9105E+01
 ETASHRINKVR(%)  2.1908E+01  5.8264E+01  3.2165E+00  7.2966E+01  3.4560E+01
 EBVSHRINKSD(%)  1.1666E+01  3.6296E+01  2.0804E+00  4.8250E+01  1.9113E+01
 EBVSHRINKVR(%)  2.1970E+01  5.9418E+01  4.1176E+00  7.3219E+01  3.4573E+01
 EPSSHRINKSD(%)  2.4887E+00
 EPSSHRINKVR(%)  4.9155E+00
 
  
 TOTAL DATA POINTS NORMALLY DISTRIBUTED (N):         6960
 N*LOG(2PI) CONSTANT TO OBJECTIVE FUNCTION:    12791.6243822090     
 OBJECTIVE FUNCTION VALUE WITHOUT CONSTANT:    75074.2438948633     
 OBJECTIVE FUNCTION VALUE WITH CONSTANT:       87865.8682770724     
 REPORTED OBJECTIVE FUNCTION DOES NOT CONTAIN CONSTANT
  
 TOTAL EFFECTIVE ETAS (NIND*NETA):                           600
  
 #TERE:
 Elapsed estimation  time in seconds:  2643.55
 Elapsed postprocess time in seconds:     3.84
1
 
 
 
 
 
 
 
 
 
 
 
 
 
 
 
 
 
 
 
 
 ************************************************************************************************************************
 ********************                                                                                ********************
 ********************               FIRST ORDER CONDITIONAL ESTIMATION WITH INTERACTION              ********************
 #OBJT:**************                       MINIMUM VALUE OF OBJECTIVE FUNCTION                      ********************
 ********************                                                                                ********************
 ************************************************************************************************************************
 





 #OBJV:********************************************    75074.244       **************************************************
1
 ************************************************************************************************************************
 ********************                                                                                ********************
 ********************               FIRST ORDER CONDITIONAL ESTIMATION WITH INTERACTION              ********************
 ********************                             FINAL PARAMETER ESTIMATE                           ********************
 ********************                                                                                ********************
 ************************************************************************************************************************
 


 THETA - VECTOR OF FIXED EFFECTS PARAMETERS   *********


         TH 1      TH 2      TH 3      TH 4      TH 5      TH 6     
 
         6.92E+00  5.47E+00  4.26E+00  1.35E+00  3.90E+00  2.00E-01
 


 OMEGA - COV MATRIX FOR RANDOM EFFECTS - ETAS  ********


         ETA1      ETA2      ETA3      ETA4      ETA5     
 
 ETA1
+        1.04E-01
 
 ETA2
+        0.00E+00  9.87E-02
 
 ETA3
+        0.00E+00  0.00E+00  8.83E-02
 
 ETA4
+        0.00E+00  0.00E+00  0.00E+00  6.98E-02
 
 ETA5
+        0.00E+00  0.00E+00  0.00E+00  0.00E+00  1.18E-01
 


 SIGMA - COV MATRIX FOR RANDOM EFFECTS - EPSILONS  ****


         EPS1     
 
 EPS1
+        1.00E+00
 
1


 OMEGA - CORR MATRIX FOR RANDOM EFFECTS - ETAS  *******


         ETA1      ETA2      ETA3      ETA4      ETA5     
 
 ETA1
+        3.22E-01
 
 ETA2
+        0.00E+00  3.14E-01
 
 ETA3
+        0.00E+00  0.00E+00  2.97E-01
 
 ETA4
+        0.00E+00  0.00E+00  0.00E+00  2.64E-01
 
 ETA5
+        0.00E+00  0.00E+00  0.00E+00  0.00E+00  3.44E-01
 


 SIGMA - CORR MATRIX FOR RANDOM EFFECTS - EPSILONS  ***


         EPS1     
 
 EPS1
+        1.00E+00
 
 Elapsed finaloutput time in seconds:     0.72
1THERE ARE ERROR MESSAGES IN FILE PRDERR                                                                  
 #CPUT: Total CPU Time in Seconds,     2613.211
Stop Time:
Sat Jul 19 04:00:51 CEST 2025
