Sat Jul 19 05:26:49 CEST 2025
$PROB    Oral1_2CPT_KAV1QV2VMKM SINGLE DOSE FOCEI (120 Ind/2280 Obs) runODE068
$INPUT   ID TIME DV LNDV MDV AMT EVID DOSE VI VMI KMI QI V2I KAI SD CMT
$DATA    Oral_2CPTMM.csv IGNORE=@ IGNORE(SD.EQ.0)
$SUBR    ADVAN13 TOL=6
$MODEL
         COMP=(ABS,DEFDOSE)
         COMP=(CENTRAL,DEFOBS)
         COMP=(PERI)
$PK
         VM=EXP(THETA(1)+ETA(1))
         KM=EXP(THETA(2)+ETA(2))
         V2=EXP(THETA(3)+ETA(3))
         Q =EXP(THETA(4)+ETA(4))
         V3=EXP(THETA(5)+ETA(5))
         K12=EXP(THETA(6)+ETA(6))
         K23=Q/V2
         K32=Q/V3
         S2=V2
$DES
         C2     =  A(2)/V2
         DADT(1)= -K12*A(1)
         DADT(2)=  K12*A(1)+K32*A(3)-K23*A(2)-VM*C2/(KM+C2)
         DADT(3)=         -K32*A(3)+K23*A(2)
$ERROR
         IPRED = F
         RESCV = THETA(7)
         W     = IPRED*RESCV
         IRES  = DV-IPRED
         IWRES = IRES/W
         Y     = IPRED+W*EPS(1)

$THETA   7.1       ;log VM
$THETA   5.7       ;log KM
$THETA   4.5       ;log Vc
$THETA   1.6       ;log Q
$THETA   4.1       ;log Vp
$THETA   0.22      ;log KA
$THETA   (0,0.3,1) ;RSV
$OMEGA   0.15 0.15 0.15 0.15 0.15 0.15
$SIGMA   1 FIX
$EST     NSIG=2 SIGL=6 PRINT=5 MAX=9999 NOABORT POSTHOC METHOD=COND INTER NOOBT
$COV
$TABLE  ID TIME LNDV MDV AMT EVID DOSE VI VMI KMI V2I V2 VM KM Q V3 K12 ETA1 ETA2 ETA3 ETA4 ETA5 ETA6
        IPRED IRES IWRES CWRESI
        ONEHEADER NOPRINT FILE=runODE068.csv
NM-TRAN MESSAGES
  
 WARNINGS AND ERRORS (IF ANY) FOR PROBLEM    1
             
 (WARNING  2) NM-TRAN INFERS THAT THE DATA ARE POPULATION.

License Registered to: Novartis AG
Expiration Date:    14 JAN 2026
Current Date:       19 JUL 2025
Days until program expires : 180
1NONLINEAR MIXED EFFECTS MODEL PROGRAM (NONMEM) VERSION 7.4.3
 ORIGINALLY DEVELOPED BY STUART BEAL, LEWIS SHEINER, AND ALISON BOECKMANN
 CURRENT DEVELOPERS ARE ROBERT BAUER, ICON DEVELOPMENT SOLUTIONS,
 AND ALISON BOECKMANN. IMPLEMENTATION, EFFICIENCY, AND STANDARDIZATION
 PERFORMED BY NOUS INFOSYSTEMS.

 PROBLEM NO.:         1
 Oral1_2CPT_KAV1QV2VMKM SINGLE DOSE FOCEI (120 Ind/2280 Obs) runODE068
0DATA CHECKOUT RUN:              NO
 DATA SET LOCATED ON UNIT NO.:    2
 THIS UNIT TO BE REWOUND:        NO
 NO. OF DATA RECS IN DATA SET:     2400
 NO. OF DATA ITEMS IN DATA SET:  16
 ID DATA ITEM IS DATA ITEM NO.:   1
 DEP VARIABLE IS DATA ITEM NO.:   3
 MDV DATA ITEM IS DATA ITEM NO.:  5
0INDICES PASSED TO SUBROUTINE PRED:
   7   2   6   0   0   0  16   0   0   0   0
0LABELS FOR DATA ITEMS:
 ID TIME DV LNDV MDV AMT EVID DOSE VI VMI KMI QI V2I KAI SD CMT
0(NONBLANK) LABELS FOR PRED-DEFINED ITEMS:
 VM KM V2 Q V3 K12 IPRED IRES IWRES
0FORMAT FOR DATA:
 (E3.0,3E6.0,E1.0,E5.0,E1.0,2E5.0,E6.0,E5.0,E4.0,2E5.0,2E1.0)

 TOT. NO. OF OBS RECS:     2280
 TOT. NO. OF INDIVIDUALS:      120
0LENGTH OF THETA:   7
0DEFAULT THETA BOUNDARY TEST OMITTED:    NO
0OMEGA HAS SIMPLE DIAGONAL FORM WITH DIMENSION:   6
0DEFAULT OMEGA BOUNDARY TEST OMITTED:   YES
0SIGMA HAS SIMPLE DIAGONAL FORM WITH DIMENSION:   1
0DEFAULT SIGMA BOUNDARY TEST OMITTED:    NO
0INITIAL ESTIMATE OF THETA:
 LOWER BOUND    INITIAL EST    UPPER BOUND
 -0.1000E+07     0.7100E+01     0.1000E+07
 -0.1000E+07     0.5700E+01     0.1000E+07
 -0.1000E+07     0.4500E+01     0.1000E+07
 -0.1000E+07     0.1600E+01     0.1000E+07
 -0.1000E+07     0.4100E+01     0.1000E+07
 -0.1000E+07     0.2200E+00     0.1000E+07
  0.0000E+00     0.3000E+00     0.1000E+01
0INITIAL ESTIMATE OF OMEGA:
 0.1500E+00
 0.0000E+00   0.1500E+00
 0.0000E+00   0.0000E+00   0.1500E+00
 0.0000E+00   0.0000E+00   0.0000E+00   0.1500E+00
 0.0000E+00   0.0000E+00   0.0000E+00   0.0000E+00   0.1500E+00
 0.0000E+00   0.0000E+00   0.0000E+00   0.0000E+00   0.0000E+00   0.1500E+00
0INITIAL ESTIMATE OF SIGMA:
 0.1000E+01
0SIGMA CONSTRAINED TO BE THIS INITIAL ESTIMATE
0COVARIANCE STEP OMITTED:        NO
 EIGENVLS. PRINTED:              NO
 SPECIAL COMPUTATION:            NO
 COMPRESSED FORMAT:              NO
 GRADIENT METHOD USED:     NOSLOW
 SIGDIGITS ETAHAT (SIGLO):                  -1
 SIGDIGITS GRADIENTS (SIGL):                -1
 EXCLUDE COV FOR FOCE (NOFCOV):              NO
 TURN OFF Cholesky Transposition of R Matrix (CHOLROFF): NO
 KNUTHSUMOFF:                                -1
 RESUME COV ANALYSIS (RESUME):               NO
 SIR SAMPLE SIZE (SIRSAMPLE):              -1
 NON-LINEARLY TRANSFORM THETAS DURING COV (THBND): 1
 PRECONDTIONING CYCLES (PRECOND):        0
 PRECONDTIONING TYPES (PRECONDS):        TOS
 FORCED PRECONDTIONING CYCLES (PFCOND):0
 PRECONDTIONING TYPE (PRETYPE):        0
 FORCED POS. DEFINITE SETTING: (FPOSDEF):0
0TABLES STEP OMITTED:    NO
 NO. OF TABLES:           1
 SEED NUMBER (SEED):    11456
 RANMETHOD:             3U
 MC SAMPLES (ESAMPLE):    300
 WRES SQUARE ROOT TYPE (WRESCHOL): EIGENVALUE
0-- TABLE   1 --
0RECORDS ONLY:    ALL
04 COLUMNS APPENDED:    YES
 PRINTED:                NO
 HEADERS:               ONE
 FILE TO BE FORWARDED:   NO
 FORMAT:                S1PE11.4
 LFORMAT:
 RFORMAT:
 FIXED_EFFECT_ETAS:
0USER-CHOSEN ITEMS:
 ID TIME LNDV MDV AMT EVID DOSE VI VMI KMI V2I V2 VM KM Q V3 K12 ETA1 ETA2 ETA3 ETA4 ETA5 ETA6 IPRED IRES IWRES CWRESI
1DOUBLE PRECISION PREDPP VERSION 7.4.3

 GENERAL NONLINEAR KINETICS MODEL WITH STIFF/NONSTIFF EQUATIONS (LSODA, ADVAN13)
0MODEL SUBROUTINE USER-SUPPLIED - ID NO. 9999
0MAXIMUM NO. OF BASIC PK PARAMETERS:   6
0COMPARTMENT ATTRIBUTES
 COMPT. NO.   FUNCTION   INITIAL    ON/OFF      DOSE      DEFAULT    DEFAULT
                         STATUS     ALLOWED    ALLOWED    FOR DOSE   FOR OBS.
    1         ABS          ON         YES        YES        YES        NO
    2         CENTRAL      ON         YES        YES        NO         YES
    3         PERI         ON         YES        YES        NO         NO
    4         OUTPUT       OFF        YES        NO         NO         NO
 INITIAL (BASE) TOLERANCE SETTINGS:
 NRD (RELATIVE) VALUE(S) OF TOLERANCE:   6
 ANRD (ABSOLUTE) VALUE(S) OF TOLERANCE:  12
1
 ADDITIONAL PK PARAMETERS - ASSIGNMENT OF ROWS IN GG
 COMPT. NO.                             INDICES
              SCALE      BIOAVAIL.   ZERO-ORDER  ZERO-ORDER  ABSORB
                         FRACTION    RATE        DURATION    LAG
    1            *           *           *           *           *
    2            7           *           *           *           *
    3            *           *           *           *           *
    4            *           -           -           -           -
             - PARAMETER IS NOT ALLOWED FOR THIS MODEL
             * PARAMETER IS NOT SUPPLIED BY PK SUBROUTINE;
               WILL DEFAULT TO ONE IF APPLICABLE
0DATA ITEM INDICES USED BY PRED ARE:
   EVENT ID DATA ITEM IS DATA ITEM NO.:      7
   TIME DATA ITEM IS DATA ITEM NO.:          2
   DOSE AMOUNT DATA ITEM IS DATA ITEM NO.:   6
   COMPT. NO. DATA ITEM IS DATA ITEM NO.:   16

0PK SUBROUTINE CALLED WITH EVERY EVENT RECORD.
 PK SUBROUTINE NOT CALLED AT NONEVENT (ADDITIONAL OR LAGGED) DOSE TIMES.
0ERROR SUBROUTINE CALLED WITH EVERY EVENT RECORD.
0DES SUBROUTINE USES COMPACT STORAGE MODE.
1
 
 
 #TBLN:      1
 #METH: First Order Conditional Estimation with Interaction
 
 ESTIMATION STEP OMITTED:                 NO
 ANALYSIS TYPE:                           POPULATION
 NUMBER OF SADDLE POINT RESET ITERATIONS:      0
 GRADIENT METHOD USED:               NOSLOW
 CONDITIONAL ESTIMATES USED:              YES
 CENTERED ETA:                            NO
 EPS-ETA INTERACTION:                     YES
 LAPLACIAN OBJ. FUNC.:                    NO
 NO. OF FUNCT. EVALS. ALLOWED:            9999
 NO. OF SIG. FIGURES REQUIRED:            2
 INTERMEDIATE PRINTOUT:                   YES
 ESTIMATE OUTPUT TO MSF:                  NO
 ABORT WITH PRED EXIT CODE 1:             NO
 IND. OBJ. FUNC. VALUES SORTED:           NO
 NUMERICAL DERIVATIVE
       FILE REQUEST (NUMDER):               NONE
 MAP (ETAHAT) ESTIMATION METHOD (OPTMAP):   0
 ETA HESSIAN EVALUATION METHOD (ETADER):    0
 INITIAL ETA FOR MAP ESTIMATION (MCETA):    0
 SIGDIGITS FOR MAP ESTIMATION (SIGLO):      6
 GRADIENT SIGDIGITS OF
       FIXED EFFECTS PARAMETERS (SIGL):     6
 NOPRIOR SETTING (NOPRIOR):                 OFF
 NOCOV SETTING (NOCOV):                     OFF
 DERCONT SETTING (DERCONT):                 OFF
 FINAL ETA RE-EVALUATION (FNLETA):          ON
 EXCLUDE NON-INFLUENTIAL (NON-INFL.) ETAS
       IN SHRINKAGE (ETASTYPE):             NO
 NON-INFL. ETA CORRECTION (NONINFETA):      OFF
 RAW OUTPUT FILE (FILE): runODE068.ext
 EXCLUDE TITLE (NOTITLE):                   NO
 EXCLUDE COLUMN LABELS (NOLABEL):           NO
 FORMAT FOR ADDITIONAL FILES (FORMAT):      S1PE12.5
 PARAMETER ORDER FOR OUTPUTS (ORDER):       TSOL
 WISHART PRIOR DF INTERPRETATION (WISHTYPE):0
 KNUTHSUMOFF:                               0
 INCLUDE LNTWOPI:                           NO
 INCLUDE CONSTANT TERM TO PRIOR (PRIORC):   NO
 INCLUDE CONSTANT TERM TO OMEGA (ETA) (OLNTWOPI):NO
 ADDITIONAL CONVERGENCE TEST (CTYPE=4)?:    NO
 EM OR BAYESIAN METHOD USED:                 NONE

 TOLERANCES FOR ESTIMATION/EVALUATION STEP:
 NRD (RELATIVE) VALUE(S) OF TOLERANCE:   6
 ANRD (ABSOLUTE) VALUE(S) OF TOLERANCE:  12
 TOLERANCES FOR COVARIANCE STEP:
 NRD (RELATIVE) VALUE(S) OF TOLERANCE:   6
 ANRD (ABSOLUTE) VALUE(S) OF TOLERANCE:  12
 TOLERANCES FOR TABLE/SCATTER STEP:
 NRD (RELATIVE) VALUE(S) OF TOLERANCE:   6
 ANRD (ABSOLUTE) VALUE(S) OF TOLERANCE:  12
 
 THE FOLLOWING LABELS ARE EQUIVALENT
 PRED=PREDI
 RES=RESI
 WRES=WRESI
 IWRS=IWRESI
 IPRD=IPREDI
 IRS=IRESI
 
 MONITORING OF SEARCH:

 
0ITERATION NO.:    0    OBJECTIVE VALUE:   19872.8159457189        NO. OF FUNC. EVALS.:   9
 CUMULATIVE NO. OF FUNC. EVALS.:        9
 NPARAMETR:  7.1000E+00  5.7000E+00  4.5000E+00  1.6000E+00  4.1000E+00  2.2000E-01  3.0000E-01  1.5000E-01  1.5000E-01  1.5000E-01
             1.5000E-01  1.5000E-01  1.5000E-01
 PARAMETER:  1.0000E-01  1.0000E-01  1.0000E-01  1.0000E-01  1.0000E-01  1.0000E-01  1.0000E-01  1.0000E-01  1.0000E-01  1.0000E-01
             1.0000E-01  1.0000E-01  1.0000E-01
 GRADIENT:   1.4410E+04  4.6163E+02  1.5071E+04  2.3994E+03  6.8632E+03  5.2382E+02  1.2446E+03  7.0149E+01  2.9530E+01  1.8680E+01
            -1.8998E+00  2.7487E+01  2.9700E+01
 
0ITERATION NO.:    5    OBJECTIVE VALUE:   19797.7233477383        NO. OF FUNC. EVALS.:  62
 CUMULATIVE NO. OF FUNC. EVALS.:       71
 NPARAMETR:  6.6023E+00  5.0920E+00  4.2933E+00  1.3019E+00  3.8983E+00  2.0714E-01  2.9644E-01  1.4988E-01  1.4995E-01  1.4985E-01
             1.4993E-01  1.4979E-01  1.4985E-01
 PARAMETER:  9.2990E-02  8.9333E-02  9.5406E-02  8.1368E-02  9.5080E-02  9.4154E-02  8.3012E-02  9.9585E-02  9.9843E-02  9.9512E-02
             9.9768E-02  9.9313E-02  9.9491E-02
 GRADIENT:   3.8514E+03  1.8166E+03 -1.8387E+03  4.3698E+02 -3.6171E+03  3.5744E+02  1.3207E+03  7.0469E+01  2.8845E+01  5.7837E+01
             1.8510E+01  3.8543E+01  5.1062E+01
 
0ITERATION NO.:   10    OBJECTIVE VALUE:   19328.6845449262        NO. OF FUNC. EVALS.:  98
 CUMULATIVE NO. OF FUNC. EVALS.:      169             RESET HESSIAN, TYPE I
 NPARAMETR:  6.6516E+00  5.1261E+00  4.2282E+00  1.4531E+00  4.0200E+00 -3.1453E-02  2.0057E-01  1.2280E-01  1.0100E-01  1.3271E-01
             1.0350E-01  8.9907E-02  8.7425E-02
 PARAMETER:  9.3684E-02  8.9931E-02  9.3960E-02  9.0820E-02  9.8050E-02 -1.4297E-02 -4.3545E-01 -5.5193E-05 -9.7750E-02  3.8750E-02
            -8.5532E-02 -1.5593E-01 -1.6993E-01
 GRADIENT:   1.6816E+04  2.5196E+03  4.6105E+03  3.8139E+02  6.9863E+02 -2.9551E+01 -1.3072E+01  5.1184E+01  1.3824E+01  3.1769E+01
            -2.2793E+00  2.3799E+01  7.2842E+00
 
0ITERATION NO.:   15    OBJECTIVE VALUE:   19321.0770017394        NO. OF FUNC. EVALS.: 106
 CUMULATIVE NO. OF FUNC. EVALS.:      275
 NPARAMETR:  6.5890E+00  5.0742E+00  4.2400E+00  1.4048E+00  4.0544E+00 -2.1224E-02  2.0064E-01  9.2656E-02  7.2669E-02  1.2184E-01
             1.7209E-01  7.2451E-02  8.3151E-02
 PARAMETER:  9.2803E-02  8.9021E-02  9.4222E-02  8.7798E-02  9.8887E-02 -9.6472E-03 -4.3502E-01 -1.4087E-01 -2.6236E-01 -3.9685E-03
             1.6868E-01 -2.6386E-01 -1.9499E-01
 GRADIENT:   1.3477E+04  3.2188E+03  4.7692E+03  1.2782E+01  1.0927E+03 -3.8099E+01 -2.2124E+00  7.1894E+00  1.5240E+00  1.7414E+01
             6.3495E+00  1.2233E+01  5.6274E+00
 
0ITERATION NO.:   20    OBJECTIVE VALUE:   19317.9214138286        NO. OF FUNC. EVALS.: 126
 CUMULATIVE NO. OF FUNC. EVALS.:      401
 NPARAMETR:  6.6057E+00  5.0923E+00  4.2630E+00  1.4052E+00  4.0440E+00 -9.7179E-03  2.0091E-01  8.9363E-02  6.7486E-02  1.1047E-01
             1.4532E-01  5.4354E-02  7.8517E-02
 PARAMETER:  9.3039E-02  8.9338E-02  9.4733E-02  8.7826E-02  9.8635E-02 -4.4172E-03 -4.3332E-01 -1.5896E-01 -2.9936E-01 -5.2948E-02
             8.4161E-02 -4.0756E-01 -2.2366E-01
 GRADIENT:   2.8476E+04 -5.3839E+03  2.9587E+03  1.1266E+02  1.0086E+03 -4.0725E+00 -1.5754E+01  1.8061E+00 -6.6876E-01 -4.7685E-01
            -1.6472E-01 -2.2618E-01 -1.5759E+00
 
0ITERATION NO.:   25    OBJECTIVE VALUE:   19315.3017410467        NO. OF FUNC. EVALS.: 142
 CUMULATIVE NO. OF FUNC. EVALS.:      543
 NPARAMETR:  6.6547E+00  5.1640E+00  4.2675E+00  1.4060E+00  4.0200E+00  6.7618E-03  2.0054E-01  8.2093E-02  7.1558E-02  1.1038E-01
             1.3260E-01  5.4308E-02  7.9355E-02
 PARAMETER:  9.3729E-02  9.0596E-02  9.4834E-02  8.7876E-02  9.8049E-02  3.0735E-03 -4.3564E-01 -2.0139E-01 -2.7007E-01 -5.3353E-02
             3.8363E-02 -4.0798E-01 -2.1835E-01
 GRADIENT:   2.8775E+04 -5.5177E+03  3.1813E+03  2.6065E+02  1.0146E+03  6.7896E+01 -3.1552E+01 -1.4801E+00 -1.9948E+00 -2.4129E-01
            -2.3312E+00 -8.9609E-01 -2.0358E+00
 
0ITERATION NO.:   30    OBJECTIVE VALUE:   19313.5056911683        NO. OF FUNC. EVALS.: 169
 CUMULATIVE NO. OF FUNC. EVALS.:      712             RESET HESSIAN, TYPE I
 NPARAMETR:  6.6887E+00  5.2137E+00  4.2638E+00  1.3556E+00  3.9987E+00 -2.1693E-02  2.0165E-01  8.0128E-02  8.1360E-02  1.1049E-01
             1.2953E-01  5.5546E-02  8.0856E-02
 PARAMETER:  9.4207E-02  9.1469E-02  9.4752E-02  8.4722E-02  9.7529E-02 -9.8606E-03 -4.2871E-01 -2.1350E-01 -2.0587E-01 -5.2865E-02
             2.6625E-02 -3.9671E-01 -2.0898E-01
 GRADIENT:   1.4395E+04  3.1848E+03  6.1971E+03 -2.9605E+02  5.7869E+02 -9.0856E+01  3.4306E+00  3.5000E+00  4.3841E-01 -9.9079E-03
            -2.6691E-01  5.9772E-02  4.0834E-01
 
0ITERATION NO.:   35    OBJECTIVE VALUE:   19311.9275901519        NO. OF FUNC. EVALS.: 153
 CUMULATIVE NO. OF FUNC. EVALS.:      865             RESET HESSIAN, TYPE I
 NPARAMETR:  6.7094E+00  5.2444E+00  4.2642E+00  1.3711E+00  3.9920E+00 -1.3412E-02  2.0161E-01  7.7260E-02  8.1871E-02  1.1038E-01
             1.3981E-01  5.5305E-02  8.0484E-02
 PARAMETER:  9.4498E-02  9.2007E-02  9.4761E-02  8.5694E-02  9.7365E-02 -6.0962E-03 -4.2899E-01 -2.3173E-01 -2.0274E-01 -5.3337E-02
             6.4818E-02 -3.9888E-01 -2.1129E-01
 GRADIENT:   1.4477E+04  3.3486E+03  6.3086E+03 -1.1877E+02  6.3813E+02 -4.1000E+01  3.5112E+00  1.7641E+00 -2.1765E-01 -3.0893E-01
             1.0134E+00  1.3373E-01  5.9177E-01
 
0ITERATION NO.:   40    OBJECTIVE VALUE:   19310.8988244237        NO. OF FUNC. EVALS.: 151
 CUMULATIVE NO. OF FUNC. EVALS.:     1016             RESET HESSIAN, TYPE I
 NPARAMETR:  6.7293E+00  5.2789E+00  4.2641E+00  1.3700E+00  3.9845E+00 -1.4511E-02  2.0157E-01  7.5276E-02  8.4102E-02  1.1050E-01
             1.3919E-01  5.5235E-02  8.0415E-02
 PARAMETER:  9.4778E-02  9.2612E-02  9.4757E-02  8.5627E-02  9.7183E-02 -6.5959E-03 -4.2919E-01 -2.4473E-01 -1.8930E-01 -5.2813E-02
             6.2603E-02 -3.9952E-01 -2.1172E-01
 GRADIENT:   1.4180E+04  3.6591E+03  6.3280E+03 -1.2115E+02  6.0833E+02 -4.4041E+01  2.2913E+00  1.7292E+00 -8.0280E-02 -2.3920E-01
             9.4910E-01 -1.5302E-02  4.3666E-01
 
0ITERATION NO.:   45    OBJECTIVE VALUE:   19310.0198363682        NO. OF FUNC. EVALS.: 149
 CUMULATIVE NO. OF FUNC. EVALS.:     1165
 NPARAMETR:  6.7487E+00  5.3050E+00  4.2633E+00  1.3707E+00  3.9778E+00 -1.4307E-02  2.0161E-01  7.3374E-02  8.6040E-02  1.1058E-01
             1.3715E-01  5.5416E-02  8.0573E-02
 PARAMETER:  9.5053E-02  9.3070E-02  9.4740E-02  8.5672E-02  9.7019E-02 -6.5030E-03 -4.2899E-01 -2.5753E-01 -1.7791E-01 -5.2451E-02
             5.5236E-02 -3.9788E-01 -2.1074E-01
 GRADIENT:   2.8603E+04 -5.8156E+03  2.7334E+03 -1.4818E+02  1.9407E+02 -4.3731E+01  1.1297E+00  1.7395E+00 -1.0075E-01 -1.4811E-01
             8.3307E-01  1.1800E-02  5.0253E-01
 
0ITERATION NO.:   50    OBJECTIVE VALUE:   19308.7318602281        NO. OF FUNC. EVALS.: 162
 CUMULATIVE NO. OF FUNC. EVALS.:     1327             RESET HESSIAN, TYPE I
 NPARAMETR:  6.7842E+00  5.3634E+00  4.2628E+00  1.3982E+00  3.9664E+00  5.5484E-03  2.0159E-01  6.9561E-02  8.9105E-02  1.1076E-01
             1.1437E-01  5.5639E-02  8.0033E-02
 PARAMETER:  9.5551E-02  9.4095E-02  9.4729E-02  8.7390E-02  9.6742E-02  2.5220E-03 -4.2908E-01 -2.8422E-01 -1.6041E-01 -5.1647E-02
            -3.5591E-02 -3.9588E-01 -2.1410E-01
 GRADIENT:   1.4082E+04  4.3280E+03  6.3121E+03  2.4425E+02  1.1054E+03  7.6177E+01 -5.4869E+00  1.0311E+00 -5.3729E-01 -3.4326E-02
            -2.4578E+00 -6.0912E-01 -2.1667E+00
 
0ITERATION NO.:   55    OBJECTIVE VALUE:   19307.9570616814        NO. OF FUNC. EVALS.: 140
 CUMULATIVE NO. OF FUNC. EVALS.:     1467             RESET HESSIAN, TYPE I
 NPARAMETR:  6.7953E+00  5.3746E+00  4.2625E+00  1.3823E+00  3.9589E+00 -6.6144E-03  2.0176E-01  6.8573E-02  9.0188E-02  1.1075E-01
             1.3825E-01  5.6412E-02  8.1016E-02
 PARAMETER:  9.5708E-02  9.4291E-02  9.4723E-02  8.6395E-02  9.6557E-02 -3.0065E-03 -4.2805E-01 -2.9137E-01 -1.5437E-01 -5.1693E-02
             5.9223E-02 -3.8898E-01 -2.0800E-01
 GRADIENT:   1.4557E+04  3.9918E+03  6.2455E+03  2.7138E+01  5.5142E+02  5.9828E+00  6.0619E+00  1.0113E+00 -1.3976E-01  1.3227E-01
             1.4289E+00  4.7928E-01  9.5624E-01
 
0ITERATION NO.:   60    OBJECTIVE VALUE:   19307.4508882258        NO. OF FUNC. EVALS.: 141
 CUMULATIVE NO. OF FUNC. EVALS.:     1608
 NPARAMETR:  6.8143E+00  5.4028E+00  4.2633E+00  1.3827E+00  3.9586E+00 -7.4711E-03  2.0141E-01  6.7151E-02  9.1011E-02  1.1056E-01
             1.0654E-01  5.4907E-02  7.9502E-02
 PARAMETER:  9.5976E-02  9.4787E-02  9.4739E-02  8.6420E-02  9.6552E-02 -3.3960E-03 -4.3022E-01 -3.0185E-01 -1.4983E-01 -5.2533E-02
            -7.1070E-02 -4.0250E-01 -2.1743E-01
 GRADIENT:   2.8709E+04 -5.7168E+03  2.9194E+03  9.4681E+00  7.8984E+02  9.2808E+00 -1.4841E+01  9.2363E-01 -7.4919E-01 -8.0381E-01
            -2.8877E+00 -1.5174E+00 -2.8423E+00
 
0ITERATION NO.:   65    OBJECTIVE VALUE:   19306.4516596863        NO. OF FUNC. EVALS.: 165
 CUMULATIVE NO. OF FUNC. EVALS.:     1773             RESET HESSIAN, TYPE I
 NPARAMETR:  6.8376E+00  5.4386E+00  4.2613E+00  1.3816E+00  3.9430E+00 -1.2958E-02  2.0176E-01  6.5330E-02  9.4111E-02  1.1089E-01
             1.2864E-01  5.6757E-02  8.0994E-02
 PARAMETER:  9.6304E-02  9.5414E-02  9.4697E-02  8.6349E-02  9.6171E-02 -5.8901E-03 -4.2802E-01 -3.1559E-01 -1.3308E-01 -5.1037E-02
             2.3210E-02 -3.8593E-01 -2.0813E-01
 GRADIENT:   1.4558E+04  4.3230E+03  6.2819E+03 -6.7791E+00  4.7775E+02 -1.5466E+01  3.6481E+00  1.5758E+00  5.0546E-01 -6.2912E-03
             7.4140E-01  3.0237E-01  4.5482E-01
 
0ITERATION NO.:   70    OBJECTIVE VALUE:   19306.0144780168        NO. OF FUNC. EVALS.: 149
 CUMULATIVE NO. OF FUNC. EVALS.:     1922
 NPARAMETR:  6.8519E+00  5.4593E+00  4.2611E+00  1.3820E+00  3.9377E+00 -1.4213E-02  2.0177E-01  6.4555E-02  9.4362E-02  1.1089E-01
             1.2638E-01  5.6750E-02  8.0991E-02
 PARAMETER:  9.6506E-02  9.5777E-02  9.4692E-02  8.6374E-02  9.6041E-02 -6.4606E-03 -4.2799E-01 -3.2156E-01 -1.3175E-01 -5.1028E-02
             1.4312E-02 -3.8599E-01 -2.0815E-01
 GRADIENT:   2.8525E+04 -5.7896E+03  2.7650E+03 -3.9925E+01  3.7042E+01 -2.2701E+01  1.6674E+00  1.6943E+00  5.4776E-01 -1.2110E-01
             6.2358E-01  1.9648E-01  3.1288E-01
 
0ITERATION NO.:   75    OBJECTIVE VALUE:   19305.4656318575        NO. OF FUNC. EVALS.: 159
 CUMULATIVE NO. OF FUNC. EVALS.:     2081             RESET HESSIAN, TYPE I
 NPARAMETR:  6.8742E+00  5.4868E+00  4.2600E+00  1.3886E+00  3.9338E+00 -3.2082E-03  2.0173E-01  6.2386E-02  9.3832E-02  1.1101E-01
             1.2159E-01  5.6633E-02  8.0870E-02
 PARAMETER:  9.6820E-02  9.6260E-02  9.4667E-02  8.6786E-02  9.5947E-02 -1.4583E-03 -4.2820E-01 -3.3865E-01 -1.3457E-01 -5.0496E-02
            -4.9841E-03 -3.8703E-01 -2.0890E-01
 GRADIENT:   1.5353E+04  4.2934E+03  6.1671E+03  9.3393E+01  8.5340E+02  3.9598E+01 -6.1617E-01  2.1412E-01 -7.8517E-01  1.0950E-01
            -1.0666E-01 -2.9371E-01 -4.5220E-01
 
0ITERATION NO.:   80    OBJECTIVE VALUE:   19305.0410533679        NO. OF FUNC. EVALS.: 147
 CUMULATIVE NO. OF FUNC. EVALS.:     2228
 NPARAMETR:  6.8904E+00  5.5109E+00  4.2597E+00  1.3899E+00  3.9279E+00 -3.7469E-03  2.0176E-01  6.1006E-02  9.5161E-02  1.1109E-01
             1.1782E-01  5.6954E-02  8.0852E-02
 PARAMETER:  9.7048E-02  9.6682E-02  9.4659E-02  8.6869E-02  9.5803E-02 -1.7031E-03 -4.2803E-01 -3.4983E-01 -1.2753E-01 -5.0126E-02
            -2.0749E-02 -3.8420E-01 -2.0901E-01
 GRADIENT:   2.9088E+04 -5.9877E+03  2.6441E+03  7.3694E+01  4.2009E+02  3.6516E+01 -2.1718E+00  9.2508E-02 -7.1957E-01  9.9918E-02
            -3.0396E-01 -3.1318E-01 -7.1141E-01
 
0ITERATION NO.:   85    OBJECTIVE VALUE:   19304.8098035826        NO. OF FUNC. EVALS.: 155
 CUMULATIVE NO. OF FUNC. EVALS.:     2383
 NPARAMETR:  6.8971E+00  5.5215E+00  4.2604E+00  1.3822E+00  3.9252E+00 -1.3596E-02  2.0170E-01  6.0915E-02  9.6569E-02  1.1098E-01
             1.1456E-01  5.6715E-02  8.0651E-02
 PARAMETER:  9.7142E-02  9.6869E-02  9.4675E-02  8.6386E-02  9.5737E-02 -6.1802E-03 -4.2843E-01 -3.5057E-01 -1.2019E-01 -5.0665E-02
            -3.4773E-02 -3.8630E-01 -2.1025E-01
 GRADIENT:   2.9026E+04 -5.9944E+03  2.7829E+03 -3.6278E+01  3.1349E+02 -1.1376E+01 -4.6012E+00  9.3594E-01  2.7992E-02 -3.5361E-01
            -4.4930E-01 -5.3596E-01 -8.9236E-01
 
0ITERATION NO.:   90    OBJECTIVE VALUE:   19304.4932682456        NO. OF FUNC. EVALS.: 149
 CUMULATIVE NO. OF FUNC. EVALS.:     2532
 NPARAMETR:  6.9128E+00  5.5465E+00  4.2609E+00  1.3763E+00  3.9177E+00 -1.8242E-02  2.0177E-01  5.9697E-02  9.7502E-02  1.1101E-01
             1.1545E-01  5.7419E-02  8.1242E-02
 PARAMETER:  9.7363E-02  9.7308E-02  9.4688E-02  8.6018E-02  9.5555E-02 -8.2917E-03 -4.2795E-01 -3.6068E-01 -1.1538E-01 -5.0509E-02
            -3.0880E-02 -3.8013E-01 -2.0660E-01
 GRADIENT:   2.8783E+04 -5.9371E+03  2.8322E+03 -9.7953E+01  1.3236E+02 -3.6429E+01 -1.7751E+00  6.8653E-01  1.6363E-01 -2.8957E-01
             7.3077E-02 -2.2465E-01 -6.2891E-02
 
0ITERATION NO.:   95    OBJECTIVE VALUE:   19304.1821670067        NO. OF FUNC. EVALS.: 163
 CUMULATIVE NO. OF FUNC. EVALS.:     2695             RESET HESSIAN, TYPE I
 NPARAMETR:  6.9259E+00  5.5645E+00  4.2595E+00  1.3895E+00  3.9135E+00 -6.6144E-03  2.0183E-01  5.8631E-02  9.7571E-02  1.1114E-01
             1.1259E-01  5.7897E-02  8.1290E-02
 PARAMETER:  9.7547E-02  9.7623E-02  9.4656E-02  8.6844E-02  9.5450E-02 -3.0066E-03 -4.2757E-01 -3.6968E-01 -1.1503E-01 -4.9906E-02
            -4.3438E-02 -3.7598E-01 -2.0631E-01
 GRADIENT:   1.5215E+04  4.7401E+03  6.2261E+03  9.2059E+01  6.8982E+02  3.0585E+01  2.6528E-02  3.0095E-01 -2.3879E-01 -7.3234E-02
            -1.5653E-01 -1.8542E-01 -3.9074E-01
 
0ITERATION NO.:  100    OBJECTIVE VALUE:   19304.0509103577        NO. OF FUNC. EVALS.: 141
 CUMULATIVE NO. OF FUNC. EVALS.:     2836
 NPARAMETR:  6.9349E+00  5.5778E+00  4.2589E+00  1.3928E+00  3.9105E+00 -4.8969E-03  2.0185E-01  5.7943E-02  9.7592E-02  1.1124E-01
             1.1313E-01  5.8036E-02  8.1390E-02
 PARAMETER:  9.7675E-02  9.7857E-02  9.4641E-02  8.7050E-02  9.5377E-02 -2.2258E-03 -4.2747E-01 -3.7559E-01 -1.1492E-01 -4.9467E-02
            -4.1057E-02 -3.7478E-01 -2.0569E-01
 GRADIENT:   2.8865E+04 -5.9062E+03  2.6570E+03  9.5885E+01  2.8073E+02  3.7832E+01 -8.3441E-01 -3.1997E-02 -4.6288E-01  4.6856E-02
            -9.7406E-03 -1.6332E-01 -3.4138E-01
 
0ITERATION NO.:  105    OBJECTIVE VALUE:   19303.7543626914        NO. OF FUNC. EVALS.: 166
 CUMULATIVE NO. OF FUNC. EVALS.:     3002             RESET HESSIAN, TYPE I
 NPARAMETR:  6.9501E+00  5.5954E+00  4.2583E+00  1.3815E+00  3.9021E+00 -1.7000E-02  2.0197E-01  5.7269E-02  9.8955E-02  1.1140E-01
             1.1264E-01  5.9170E-02  8.1960E-02
 PARAMETER:  9.7889E-02  9.8164E-02  9.4629E-02  8.6345E-02  9.5173E-02 -7.7271E-03 -4.2671E-01 -3.8144E-01 -1.0799E-01 -4.8773E-02
            -4.3223E-02 -3.6511E-01 -2.0220E-01
 GRADIENT:   1.5640E+04  4.6068E+03  6.1778E+03 -3.4373E+01  3.8999E+02 -1.9196E+01  4.5908E+00  6.5422E-01  3.4280E-01  2.4452E-01
             6.7969E-01  4.6849E-01  6.8329E-01
 
0ITERATION NO.:  110    OBJECTIVE VALUE:   19303.6451890640        NO. OF FUNC. EVALS.: 151
 CUMULATIVE NO. OF FUNC. EVALS.:     3153             RESET HESSIAN, TYPE I
 NPARAMETR:  6.9568E+00  5.6084E+00  4.2589E+00  1.3818E+00  3.8998E+00 -1.9458E-02  2.0194E-01  5.6820E-02  9.9388E-02  1.1132E-01
             1.1036E-01  5.9060E-02  8.1850E-02
 PARAMETER:  9.7983E-02  9.8393E-02  9.4642E-02  8.6359E-02  9.5118E-02 -8.8446E-03 -4.2694E-01 -3.8537E-01 -1.0580E-01 -4.9108E-02
            -5.3450E-02 -3.6604E-01 -2.0287E-01
 GRADIENT:   1.5315E+04  4.8338E+03  6.2837E+03 -3.9388E+01  3.7204E+02 -2.8775E+01  3.0145E+00  5.7551E-01  4.0965E-01 -6.0376E-02
             5.2992E-01  2.5903E-01  4.0770E-01
 
0ITERATION NO.:  115    OBJECTIVE VALUE:   19303.5580567103        NO. OF FUNC. EVALS.: 146
 CUMULATIVE NO. OF FUNC. EVALS.:     3299
 NPARAMETR:  6.9636E+00  5.6174E+00  4.2585E+00  1.3796E+00  3.8976E+00 -2.0324E-02  2.0194E-01  5.6385E-02  9.9622E-02  1.1137E-01
             1.0720E-01  5.9264E-02  8.1969E-02
 PARAMETER:  9.8079E-02  9.8551E-02  9.4634E-02  8.6227E-02  9.5063E-02 -9.2380E-03 -4.2689E-01 -3.8921E-01 -1.0463E-01 -4.8898E-02
            -6.7980E-02 -3.6432E-01 -2.0215E-01
 GRADIENT:   2.9021E+04 -6.1059E+03  2.7214E+03 -9.1219E+01 -1.7233E+01 -3.6964E+01  1.2431E+00  5.2651E-01  3.5968E-01 -4.2766E-02
             3.8939E-01  1.7108E-01  3.7690E-01
 
0ITERATION NO.:  120    OBJECTIVE VALUE:   19303.3273607084        NO. OF FUNC. EVALS.: 164
 CUMULATIVE NO. OF FUNC. EVALS.:     3463             RESET HESSIAN, TYPE I
 NPARAMETR:  6.9758E+00  5.6338E+00  4.2576E+00  1.3910E+00  3.8906E+00 -1.3615E-02  2.0212E-01  5.5303E-02  9.9717E-02  1.1175E-01
             1.0379E-01  6.1748E-02  8.2775E-02
 PARAMETER:  9.8250E-02  9.8839E-02  9.4614E-02  8.6937E-02  9.4892E-02 -6.1885E-03 -4.2577E-01 -3.9890E-01 -1.0415E-01 -4.7206E-02
            -8.4120E-02 -3.4379E-01 -1.9726E-01
 GRADIENT:   1.5380E+04  4.9251E+03  6.1762E+03  5.3379E+01  3.2184E+02  4.5843E+00  7.7119E+00  2.0751E-01  1.1922E-01  5.9649E-01
             8.1274E-01  1.1960E+00  1.2130E+00
 
0ITERATION NO.:  125    OBJECTIVE VALUE:   19303.2008558484        NO. OF FUNC. EVALS.: 148
 CUMULATIVE NO. OF FUNC. EVALS.:     3611
 NPARAMETR:  6.9829E+00  5.6514E+00  4.2576E+00  1.3893E+00  3.8900E+00 -1.4117E-02  2.0203E-01  5.5413E-02  1.0116E-01  1.1161E-01
             9.8485E-02  6.0083E-02  8.2017E-02
 PARAMETER:  9.8351E-02  9.9148E-02  9.4613E-02  8.6828E-02  9.4877E-02 -6.4170E-03 -4.2635E-01 -3.9791E-01 -9.6948E-02 -4.7821E-02
            -1.1036E-01 -3.5745E-01 -2.0186E-01
 GRADIENT:   2.8338E+04 -5.7223E+03  2.6761E+03  1.9025E+01  1.5722E+01  2.4887E-01  2.0557E+00  1.0224E+00  8.4945E-01  3.6419E-03
             1.7781E-01 -9.6353E-02 -6.1622E-02
 
0ITERATION NO.:  130    OBJECTIVE VALUE:   19303.0788209401        NO. OF FUNC. EVALS.: 150
 CUMULATIVE NO. OF FUNC. EVALS.:     3761
 NPARAMETR:  6.9944E+00  5.6595E+00  4.2566E+00  1.3898E+00  3.8849E+00 -1.4129E-02  2.0202E-01  5.5410E-02  1.0289E-01  1.1161E-01
             9.4838E-02  6.0805E-02  8.2192E-02
 PARAMETER:  9.8513E-02  9.9290E-02  9.4591E-02  8.6863E-02  9.4753E-02 -6.4223E-03 -4.2640E-01 -3.9794E-01 -8.8473E-02 -4.7791E-02
            -1.2923E-01 -3.5148E-01 -2.0079E-01
 GRADIENT:   2.9256E+04 -6.1886E+03  2.5975E+03  4.6319E+00 -3.1212E+01  1.5304E+00  1.0782E+00  2.5343E+00  2.0732E+00 -1.1785E-01
             3.5149E-01 -6.0373E-02 -8.3362E-02
 
0ITERATION NO.:  135    OBJECTIVE VALUE:   19302.9711757561        NO. OF FUNC. EVALS.: 162
 CUMULATIVE NO. OF FUNC. EVALS.:     3923             RESET HESSIAN, TYPE I
 NPARAMETR:  7.0008E+00  5.6679E+00  4.2568E+00  1.3912E+00  3.8831E+00 -1.5186E-02  2.0206E-01  5.4221E-02  1.0081E-01  1.1184E-01
             8.3009E-02  6.2174E-02  8.2662E-02
 PARAMETER:  9.8603E-02  9.9437E-02  9.4596E-02  8.6949E-02  9.4709E-02 -6.9028E-03 -4.2616E-01 -4.0878E-01 -9.8675E-02 -4.6787E-02
            -1.9584E-01 -3.4035E-01 -1.9794E-01
 GRADIENT:   1.5654E+04  5.0035E+03  6.2044E+03  2.1253E+01  5.2965E+02  4.7360E+00  1.3745E+00  7.8579E-01  3.2916E-01 -1.3077E-01
            -2.5151E-01 -1.2261E-01 -1.3931E-01
 
0ITERATION NO.:  140    OBJECTIVE VALUE:   19302.8810018126        NO. OF FUNC. EVALS.: 152
 CUMULATIVE NO. OF FUNC. EVALS.:     4075
 NPARAMETR:  7.0090E+00  5.6791E+00  4.2563E+00  1.3928E+00  3.8805E+00 -1.5757E-02  2.0203E-01  5.3946E-02  1.0191E-01  1.1187E-01
             8.4147E-02  6.2288E-02  8.2636E-02
 PARAMETER:  9.8718E-02  9.9633E-02  9.4585E-02  8.7051E-02  9.4646E-02 -7.1622E-03 -4.2633E-01 -4.1132E-01 -9.3265E-02 -4.6632E-02
            -1.8904E-01 -3.3943E-01 -1.9809E-01
 GRADIENT:   2.9340E+04 -6.2373E+03  2.6737E+03  1.5865E+00  8.6681E+01  4.3993E-01 -3.8522E-01  1.2847E+00  8.7541E-01 -1.4899E-01
            -6.1587E-02 -1.0611E-01 -1.1449E-01
 
0ITERATION NO.:  145    OBJECTIVE VALUE:   19302.8185180082        NO. OF FUNC. EVALS.: 147
 CUMULATIVE NO. OF FUNC. EVALS.:     4222
 NPARAMETR:  7.0156E+00  5.6908E+00  4.2564E+00  1.3936E+00  3.8780E+00 -1.6154E-02  2.0205E-01  5.3931E-02  1.0322E-01  1.1197E-01
             8.5527E-02  6.2617E-02  8.2735E-02
 PARAMETER:  9.8811E-02  9.9838E-02  9.4587E-02  8.7097E-02  9.4585E-02 -7.3426E-03 -4.2622E-01 -4.1146E-01 -8.6909E-02 -4.6198E-02
            -1.8090E-01 -3.3680E-01 -1.9750E-01
 GRADIENT:   2.9137E+04 -6.1335E+03  2.6926E+03  1.0952E+01  2.1601E+01 -7.4472E-01  7.9115E-01  2.0374E+00  1.6794E+00  5.6776E-03
             1.5560E-01  5.2753E-02  1.2247E-01
 
0ITERATION NO.:  150    OBJECTIVE VALUE:   19302.7688802437        NO. OF FUNC. EVALS.: 146
 CUMULATIVE NO. OF FUNC. EVALS.:     4368
 NPARAMETR:  7.0215E+00  5.6951E+00  4.2560E+00  1.3928E+00  3.8768E+00 -1.6206E-02  2.0206E-01  5.3459E-02  1.0317E-01  1.1198E-01
             8.4294E-02  6.2829E-02  8.2719E-02
 PARAMETER:  9.8894E-02  9.9914E-02  9.4578E-02  8.7049E-02  9.4556E-02 -7.3665E-03 -4.2619E-01 -4.1586E-01 -8.7120E-02 -4.6148E-02
            -1.8816E-01 -3.3511E-01 -1.9759E-01
 GRADIENT:   2.9586E+04 -6.3651E+03  2.6591E+03 -4.4306E+00  7.7018E+01 -3.6579E-01  3.9813E-01  1.7878E+00  1.4178E+00 -1.6457E-02
             1.1337E-01  3.9014E-02  1.3210E-02
 
0ITERATION NO.:  155    OBJECTIVE VALUE:   19302.7216410532        NO. OF FUNC. EVALS.: 145
 CUMULATIVE NO. OF FUNC. EVALS.:     4513
 NPARAMETR:  7.0250E+00  5.7021E+00  4.2559E+00  1.3936E+00  3.8751E+00 -1.6422E-02  2.0206E-01  5.2949E-02  1.0302E-01  1.1203E-01
             8.3121E-02  6.3038E-02  8.2792E-02
 PARAMETER:  9.8944E-02  1.0004E-01  9.4575E-02  8.7100E-02  9.4516E-02 -7.4645E-03 -4.2616E-01 -4.2066E-01 -8.7843E-02 -4.5917E-02
            -1.9517E-01 -3.3345E-01 -1.9715E-01
 GRADIENT:   2.9347E+04 -6.2541E+03  2.6643E+03  2.0683E+00  5.2283E+01 -2.2906E-01  5.2488E-01  1.2779E+00  1.0661E+00 -1.7563E-02
             6.8041E-02  2.7009E-02  5.1470E-02
 
0ITERATION NO.:  160    OBJECTIVE VALUE:   19302.6676338698        NO. OF FUNC. EVALS.: 159
 CUMULATIVE NO. OF FUNC. EVALS.:     4672             RESET HESSIAN, TYPE I
 NPARAMETR:  7.0308E+00  5.7105E+00  4.2557E+00  1.3937E+00  3.8741E+00 -1.6620E-02  2.0205E-01  5.1923E-02  1.0090E-01  1.1207E-01
             8.1919E-02  6.3119E-02  8.2789E-02
 PARAMETER:  9.9025E-02  1.0018E-01  9.4570E-02  8.7106E-02  9.4489E-02 -7.5547E-03 -4.2625E-01 -4.3044E-01 -9.8264E-02 -4.5747E-02
            -2.0245E-01 -3.3281E-01 -1.9717E-01
 GRADIENT:   1.5776E+04  5.1755E+03  6.1887E+03  2.3358E+01  5.3382E+02  4.8063E+00  8.7692E-01 -5.9061E-01 -7.0294E-01 -3.5581E-02
            -2.0594E-02 -8.2552E-02 -3.5895E-02
 
0ITERATION NO.:  165    OBJECTIVE VALUE:   19302.6394694395        NO. OF FUNC. EVALS.: 141
 CUMULATIVE NO. OF FUNC. EVALS.:     4813
 NPARAMETR:  7.0344E+00  5.7157E+00  4.2555E+00  1.3940E+00  3.8728E+00 -1.6780E-02  2.0205E-01  5.1798E-02  1.0081E-01  1.1209E-01
             8.1782E-02  6.3246E-02  8.2800E-02
 PARAMETER:  9.9075E-02  1.0028E-01  9.4567E-02  8.7127E-02  9.4459E-02 -7.6274E-03 -4.2622E-01 -4.3164E-01 -9.8705E-02 -4.5647E-02
            -2.0329E-01 -3.3180E-01 -1.9710E-01
 GRADIENT:   2.9281E+04 -6.2664E+03  2.6673E+03 -1.5319E+00  1.1937E+02  6.9215E-01 -2.5295E-01 -6.2625E-01 -7.4842E-01 -3.2685E-02
             3.6979E-03 -5.9519E-02 -2.1914E-02
 
0ITERATION NO.:  170    OBJECTIVE VALUE:   19302.5966679396        NO. OF FUNC. EVALS.: 162
 CUMULATIVE NO. OF FUNC. EVALS.:     4975             RESET HESSIAN, TYPE I
 NPARAMETR:  7.0420E+00  5.7237E+00  4.2553E+00  1.3940E+00  3.8704E+00 -1.7213E-02  2.0207E-01  5.2213E-02  1.0297E-01  1.1218E-01
             8.1442E-02  6.3579E-02  8.2844E-02
 PARAMETER:  9.9183E-02  1.0042E-01  9.4561E-02  8.7128E-02  9.4401E-02 -7.8242E-03 -4.2614E-01 -4.2765E-01 -8.8116E-02 -4.5262E-02
            -2.0537E-01 -3.2918E-01 -1.9684E-01
 GRADIENT:   1.6149E+04  5.0791E+03  6.1700E+03  1.9987E+01  4.8864E+02  3.2990E+00  1.4996E+00  1.1371E+00  8.7229E-01  6.3781E-02
             5.6835E-02  5.5878E-02  3.0407E-02
 
0ITERATION NO.:  175    OBJECTIVE VALUE:   19302.5738239192        NO. OF FUNC. EVALS.: 145
 CUMULATIVE NO. OF FUNC. EVALS.:     5120             RESET HESSIAN, TYPE I
 NPARAMETR:  7.0442E+00  5.7294E+00  4.2553E+00  1.3946E+00  3.8692E+00 -1.7219E-02  2.0207E-01  5.1911E-02  1.0359E-01  1.1215E-01
             8.1109E-02  6.3642E-02  8.2857E-02
 PARAMETER:  9.9214E-02  1.0052E-01  9.4561E-02  8.7163E-02  9.4371E-02 -7.8268E-03 -4.2612E-01 -4.3055E-01 -8.5090E-02 -4.5379E-02
            -2.0742E-01 -3.2868E-01 -1.9676E-01
 GRADIENT:   1.5866E+04  5.2498E+03  6.1748E+03  2.8963E+01  4.4589E+02  3.6564E+00  1.7419E+00  1.0998E+00  1.0086E+00 -3.7306E-02
             4.6536E-02  2.1642E-02  3.6701E-02
 
0ITERATION NO.:  180    OBJECTIVE VALUE:   19302.5526249241        NO. OF FUNC. EVALS.: 141
 CUMULATIVE NO. OF FUNC. EVALS.:     5261
 NPARAMETR:  7.0471E+00  5.7333E+00  4.2552E+00  1.3947E+00  3.8685E+00 -1.7307E-02  2.0207E-01  5.1575E-02  1.0322E-01  1.1217E-01
             8.0871E-02  6.3733E-02  8.2857E-02
 PARAMETER:  9.9255E-02  1.0058E-01  9.4560E-02  8.7169E-02  9.4354E-02 -7.8669E-03 -4.2614E-01 -4.3380E-01 -8.6876E-02 -4.5312E-02
            -2.0889E-01 -3.2797E-01 -1.9676E-01
 GRADIENT:   2.9400E+04 -6.3617E+03  2.6568E+03  1.7002E+00  6.1673E+01 -1.4716E-01  2.6137E-01  6.7552E-01  6.1137E-01 -3.9613E-02
             4.0038E-02  1.7554E-02  1.9494E-02
 
0ITERATION NO.:  185    OBJECTIVE VALUE:   19302.5290083667        NO. OF FUNC. EVALS.: 159
 CUMULATIVE NO. OF FUNC. EVALS.:     5420             RESET HESSIAN, TYPE I
 NPARAMETR:  7.0510E+00  5.7390E+00  4.2551E+00  1.3946E+00  3.8678E+00 -1.7408E-02  2.0206E-01  5.0936E-02  1.0197E-01  1.1221E-01
             8.0306E-02  6.3811E-02  8.2848E-02
 PARAMETER:  9.9310E-02  1.0068E-01  9.4557E-02  8.7162E-02  9.4336E-02 -7.9127E-03 -4.2618E-01 -4.4004E-01 -9.2991E-02 -4.5125E-02
            -2.1240E-01 -3.2735E-01 -1.9681E-01
 GRADIENT:   1.5894E+04  5.2928E+03  6.1785E+03  2.3855E+01  5.0970E+02  4.4306E+00  1.0613E+00 -4.5292E-01 -4.9006E-01 -7.8832E-03
            -3.5785E-03 -2.6748E-02 -3.0764E-02
 
0ITERATION NO.:  190    OBJECTIVE VALUE:   19302.5146929737        NO. OF FUNC. EVALS.: 144
 CUMULATIVE NO. OF FUNC. EVALS.:     5564
 NPARAMETR:  7.0544E+00  5.7445E+00  4.2550E+00  1.3947E+00  3.8668E+00 -1.7480E-02  2.0206E-01  5.0528E-02  1.0143E-01  1.1222E-01
             7.9904E-02  6.3827E-02  8.2886E-02
 PARAMETER:  9.9358E-02  1.0078E-01  9.4556E-02  8.7167E-02  9.4313E-02 -7.9453E-03 -4.2620E-01 -4.4405E-01 -9.5651E-02 -4.5100E-02
            -2.1491E-01 -3.2723E-01 -1.9658E-01
 GRADIENT:   2.9283E+04 -6.3388E+03  2.6622E+03 -1.8537E+00  1.2112E+02  7.4140E-01 -4.0828E-01 -1.0469E+00 -1.0469E+00 -4.0602E-02
            -2.9952E-02 -8.6688E-02 -4.8719E-03
 
0ITERATION NO.:  195    OBJECTIVE VALUE:   19302.4968821480        NO. OF FUNC. EVALS.: 159
 CUMULATIVE NO. OF FUNC. EVALS.:     5723             RESET HESSIAN, TYPE I
 NPARAMETR:  7.0585E+00  5.7480E+00  4.2549E+00  1.3947E+00  3.8653E+00 -1.7735E-02  2.0207E-01  5.1276E-02  1.0335E-01  1.1225E-01
             8.0019E-02  6.4045E-02  8.2881E-02
 PARAMETER:  9.9416E-02  1.0084E-01  9.4552E-02  8.7171E-02  9.4275E-02 -8.0615E-03 -4.2613E-01 -4.3671E-01 -8.6275E-02 -4.4953E-02
            -2.1419E-01 -3.2552E-01 -1.9662E-01
 GRADIENT:   1.6130E+04  5.2369E+03  6.1679E+03  2.2806E+01  4.7508E+02  3.5757E+00  1.3621E+00  8.4002E-01  7.0574E-01  1.1110E-04
             2.5849E-02  3.6554E-02  1.1307E-02
 
0ITERATION NO.:  200    OBJECTIVE VALUE:   19302.4866363229        NO. OF FUNC. EVALS.: 141
 CUMULATIVE NO. OF FUNC. EVALS.:     5864
 NPARAMETR:  7.0607E+00  5.7507E+00  4.2548E+00  1.3946E+00  3.8649E+00 -1.7761E-02  2.0206E-01  5.0990E-02  1.0322E-01  1.1227E-01
             7.9851E-02  6.4096E-02  8.2894E-02
 PARAMETER:  9.9446E-02  1.0089E-01  9.4552E-02  8.7163E-02  9.4266E-02 -8.0731E-03 -4.2615E-01 -4.3951E-01 -8.6902E-02 -4.4866E-02
            -2.1524E-01 -3.2512E-01 -1.9653E-01
 GRADIENT:   2.9641E+04 -6.5317E+03  2.6492E+03 -5.3695E+00  9.2631E+01 -2.9706E-01 -7.9434E-02  5.3550E-01  4.3628E-01  2.0053E-02
             1.8032E-02  2.4091E-02  1.4754E-02
 
0ITERATION NO.:  205    OBJECTIVE VALUE:   19302.4775474399        NO. OF FUNC. EVALS.: 144
 CUMULATIVE NO. OF FUNC. EVALS.:     6008
 NPARAMETR:  7.0616E+00  5.7555E+00  4.2551E+00  1.3946E+00  3.8644E+00 -1.7837E-02  2.0207E-01  5.0999E-02  1.0328E-01  1.1229E-01
             7.9818E-02  6.4142E-02  8.2897E-02
 PARAMETER:  9.9459E-02  1.0097E-01  9.4558E-02  8.7163E-02  9.4253E-02 -8.1077E-03 -4.2613E-01 -4.3941E-01 -8.6589E-02 -4.4787E-02
            -2.1544E-01 -3.2477E-01 -1.9652E-01
 GRADIENT:   2.9263E+04 -6.3487E+03  2.6765E+03  1.5994E+00  6.8883E+01 -7.9886E-01  1.8967E-01  5.4555E-01  4.7701E-01  3.0619E-02
             6.8395E-03  1.9304E-02  3.4685E-02
 
0ITERATION NO.:  210    OBJECTIVE VALUE:   19302.4659690678        NO. OF FUNC. EVALS.: 160
 CUMULATIVE NO. OF FUNC. EVALS.:     6168             RESET HESSIAN, TYPE I
 NPARAMETR:  7.0652E+00  5.7577E+00  4.2548E+00  1.3945E+00  3.8637E+00 -1.7824E-02  2.0206E-01  5.0513E-02  1.0257E-01  1.1227E-01
             7.9558E-02  6.4137E-02  8.2899E-02
 PARAMETER:  9.9510E-02  1.0101E-01  9.4550E-02  8.7156E-02  9.4237E-02 -8.1017E-03 -4.2617E-01 -4.4420E-01 -9.0057E-02 -4.4850E-02
            -2.1707E-01 -3.2481E-01 -1.9651E-01
 GRADIENT:   1.6136E+04  5.2920E+03  6.1709E+03  1.9088E+01  5.1296E+02  4.1807E+00  9.2437E-01 -1.3683E-01 -2.0742E-01 -1.2195E-02
             3.1322E-03 -3.3280E-02  1.9770E-03
 
0ITERATION NO.:  215    OBJECTIVE VALUE:   19302.4601762164        NO. OF FUNC. EVALS.: 141
 CUMULATIVE NO. OF FUNC. EVALS.:     6309
 NPARAMETR:  7.0669E+00  5.7599E+00  4.2547E+00  1.3946E+00  3.8632E+00 -1.7912E-02  2.0206E-01  5.0515E-02  1.0252E-01  1.1229E-01
             7.9137E-02  6.4191E-02  8.2880E-02
 PARAMETER:  9.9534E-02  1.0105E-01  9.4549E-02  8.7162E-02  9.4223E-02 -8.1419E-03 -4.2616E-01 -4.4418E-01 -9.0275E-02 -4.4788E-02
            -2.1973E-01 -3.2439E-01 -1.9662E-01
 GRADIENT:   2.9599E+04 -6.5385E+03  2.6517E+03 -6.5042E+00  1.1190E+02  5.7054E-02 -3.9640E-01 -8.3366E-02 -1.8430E-01 -1.9505E-02
            -3.3000E-02 -3.2570E-02 -4.2628E-02
 
0ITERATION NO.:  218    OBJECTIVE VALUE:   19302.4571865674        NO. OF FUNC. EVALS.:  89
 CUMULATIVE NO. OF FUNC. EVALS.:     6398
 NPARAMETR:  7.0667E+00  5.7625E+00  4.2547E+00  1.3954E+00  3.8623E+00 -1.7948E-02  2.0208E-01  5.0585E-02  1.0284E-01  1.1230E-01
             7.9612E-02  6.4243E-02  8.2907E-02
 PARAMETER:  9.9531E-02  1.0110E-01  9.4549E-02  8.7214E-02  9.4202E-02 -8.1580E-03 -4.2608E-01 -4.4349E-01 -8.8741E-02 -4.4719E-02
            -2.1673E-01 -3.2398E-01 -1.9646E-01
 GRADIENT:  -2.9029E+02  2.2436E+01  2.6506E+00  5.4653E+00 -2.1949E+01  7.0138E-02  4.0780E-01  9.4733E-02  6.5804E-02 -3.7413E-03
             3.0342E-02  9.4513E-03  4.1144E-02
 
 #TERM:
0MINIMIZATION SUCCESSFUL
 HOWEVER, PROBLEMS OCCURRED WITH THE MINIMIZATION.
 REGARD THE RESULTS OF THE ESTIMATION STEP CAREFULLY, AND ACCEPT THEM ONLY
 AFTER CHECKING THAT THE COVARIANCE STEP PRODUCES REASONABLE OUTPUT.
 NO. OF FUNCTION EVALUATIONS USED:     6398
 NO. OF SIG. DIGITS IN FINAL EST.:  2.1

 ETABAR IS THE ARITHMETIC MEAN OF THE ETA-ESTIMATES,
 AND THE P-VALUE IS GIVEN FOR THE NULL HYPOTHESIS THAT THE TRUE MEAN IS 0.
 
 ETABAR:         6.1804E-03 -7.9265E-03 -8.0537E-03  8.7847E-03 -8.4948E-03 -1.0202E-02
 SE:             1.3976E-02  1.9198E-02  2.9171E-02  1.0530E-02  1.3972E-02  2.1193E-02
 N:                     120         120         120         120         120         120
 
 P VAL.:         6.5833E-01  6.7969E-01  7.8248E-01  4.0413E-01  5.4319E-01  6.3024E-01
 
 ETASHRINKSD(%)  3.1644E+01  3.4147E+01  4.2447E+00  5.8947E+01  3.9361E+01  1.9034E+01
 ETASHRINKVR(%)  5.3275E+01  5.6633E+01  8.3092E+00  8.3147E+01  6.3230E+01  3.4444E+01
 EBVSHRINKSD(%)  3.1011E+01  3.4112E+01  4.8560E+00  5.8711E+01  3.9947E+01  1.9025E+01
 EBVSHRINKVR(%)  5.2405E+01  5.6587E+01  9.4762E+00  8.2952E+01  6.3937E+01  3.4431E+01
 EPSSHRINKSD(%)  7.5672E+00
 EPSSHRINKVR(%)  1.4562E+01
 
  
 TOTAL DATA POINTS NORMALLY DISTRIBUTED (N):         2280
 N*LOG(2PI) CONSTANT TO OBJECTIVE FUNCTION:    4190.35971141331     
 OBJECTIVE FUNCTION VALUE WITHOUT CONSTANT:    19302.4571865674     
 OBJECTIVE FUNCTION VALUE WITH CONSTANT:       23492.8168979807     
 REPORTED OBJECTIVE FUNCTION DOES NOT CONTAIN CONSTANT
  
 TOTAL EFFECTIVE ETAS (NIND*NETA):                           720
  
 #TERE:
 Elapsed estimation  time in seconds:  7782.68
 Elapsed covariance  time in seconds:   212.19
 Elapsed postprocess time in seconds:     1.73
1
 
 
 
 
 
 
 
 
 
 
 
 
 
 
 
 
 
 
 
 
 ************************************************************************************************************************
 ********************                                                                                ********************
 ********************               FIRST ORDER CONDITIONAL ESTIMATION WITH INTERACTION              ********************
 #OBJT:**************                       MINIMUM VALUE OF OBJECTIVE FUNCTION                      ********************
 ********************                                                                                ********************
 ************************************************************************************************************************
 





 #OBJV:********************************************    19302.457       **************************************************
1
 ************************************************************************************************************************
 ********************                                                                                ********************
 ********************               FIRST ORDER CONDITIONAL ESTIMATION WITH INTERACTION              ********************
 ********************                             FINAL PARAMETER ESTIMATE                           ********************
 ********************                                                                                ********************
 ************************************************************************************************************************
 


 THETA - VECTOR OF FIXED EFFECTS PARAMETERS   *********


         TH 1      TH 2      TH 3      TH 4      TH 5      TH 6      TH 7     
 
         7.07E+00  5.76E+00  4.25E+00  1.40E+00  3.86E+00 -1.79E-02  2.02E-01
 


 OMEGA - COV MATRIX FOR RANDOM EFFECTS - ETAS  ********


         ETA1      ETA2      ETA3      ETA4      ETA5      ETA6     
 
 ETA1
+        5.06E-02
 
 ETA2
+        0.00E+00  1.03E-01
 
 ETA3
+        0.00E+00  0.00E+00  1.12E-01
 
 ETA4
+        0.00E+00  0.00E+00  0.00E+00  7.96E-02
 
 ETA5
+        0.00E+00  0.00E+00  0.00E+00  0.00E+00  6.42E-02
 
 ETA6
+        0.00E+00  0.00E+00  0.00E+00  0.00E+00  0.00E+00  8.29E-02
 


 SIGMA - COV MATRIX FOR RANDOM EFFECTS - EPSILONS  ****


         EPS1     
 
 EPS1
+        1.00E+00
 
1


 OMEGA - CORR MATRIX FOR RANDOM EFFECTS - ETAS  *******


         ETA1      ETA2      ETA3      ETA4      ETA5      ETA6     
 
 ETA1
+        2.25E-01
 
 ETA2
+        0.00E+00  3.21E-01
 
 ETA3
+        0.00E+00  0.00E+00  3.35E-01
 
 ETA4
+        0.00E+00  0.00E+00  0.00E+00  2.82E-01
 
 ETA5
+        0.00E+00  0.00E+00  0.00E+00  0.00E+00  2.53E-01
 
 ETA6
+        0.00E+00  0.00E+00  0.00E+00  0.00E+00  0.00E+00  2.88E-01
 


 SIGMA - CORR MATRIX FOR RANDOM EFFECTS - EPSILONS  ***


         EPS1     
 
 EPS1
+        1.00E+00
 
1
 ************************************************************************************************************************
 ********************                                                                                ********************
 ********************               FIRST ORDER CONDITIONAL ESTIMATION WITH INTERACTION              ********************
 ********************                            STANDARD ERROR OF ESTIMATE                          ********************
 ********************                                                                                ********************
 ************************************************************************************************************************
 


 THETA - VECTOR OF FIXED EFFECTS PARAMETERS   *********


         TH 1      TH 2      TH 3      TH 4      TH 5      TH 6      TH 7     
 
         1.31E-01  1.84E-01  3.77E-02  9.60E-02  5.96E-02  4.10E-02  3.87E-03
 


 OMEGA - COV MATRIX FOR RANDOM EFFECTS - ETAS  ********


         ETA1      ETA2      ETA3      ETA4      ETA5      ETA6     
 
 ETA1
+        2.48E-02
 
 ETA2
+       .........  4.23E-02
 
 ETA3
+       ......... .........  1.53E-02
 
 ETA4
+       ......... ......... .........  4.49E-02
 
 ETA5
+       ......... ......... ......... .........  2.45E-02
 
 ETA6
+       ......... ......... ......... ......... .........  1.83E-02
 


 SIGMA - COV MATRIX FOR RANDOM EFFECTS - EPSILONS  ****


         EPS1     
 
 EPS1
+       .........
 
1


 OMEGA - CORR MATRIX FOR RANDOM EFFECTS - ETAS  *******


         ETA1      ETA2      ETA3      ETA4      ETA5      ETA6     
 
 ETA1
+        5.52E-02
 
 ETA2
+       .........  6.60E-02
 
 ETA3
+       ......... .........  2.29E-02
 
 ETA4
+       ......... ......... .........  7.96E-02
 
 ETA5
+       ......... ......... ......... .........  4.83E-02
 
 ETA6
+       ......... ......... ......... ......... .........  3.18E-02
 


 SIGMA - CORR MATRIX FOR RANDOM EFFECTS - EPSILONS  ***


         EPS1     
 
 EPS1
+       .........
 
1
 ************************************************************************************************************************
 ********************                                                                                ********************
 ********************               FIRST ORDER CONDITIONAL ESTIMATION WITH INTERACTION              ********************
 ********************                          COVARIANCE MATRIX OF ESTIMATE                         ********************
 ********************                                                                                ********************
 ************************************************************************************************************************
 

            TH 1      TH 2      TH 3      TH 4      TH 5      TH 6      TH 7      OM11      OM12      OM13      OM14      OM15  
             OM16      OM22      OM23      OM24      OM25      OM26      OM33      OM34      OM35      OM36      OM44      OM45  
            OM46      OM55      OM56      OM66      SG11  
 
 TH 1
+        1.71E-02
 
 TH 2
+        2.33E-02  3.40E-02
 
 TH 3
+       -3.53E-04 -4.11E-04  1.42E-03
 
 TH 4
+        1.65E-03  1.39E-03 -1.79E-03  9.22E-03
 
 TH 5
+       -5.16E-03 -6.85E-03 -2.06E-04  7.27E-04  3.55E-03
 
 TH 6
+       -4.67E-04 -5.51E-04  6.43E-04 -2.32E-03 -3.67E-04  1.68E-03
 
 TH 7
+        5.97E-05  6.48E-05  1.48E-06 -1.28E-05 -1.41E-05 -1.27E-05  1.50E-05
 
 OM11
+       -1.33E-03 -1.92E-03 -5.67E-05 -3.50E-04  3.53E-04  3.35E-05 -6.72E-06  6.16E-04
 
 OM12
+       ......... ......... ......... ......... ......... ......... ......... ......... .........
 
 OM13
+       ......... ......... ......... ......... ......... ......... ......... ......... ......... .........
 
 OM14
+       ......... ......... ......... ......... ......... ......... ......... ......... ......... ......... .........
 
 OM15
+       ......... ......... ......... ......... ......... ......... ......... ......... ......... ......... ......... .........
 
 OM16
+       ......... ......... ......... ......... ......... ......... ......... ......... ......... ......... ......... .........
         .........
 
 OM22
+        1.56E-03  2.37E-03  2.33E-04  1.61E-04 -1.29E-04  1.14E-04 -4.29E-06 -7.68E-04 ......... ......... ......... .........
         .........  1.79E-03
 
 OM23
+       ......... ......... ......... ......... ......... ......... ......... ......... ......... ......... ......... .........
         ......... ......... .........
 
 OM24
+       ......... ......... ......... ......... ......... ......... ......... ......... ......... ......... ......... .........
         ......... ......... ......... .........
 
 OM25
+       ......... ......... ......... ......... ......... ......... ......... ......... ......... ......... ......... .........
         ......... ......... ......... ......... .........
 
 OM26
+       ......... ......... ......... ......... ......... ......... ......... ......... ......... ......... ......... .........
         ......... ......... ......... ......... ......... .........
 
 OM33
+       -3.35E-04 -4.02E-04 -9.84E-05  5.26E-06  8.47E-05 -5.10E-05  6.48E-06  7.02E-05 ......... ......... ......... .........
         ......... -1.66E-04 ......... ......... ......... .........  2.35E-04
 
1

            TH 1      TH 2      TH 3      TH 4      TH 5      TH 6      TH 7      OM11      OM12      OM13      OM14      OM15  
             OM16      OM22      OM23      OM24      OM25      OM26      OM33      OM34      OM35      OM36      OM44      OM45  
            OM46      OM55      OM56      OM66      SG11  
 
 OM34
+       ......... ......... ......... ......... ......... ......... ......... ......... ......... ......... ......... .........
         ......... ......... ......... ......... ......... ......... ......... .........
 
 OM35
+       ......... ......... ......... ......... ......... ......... ......... ......... ......... ......... ......... .........
         ......... ......... ......... ......... ......... ......... ......... ......... .........
 
 OM36
+       ......... ......... ......... ......... ......... ......... ......... ......... ......... ......... ......... .........
         ......... ......... ......... ......... ......... ......... ......... ......... ......... .........
 
 OM44
+       -1.51E-03 -1.55E-03  7.66E-05 -6.62E-04  8.58E-04  1.99E-04 -1.35E-05  1.05E-04 ......... ......... ......... .........
         ......... -2.48E-04 ......... ......... ......... .........  5.60E-05 ......... ......... .........  2.02E-03
 
 OM45
+       ......... ......... ......... ......... ......... ......... ......... ......... ......... ......... ......... .........
         ......... ......... ......... ......... ......... ......... ......... ......... ......... ......... ......... .........
 
 OM46
+       ......... ......... ......... ......... ......... ......... ......... ......... ......... ......... ......... .........
         ......... ......... ......... ......... ......... ......... ......... ......... ......... ......... ......... .........
        .........
 
 OM55
+        7.74E-04  1.05E-03 -4.64E-05  5.20E-04 -2.93E-04 -3.46E-05 -9.93E-06 -1.77E-04 ......... ......... ......... .........
         .........  2.59E-04 ......... ......... ......... ......... -6.24E-05 ......... ......... ......... -4.08E-04 .........
        .........  6.00E-04
 
 OM56
+       ......... ......... ......... ......... ......... ......... ......... ......... ......... ......... ......... .........
         ......... ......... ......... ......... ......... ......... ......... ......... ......... ......... ......... .........
        ......... ......... .........
 
 OM66
+        1.17E-04  1.57E-04 -3.82E-05  2.73E-05 -4.61E-05 -1.01E-04  8.56E-06  5.74E-06 ......... ......... ......... .........
         ......... -5.41E-05 ......... ......... ......... ......... -1.85E-05 ......... ......... ......... -7.44E-05 .........
        .........  1.13E-05 .........  3.34E-04
 
 SG11
+       ......... ......... ......... ......... ......... ......... ......... ......... ......... ......... ......... .........
         ......... ......... ......... ......... ......... ......... ......... ......... ......... ......... ......... .........
        ......... ......... ......... ......... .........
 
1
 ************************************************************************************************************************
 ********************                                                                                ********************
 ********************               FIRST ORDER CONDITIONAL ESTIMATION WITH INTERACTION              ********************
 ********************                          CORRELATION MATRIX OF ESTIMATE                        ********************
 ********************                                                                                ********************
 ************************************************************************************************************************
 

            TH 1      TH 2      TH 3      TH 4      TH 5      TH 6      TH 7      OM11      OM12      OM13      OM14      OM15  
             OM16      OM22      OM23      OM24      OM25      OM26      OM33      OM34      OM35      OM36      OM44      OM45  
            OM46      OM55      OM56      OM66      SG11  
 
 TH 1
+        1.31E-01
 
 TH 2
+        9.69E-01  1.84E-01
 
 TH 3
+       -7.17E-02 -5.91E-02  3.77E-02
 
 TH 4
+        1.31E-01  7.88E-02 -4.95E-01  9.60E-02
 
 TH 5
+       -6.63E-01 -6.24E-01 -9.16E-02  1.27E-01  5.96E-02
 
 TH 6
+       -8.73E-02 -7.29E-02  4.16E-01 -5.89E-01 -1.50E-01  4.10E-02
 
 TH 7
+        1.18E-01  9.08E-02  1.01E-02 -3.45E-02 -6.10E-02 -8.03E-02  3.87E-03
 
 OM11
+       -4.10E-01 -4.21E-01 -6.06E-02 -1.47E-01  2.39E-01  3.29E-02 -7.00E-02  2.48E-02
 
 OM12
+       ......... ......... ......... ......... ......... ......... ......... ......... .........
 
 OM13
+       ......... ......... ......... ......... ......... ......... ......... ......... ......... .........
 
 OM14
+       ......... ......... ......... ......... ......... ......... ......... ......... ......... ......... .........
 
 OM15
+       ......... ......... ......... ......... ......... ......... ......... ......... ......... ......... ......... .........
 
 OM16
+       ......... ......... ......... ......... ......... ......... ......... ......... ......... ......... ......... .........
         .........
 
 OM22
+        2.82E-01  3.04E-01  1.46E-01  3.96E-02 -5.12E-02  6.55E-02 -2.62E-02 -7.31E-01 ......... ......... ......... .........
         .........  4.23E-02
 
 OM23
+       ......... ......... ......... ......... ......... ......... ......... ......... ......... ......... ......... .........
         ......... ......... .........
 
 OM24
+       ......... ......... ......... ......... ......... ......... ......... ......... ......... ......... ......... .........
         ......... ......... ......... .........
 
 OM25
+       ......... ......... ......... ......... ......... ......... ......... ......... ......... ......... ......... .........
         ......... ......... ......... ......... .........
 
 OM26
+       ......... ......... ......... ......... ......... ......... ......... ......... ......... ......... ......... .........
         ......... ......... ......... ......... ......... .........
 
 OM33
+       -1.68E-01 -1.42E-01 -1.70E-01  3.58E-03  9.28E-02 -8.12E-02  1.09E-01  1.85E-01 ......... ......... ......... .........
         ......... -2.56E-01 ......... ......... ......... .........  1.53E-02
 
1

            TH 1      TH 2      TH 3      TH 4      TH 5      TH 6      TH 7      OM11      OM12      OM13      OM14      OM15  
             OM16      OM22      OM23      OM24      OM25      OM26      OM33      OM34      OM35      OM36      OM44      OM45  
            OM46      OM55      OM56      OM66      SG11  
 
 OM34
+       ......... ......... ......... ......... ......... ......... ......... ......... ......... ......... ......... .........
         ......... ......... ......... ......... ......... ......... ......... .........
 
 OM35
+       ......... ......... ......... ......... ......... ......... ......... ......... ......... ......... ......... .........
         ......... ......... ......... ......... ......... ......... ......... ......... .........
 
 OM36
+       ......... ......... ......... ......... ......... ......... ......... ......... ......... ......... ......... .........
         ......... ......... ......... ......... ......... ......... ......... ......... ......... .........
 
 OM44
+       -2.57E-01 -1.87E-01  4.52E-02 -1.53E-01  3.21E-01  1.08E-01 -7.76E-02  9.39E-02 ......... ......... ......... .........
         ......... -1.30E-01 ......... ......... ......... .........  8.14E-02 ......... ......... .........  4.49E-02
 
 OM45
+       ......... ......... ......... ......... ......... ......... ......... ......... ......... ......... ......... .........
         ......... ......... ......... ......... ......... ......... ......... ......... ......... ......... ......... .........
 
 OM46
+       ......... ......... ......... ......... ......... ......... ......... ......... ......... ......... ......... .........
         ......... ......... ......... ......... ......... ......... ......... ......... ......... ......... ......... .........
        .........
 
 OM55
+        2.42E-01  2.32E-01 -5.02E-02  2.21E-01 -2.01E-01 -3.44E-02 -1.05E-01 -2.92E-01 ......... ......... ......... .........
         .........  2.50E-01 ......... ......... ......... ......... -1.66E-01 ......... ......... ......... -3.70E-01 .........
        .........  2.45E-02
 
 OM56
+       ......... ......... ......... ......... ......... ......... ......... ......... ......... ......... ......... .........
         ......... ......... ......... ......... ......... ......... ......... ......... ......... ......... ......... .........
        ......... ......... .........
 
 OM66
+        4.89E-02  4.64E-02 -5.54E-02  1.56E-02 -4.23E-02 -1.35E-01  1.21E-01  1.26E-02 ......... ......... ......... .........
         ......... -6.99E-02 ......... ......... ......... ......... -6.61E-02 ......... ......... ......... -9.06E-02 .........
        .........  2.53E-02 .........  1.83E-02
 
 SG11
+       ......... ......... ......... ......... ......... ......... ......... ......... ......... ......... ......... .........
         ......... ......... ......... ......... ......... ......... ......... ......... ......... ......... ......... .........
        ......... ......... ......... ......... .........
 
1
 ************************************************************************************************************************
 ********************                                                                                ********************
 ********************               FIRST ORDER CONDITIONAL ESTIMATION WITH INTERACTION              ********************
 ********************                      INVERSE COVARIANCE MATRIX OF ESTIMATE                     ********************
 ********************                                                                                ********************
 ************************************************************************************************************************
 

            TH 1      TH 2      TH 3      TH 4      TH 5      TH 6      TH 7      OM11      OM12      OM13      OM14      OM15  
             OM16      OM22      OM23      OM24      OM25      OM26      OM33      OM34      OM35      OM36      OM44      OM45  
            OM46      OM55      OM56      OM66      SG11  
 
 TH 1
+        1.27E+03
 
 TH 2
+       -8.04E+02  5.70E+02
 
 TH 3
+       -8.93E+00  3.61E+01  1.03E+03
 
 TH 4
+       -1.41E+02  8.76E+01  1.64E+02  2.29E+02
 
 TH 5
+        2.77E+02 -5.35E+01  4.84E+01 -7.77E+01  6.83E+02
 
 TH 6
+       -5.61E+01  7.33E+01 -1.31E+02  2.22E+02  1.32E+02  1.03E+03
 
 TH 7
+       -1.45E+03  7.48E+02 -3.24E+02  4.40E+02 -6.11E+02  6.67E+02  7.48E+04
 
 OM11
+       -3.60E+01  6.46E+01  8.26E+01  1.55E+02 -3.69E+02 -9.46E+01  2.47E+03  4.34E+03
 
 OM12
+       ......... ......... ......... ......... ......... ......... ......... ......... .........
 
 OM13
+       ......... ......... ......... ......... ......... ......... ......... ......... ......... .........
 
 OM14
+       ......... ......... ......... ......... ......... ......... ......... ......... ......... ......... .........
 
 OM15
+       ......... ......... ......... ......... ......... ......... ......... ......... ......... ......... ......... .........
 
 OM16
+       ......... ......... ......... ......... ......... ......... ......... ......... ......... ......... ......... .........
         .........
 
 OM22
+        1.81E+01 -7.06E+01 -1.09E+02  3.87E+01 -3.14E+02 -1.21E+02  9.99E+02  1.77E+03 ......... ......... ......... .........
         .........  1.46E+03
 
 OM23
+       ......... ......... ......... ......... ......... ......... ......... ......... ......... ......... ......... .........
         ......... ......... .........
 
 OM24
+       ......... ......... ......... ......... ......... ......... ......... ......... ......... ......... ......... .........
         ......... ......... ......... .........
 
 OM25
+       ......... ......... ......... ......... ......... ......... ......... ......... ......... ......... ......... .........
         ......... ......... ......... ......... .........
 
 OM26
+       ......... ......... ......... ......... ......... ......... ......... ......... ......... ......... ......... .........
         ......... ......... ......... ......... ......... .........
 
 OM33
+        3.90E+02 -2.13E+02  3.45E+02  2.29E+01  7.09E+01  8.47E+01 -2.52E+03  1.27E+02 ......... ......... ......... .........
         .........  3.84E+02 ......... ......... ......... .........  5.00E+03
 
1

            TH 1      TH 2      TH 3      TH 4      TH 5      TH 6      TH 7      OM11      OM12      OM13      OM14      OM15  
             OM16      OM22      OM23      OM24      OM25      OM26      OM33      OM34      OM35      OM36      OM44      OM45  
            OM46      OM55      OM56      OM66      SG11  
 
 OM34
+       ......... ......... ......... ......... ......... ......... ......... ......... ......... ......... ......... .........
         ......... ......... ......... ......... ......... ......... ......... .........
 
 OM35
+       ......... ......... ......... ......... ......... ......... ......... ......... ......... ......... ......... .........
         ......... ......... ......... ......... ......... ......... ......... ......... .........
 
 OM36
+       ......... ......... ......... ......... ......... ......... ......... ......... ......... ......... ......... .........
         ......... ......... ......... ......... ......... ......... ......... ......... ......... .........
 
 OM44
+        1.88E+02 -1.45E+02  2.02E+00  1.63E+01 -1.80E+02 -9.68E+01  6.82E+02  3.30E+02 ......... ......... ......... .........
         .........  2.09E+02 ......... ......... ......... .........  4.22E+01 ......... ......... .........  7.15E+02
 
 OM45
+       ......... ......... ......... ......... ......... ......... ......... ......... ......... ......... ......... .........
         ......... ......... ......... ......... ......... ......... ......... ......... ......... ......... ......... .........
 
 OM46
+       ......... ......... ......... ......... ......... ......... ......... ......... ......... ......... ......... .........
         ......... ......... ......... ......... ......... ......... ......... ......... ......... ......... ......... .........
        .........
 
 OM55
+        1.40E+02 -1.09E+02  4.30E+00 -1.32E+02  4.89E+01 -1.61E+02  1.67E+03  4.16E+02 ......... ......... ......... .........
         ......... -1.68E+01 ......... ......... ......... .........  2.85E+02 ......... ......... .........  4.09E+02 .........
        .........  2.27E+03
 
 OM56
+       ......... ......... ......... ......... ......... ......... ......... ......... ......... ......... ......... .........
         ......... ......... ......... ......... ......... ......... ......... ......... ......... ......... ......... .........
        ......... ......... .........
 
 OM66
+        6.36E+01 -4.64E+01  6.65E+01  6.67E+01  7.57E+00  2.35E+02 -1.64E+03  1.14E+02 ......... ......... ......... .........
         .........  1.81E+02 ......... ......... ......... .........  4.37E+02 ......... ......... .........  1.05E+02 .........
        ......... -5.11E+01 .........  3.18E+03
 
 SG11
+       ......... ......... ......... ......... ......... ......... ......... ......... ......... ......... ......... .........
         ......... ......... ......... ......... ......... ......... ......... ......... ......... ......... ......... .........
        ......... ......... ......... ......... .........
 
 Elapsed finaloutput time in seconds:     0.34
1THERE ARE ERROR MESSAGES IN FILE PRDERR                                                                  
 #CPUT: Total CPU Time in Seconds,     7935.738
Stop Time:
Sat Jul 19 07:40:27 CEST 2025
