Sat Jul 19 07:40:27 CEST 2025
$PROB    Oral1_2CPT_KAV1QV2VMKM MULTIPLE DOSE FOCEI (120 Ind/2280 Obs) runODE069
$INPUT   ID TIME DV LNDV MDV AMT EVID DOSE VI VMI KMI QI V2I KAI SD CMT
$DATA    Oral_2CPTMM.csv IGNORE=@ IGNORE(SD.EQ.1)
$SUBR    ADVAN13 TOL=6
$MODEL
         COMP=(ABS,DEFDOSE)
         COMP=(CENTRAL,DEFOBS)
         COMP=(PERI)
$PK
         VM=EXP(THETA(1)+ETA(1))
         KM=EXP(THETA(2)+ETA(2))
         V2=EXP(THETA(3)+ETA(3))
         Q =EXP(THETA(4)+ETA(4))
         V3=EXP(THETA(5)+ETA(5))
         K12=EXP(THETA(6)+ETA(6))
         K23=Q/V2
         K32=Q/V3
         S2=V2
$DES
         C2     =  A(2)/V2
         DADT(1)= -K12*A(1)
         DADT(2)=  K12*A(1)+K32*A(3)-K23*A(2)-VM*C2/(KM+C2)
         DADT(3)=         -K32*A(3)+K23*A(2)
$ERROR
         IPRED = F
         RESCV = THETA(7)
         W     = IPRED*RESCV
         IRES  = DV-IPRED
         IWRES = IRES/W
         Y     = IPRED+W*EPS(1)

$THETA   7.1       ;log VM
$THETA   5.7       ;log KM
$THETA   4.5       ;log Vc
$THETA   1.6       ;log Q
$THETA   4.1       ;log Vp
$THETA   0.22      ;log KA
$THETA   (0,0.3,1) ;RSV
$OMEGA   0.15 0.15 0.15 0.15 0.15 0.15
$SIGMA   1 FIX
$EST     NSIG=2 SIGL=6 PRINT=5 MAX=9999 NOABORT POSTHOC METHOD=COND INTER NOOBT
$COV
$TABLE  ID TIME LNDV MDV AMT EVID DOSE VI VMI KMI V2I V2 VM KM Q V3 K12 ETA1 ETA2 ETA3 ETA4 ETA5 ETA6
        IPRED IRES IWRES CWRESI
        ONEHEADER NOPRINT FILE=runODE069.csv
NM-TRAN MESSAGES
  
 WARNINGS AND ERRORS (IF ANY) FOR PROBLEM    1
             
 (WARNING  2) NM-TRAN INFERS THAT THE DATA ARE POPULATION.

License Registered to: Novartis AG
Expiration Date:    14 JAN 2026
Current Date:       19 JUL 2025
Days until program expires : 180
1NONLINEAR MIXED EFFECTS MODEL PROGRAM (NONMEM) VERSION 7.4.3
 ORIGINALLY DEVELOPED BY STUART BEAL, LEWIS SHEINER, AND ALISON BOECKMANN
 CURRENT DEVELOPERS ARE ROBERT BAUER, ICON DEVELOPMENT SOLUTIONS,
 AND ALISON BOECKMANN. IMPLEMENTATION, EFFICIENCY, AND STANDARDIZATION
 PERFORMED BY NOUS INFOSYSTEMS.

 PROBLEM NO.:         1
 Oral1_2CPT_KAV1QV2VMKM MULTIPLE DOSE FOCEI (120 Ind/2280 Obs) runODE069
0DATA CHECKOUT RUN:              NO
 DATA SET LOCATED ON UNIT NO.:    2
 THIS UNIT TO BE REWOUND:        NO
 NO. OF DATA RECS IN DATA SET:     5520
 NO. OF DATA ITEMS IN DATA SET:  16
 ID DATA ITEM IS DATA ITEM NO.:   1
 DEP VARIABLE IS DATA ITEM NO.:   3
 MDV DATA ITEM IS DATA ITEM NO.:  5
0INDICES PASSED TO SUBROUTINE PRED:
   7   2   6   0   0   0  16   0   0   0   0
0LABELS FOR DATA ITEMS:
 ID TIME DV LNDV MDV AMT EVID DOSE VI VMI KMI QI V2I KAI SD CMT
0(NONBLANK) LABELS FOR PRED-DEFINED ITEMS:
 VM KM V2 Q V3 K12 IPRED IRES IWRES
0FORMAT FOR DATA:
 (E3.0,3E6.0,E1.0,E5.0,E1.0,2E5.0,E6.0,E5.0,E4.0,2E5.0,2E1.0)

 TOT. NO. OF OBS RECS:     4680
 TOT. NO. OF INDIVIDUALS:      120
0LENGTH OF THETA:   7
0DEFAULT THETA BOUNDARY TEST OMITTED:    NO
0OMEGA HAS SIMPLE DIAGONAL FORM WITH DIMENSION:   6
0DEFAULT OMEGA BOUNDARY TEST OMITTED:   YES
0SIGMA HAS SIMPLE DIAGONAL FORM WITH DIMENSION:   1
0DEFAULT SIGMA BOUNDARY TEST OMITTED:    NO
0INITIAL ESTIMATE OF THETA:
 LOWER BOUND    INITIAL EST    UPPER BOUND
 -0.1000E+07     0.7100E+01     0.1000E+07
 -0.1000E+07     0.5700E+01     0.1000E+07
 -0.1000E+07     0.4500E+01     0.1000E+07
 -0.1000E+07     0.1600E+01     0.1000E+07
 -0.1000E+07     0.4100E+01     0.1000E+07
 -0.1000E+07     0.2200E+00     0.1000E+07
  0.0000E+00     0.3000E+00     0.1000E+01
0INITIAL ESTIMATE OF OMEGA:
 0.1500E+00
 0.0000E+00   0.1500E+00
 0.0000E+00   0.0000E+00   0.1500E+00
 0.0000E+00   0.0000E+00   0.0000E+00   0.1500E+00
 0.0000E+00   0.0000E+00   0.0000E+00   0.0000E+00   0.1500E+00
 0.0000E+00   0.0000E+00   0.0000E+00   0.0000E+00   0.0000E+00   0.1500E+00
0INITIAL ESTIMATE OF SIGMA:
 0.1000E+01
0SIGMA CONSTRAINED TO BE THIS INITIAL ESTIMATE
0COVARIANCE STEP OMITTED:        NO
 EIGENVLS. PRINTED:              NO
 SPECIAL COMPUTATION:            NO
 COMPRESSED FORMAT:              NO
 GRADIENT METHOD USED:     NOSLOW
 SIGDIGITS ETAHAT (SIGLO):                  -1
 SIGDIGITS GRADIENTS (SIGL):                -1
 EXCLUDE COV FOR FOCE (NOFCOV):              NO
 TURN OFF Cholesky Transposition of R Matrix (CHOLROFF): NO
 KNUTHSUMOFF:                                -1
 RESUME COV ANALYSIS (RESUME):               NO
 SIR SAMPLE SIZE (SIRSAMPLE):              -1
 NON-LINEARLY TRANSFORM THETAS DURING COV (THBND): 1
 PRECONDTIONING CYCLES (PRECOND):        0
 PRECONDTIONING TYPES (PRECONDS):        TOS
 FORCED PRECONDTIONING CYCLES (PFCOND):0
 PRECONDTIONING TYPE (PRETYPE):        0
 FORCED POS. DEFINITE SETTING: (FPOSDEF):0
0TABLES STEP OMITTED:    NO
 NO. OF TABLES:           1
 SEED NUMBER (SEED):    11456
 RANMETHOD:             3U
 MC SAMPLES (ESAMPLE):    300
 WRES SQUARE ROOT TYPE (WRESCHOL): EIGENVALUE
0-- TABLE   1 --
0RECORDS ONLY:    ALL
04 COLUMNS APPENDED:    YES
 PRINTED:                NO
 HEADERS:               ONE
 FILE TO BE FORWARDED:   NO
 FORMAT:                S1PE11.4
 LFORMAT:
 RFORMAT:
 FIXED_EFFECT_ETAS:
0USER-CHOSEN ITEMS:
 ID TIME LNDV MDV AMT EVID DOSE VI VMI KMI V2I V2 VM KM Q V3 K12 ETA1 ETA2 ETA3 ETA4 ETA5 ETA6 IPRED IRES IWRES CWRESI
1DOUBLE PRECISION PREDPP VERSION 7.4.3

 GENERAL NONLINEAR KINETICS MODEL WITH STIFF/NONSTIFF EQUATIONS (LSODA, ADVAN13)
0MODEL SUBROUTINE USER-SUPPLIED - ID NO. 9999
0MAXIMUM NO. OF BASIC PK PARAMETERS:   6
0COMPARTMENT ATTRIBUTES
 COMPT. NO.   FUNCTION   INITIAL    ON/OFF      DOSE      DEFAULT    DEFAULT
                         STATUS     ALLOWED    ALLOWED    FOR DOSE   FOR OBS.
    1         ABS          ON         YES        YES        YES        NO
    2         CENTRAL      ON         YES        YES        NO         YES
    3         PERI         ON         YES        YES        NO         NO
    4         OUTPUT       OFF        YES        NO         NO         NO
 INITIAL (BASE) TOLERANCE SETTINGS:
 NRD (RELATIVE) VALUE(S) OF TOLERANCE:   6
 ANRD (ABSOLUTE) VALUE(S) OF TOLERANCE:  12
1
 ADDITIONAL PK PARAMETERS - ASSIGNMENT OF ROWS IN GG
 COMPT. NO.                             INDICES
              SCALE      BIOAVAIL.   ZERO-ORDER  ZERO-ORDER  ABSORB
                         FRACTION    RATE        DURATION    LAG
    1            *           *           *           *           *
    2            7           *           *           *           *
    3            *           *           *           *           *
    4            *           -           -           -           -
             - PARAMETER IS NOT ALLOWED FOR THIS MODEL
             * PARAMETER IS NOT SUPPLIED BY PK SUBROUTINE;
               WILL DEFAULT TO ONE IF APPLICABLE
0DATA ITEM INDICES USED BY PRED ARE:
   EVENT ID DATA ITEM IS DATA ITEM NO.:      7
   TIME DATA ITEM IS DATA ITEM NO.:          2
   DOSE AMOUNT DATA ITEM IS DATA ITEM NO.:   6
   COMPT. NO. DATA ITEM IS DATA ITEM NO.:   16

0PK SUBROUTINE CALLED WITH EVERY EVENT RECORD.
 PK SUBROUTINE NOT CALLED AT NONEVENT (ADDITIONAL OR LAGGED) DOSE TIMES.
0ERROR SUBROUTINE CALLED WITH EVERY EVENT RECORD.
0DES SUBROUTINE USES COMPACT STORAGE MODE.
1
 
 
 #TBLN:      1
 #METH: First Order Conditional Estimation with Interaction
 
 ESTIMATION STEP OMITTED:                 NO
 ANALYSIS TYPE:                           POPULATION
 NUMBER OF SADDLE POINT RESET ITERATIONS:      0
 GRADIENT METHOD USED:               NOSLOW
 CONDITIONAL ESTIMATES USED:              YES
 CENTERED ETA:                            NO
 EPS-ETA INTERACTION:                     YES
 LAPLACIAN OBJ. FUNC.:                    NO
 NO. OF FUNCT. EVALS. ALLOWED:            9999
 NO. OF SIG. FIGURES REQUIRED:            2
 INTERMEDIATE PRINTOUT:                   YES
 ESTIMATE OUTPUT TO MSF:                  NO
 ABORT WITH PRED EXIT CODE 1:             NO
 IND. OBJ. FUNC. VALUES SORTED:           NO
 NUMERICAL DERIVATIVE
       FILE REQUEST (NUMDER):               NONE
 MAP (ETAHAT) ESTIMATION METHOD (OPTMAP):   0
 ETA HESSIAN EVALUATION METHOD (ETADER):    0
 INITIAL ETA FOR MAP ESTIMATION (MCETA):    0
 SIGDIGITS FOR MAP ESTIMATION (SIGLO):      6
 GRADIENT SIGDIGITS OF
       FIXED EFFECTS PARAMETERS (SIGL):     6
 NOPRIOR SETTING (NOPRIOR):                 OFF
 NOCOV SETTING (NOCOV):                     OFF
 DERCONT SETTING (DERCONT):                 OFF
 FINAL ETA RE-EVALUATION (FNLETA):          ON
 EXCLUDE NON-INFLUENTIAL (NON-INFL.) ETAS
       IN SHRINKAGE (ETASTYPE):             NO
 NON-INFL. ETA CORRECTION (NONINFETA):      OFF
 RAW OUTPUT FILE (FILE): runODE069.ext
 EXCLUDE TITLE (NOTITLE):                   NO
 EXCLUDE COLUMN LABELS (NOLABEL):           NO
 FORMAT FOR ADDITIONAL FILES (FORMAT):      S1PE12.5
 PARAMETER ORDER FOR OUTPUTS (ORDER):       TSOL
 WISHART PRIOR DF INTERPRETATION (WISHTYPE):0
 KNUTHSUMOFF:                               0
 INCLUDE LNTWOPI:                           NO
 INCLUDE CONSTANT TERM TO PRIOR (PRIORC):   NO
 INCLUDE CONSTANT TERM TO OMEGA (ETA) (OLNTWOPI):NO
 ADDITIONAL CONVERGENCE TEST (CTYPE=4)?:    NO
 EM OR BAYESIAN METHOD USED:                 NONE

 TOLERANCES FOR ESTIMATION/EVALUATION STEP:
 NRD (RELATIVE) VALUE(S) OF TOLERANCE:   6
 ANRD (ABSOLUTE) VALUE(S) OF TOLERANCE:  12
 TOLERANCES FOR COVARIANCE STEP:
 NRD (RELATIVE) VALUE(S) OF TOLERANCE:   6
 ANRD (ABSOLUTE) VALUE(S) OF TOLERANCE:  12
 TOLERANCES FOR TABLE/SCATTER STEP:
 NRD (RELATIVE) VALUE(S) OF TOLERANCE:   6
 ANRD (ABSOLUTE) VALUE(S) OF TOLERANCE:  12
 
 THE FOLLOWING LABELS ARE EQUIVALENT
 PRED=PREDI
 RES=RESI
 WRES=WRESI
 IWRS=IWRESI
 IPRD=IPREDI
 IRS=IRESI
 
 MONITORING OF SEARCH:

 
0ITERATION NO.:    0    OBJECTIVE VALUE:   52057.2298274394        NO. OF FUNC. EVALS.:   9
 CUMULATIVE NO. OF FUNC. EVALS.:        9
 NPARAMETR:  7.1000E+00  5.7000E+00  4.5000E+00  1.6000E+00  4.1000E+00  2.2000E-01  3.0000E-01  1.5000E-01  1.5000E-01  1.5000E-01
             1.5000E-01  1.5000E-01  1.5000E-01
 PARAMETER:  1.0000E-01  1.0000E-01  1.0000E-01  1.0000E-01  1.0000E-01  1.0000E-01  1.0000E-01  1.0000E-01  1.0000E-01  1.0000E-01
             1.0000E-01  1.0000E-01  1.0000E-01
 GRADIENT:   3.8379E+04 -4.1659E+03  1.7273E+04  6.2804E+02  1.5643E+04  2.8409E+02  2.7904E+03  4.3825E+01 -8.4377E+00  1.4872E+01
            -5.3244E-01 -4.6978E+01  1.8813E+01
 
0ITERATION NO.:    5    OBJECTIVE VALUE:   51113.1229342693        NO. OF FUNC. EVALS.: 123
 CUMULATIVE NO. OF FUNC. EVALS.:      132
 NPARAMETR:  6.7772E+00  5.5227E+00  4.3011E+00  1.5811E+00  3.8197E+00  2.5375E-02  1.9178E-01  1.5645E-01  1.4617E-01  1.2594E-01
             1.4998E-01  1.0450E-01  1.4981E-01
 PARAMETER:  9.5453E-02  9.6889E-02  9.5581E-02  9.8818E-02  9.3163E-02  1.1534E-02 -4.9117E-01  1.2105E-01  8.7071E-02  1.2586E-02
             9.9925E-02 -8.0742E-02  9.9381E-02
 GRADIENT:   1.0936E+05 -2.3104E+04  7.7617E+03  5.7957E+02  8.0126E+03  2.0576E+02 -9.6026E+02  5.8409E+01 -1.6549E+01  4.0163E+01
            -2.0214E+01 -7.5251E+00 -7.1344E-03
 
0ITERATION NO.:   10    OBJECTIVE VALUE:   50924.6385598457        NO. OF FUNC. EVALS.: 159
 CUMULATIVE NO. OF FUNC. EVALS.:      291
 NPARAMETR:  7.0971E+00  6.1966E+00  4.2992E+00  1.0874E+00  3.7737E+00 -3.7949E-02  2.0261E-01  1.0380E-01  1.6619E-01  1.0185E-01
             1.5068E-01  1.1138E-01  1.2493E-01
 PARAMETER:  9.9960E-02  1.0871E-01  9.5537E-02  6.7963E-02  9.2042E-02 -1.7249E-02 -4.2275E-01 -8.4080E-02  1.5123E-01 -9.3563E-02
             1.0227E-01 -4.8860E-02  8.5709E-03
 GRADIENT:   6.9537E+04 -1.6271E+04  5.1641E+03  1.0811E+03  3.8854E+03  1.9079E+01 -3.1881E+01  2.7133E+01 -8.8784E+00  1.7029E+01
            -9.2628E+00 -3.3619E+00 -1.6410E+00
 
0ITERATION NO.:   15    OBJECTIVE VALUE:   50894.9718997149        NO. OF FUNC. EVALS.: 160
 CUMULATIVE NO. OF FUNC. EVALS.:      451             RESET HESSIAN, TYPE I
 NPARAMETR:  7.2762E+00  6.4023E+00  4.3023E+00  9.9625E-01  3.6407E+00 -1.1125E-02  2.0244E-01  4.7767E-02  1.8274E-01  8.8677E-02
             2.4208E-01  1.1492E-01  1.3890E-01
 PARAMETER:  1.0248E-01  1.1232E-01  9.5606E-02  6.2266E-02  8.8798E-02 -5.0570E-03 -4.2384E-01 -4.7215E-01  1.9873E-01 -1.6282E-01
             3.3931E-01 -3.3181E-02  6.1576E-02
 GRADIENT:   4.9189E+04  1.4285E+04  7.5203E+03  7.0543E+02  2.0749E+03  3.9458E+01 -1.0368E+00 -1.0021E+01 -2.7698E+01 -7.1625E+00
            -6.4443E+00 -1.4947E+00  2.8541E+00
 
0ITERATION NO.:   20    OBJECTIVE VALUE:   50891.2616698071        NO. OF FUNC. EVALS.: 135
 CUMULATIVE NO. OF FUNC. EVALS.:      586
 NPARAMETR:  7.2673E+00  6.4429E+00  4.2913E+00  9.6422E-01  3.6194E+00 -1.0670E-02  2.0227E-01  4.7786E-02  3.6305E-01  9.3293E-02
             2.4288E-01  1.1481E-01  1.3828E-01
 PARAMETER:  1.0236E-01  1.1303E-01  9.5362E-02  6.0264E-02  8.8278E-02 -4.8498E-03 -4.2485E-01 -4.7195E-01  5.4195E-01 -1.3745E-01
             3.4096E-01 -3.3696E-02  5.9332E-02
 GRADIENT:   8.0301E+04 -1.7378E+04  7.9786E+02  7.6412E+02 -8.3789E+02  2.1221E+01  6.9473E+00  5.9611E+00  1.8838E+01  2.1143E+00
            -6.8018E+00  2.5016E+00  3.0681E+00
 
0ITERATION NO.:   25    OBJECTIVE VALUE:   50873.9519043101        NO. OF FUNC. EVALS.: 123
 CUMULATIVE NO. OF FUNC. EVALS.:      709
 NPARAMETR:  7.2596E+00  6.4587E+00  4.2945E+00  4.5063E-01  3.6639E+00 -1.8614E-02  2.0215E-01  4.5888E-02  3.5098E-01  9.2952E-02
             2.4445E-01  8.5896E-02  1.3333E-01
 PARAMETER:  1.0225E-01  1.1331E-01  9.5433E-02  2.8164E-02  8.9363E-02 -8.4609E-03 -4.2561E-01 -4.9222E-01  5.2504E-01 -1.3928E-01
             3.4419E-01 -1.7875E-01  4.1083E-02
 GRADIENT:   5.1853E+04  1.4892E+04  2.6397E+03 -1.7644E+02 -2.6678E+01 -7.9388E+01  3.1382E+01 -4.8893E+00  1.2210E+01 -2.7363E+00
            -7.7983E+00  1.0385E+00 -3.2670E+00
 
0ITERATION NO.:   30    OBJECTIVE VALUE:   50872.0594406177        NO. OF FUNC. EVALS.:  53
 CUMULATIVE NO. OF FUNC. EVALS.:      762
 NPARAMETR:  7.2156E+00  6.3372E+00  4.3341E+00  2.3031E-01  3.6533E+00  2.7091E-02  2.0200E-01  5.7882E-02  2.3343E-01  9.1295E-02
             2.5577E-01  7.4154E-02  1.2518E-01
 PARAMETER:  1.0163E-01  1.1118E-01  9.6313E-02  1.4394E-02  8.9105E-02  1.2314E-02 -4.2656E-01 -3.7611E-01  3.2112E-01 -1.4827E-01
             3.6682E-01 -2.5225E-01  9.5756E-03
 GRADIENT:   5.3602E+04  1.4100E+04  4.7306E+03 -7.1754E+02  8.0192E+02 -6.9221E+01  7.3202E+00 -1.0607E+01 -3.7566E+00 -2.0826E+00
            -8.6046E+00 -2.0888E+00 -5.0020E+00
 
0ITERATION NO.:   35    OBJECTIVE VALUE:   50871.8620010102        NO. OF FUNC. EVALS.:  54
 CUMULATIVE NO. OF FUNC. EVALS.:      816
 NPARAMETR:  7.1644E+00  6.2284E+00  4.3465E+00  1.4607E-01  3.6570E+00  4.5271E-02  2.0204E-01  7.0982E-02  1.6826E-01  8.9576E-02
             2.6965E-01  6.2756E-02  1.2245E-01
 PARAMETER:  1.0091E-01  1.0927E-01  9.6588E-02  9.1294E-03  8.9194E-02  2.0578E-02 -4.2629E-01 -2.7410E-01  1.5745E-01 -1.5777E-01
             3.9325E-01 -3.3569E-01 -1.4730E-03
 GRADIENT:   5.2960E+04  1.3497E+04  5.3417E+03 -8.4445E+02  9.0418E+02 -6.4176E+01  2.1133E+00 -1.1007E+01 -7.8937E+00 -2.5398E+00
            -8.6381E+00 -3.2356E+00 -5.5418E+00
 
0ITERATION NO.:   40    OBJECTIVE VALUE:   50871.7196740599        NO. OF FUNC. EVALS.:  55
 CUMULATIVE NO. OF FUNC. EVALS.:      871
 NPARAMETR:  7.1276E+00  6.1590E+00  4.3493E+00  1.1389E-01  3.6676E+00  5.2600E-02  2.0205E-01  7.7737E-02  1.3606E-01  8.8703E-02
             2.7964E-01  5.8786E-02  1.2194E-01
 PARAMETER:  1.0039E-01  1.0805E-01  9.6651E-02  7.1182E-03  8.9452E-02  2.3909E-02 -4.2623E-01 -2.2865E-01  5.1218E-02 -1.6267E-01
             4.1143E-01 -3.6837E-01 -3.5645E-03
 GRADIENT:   5.2193E+04  1.3107E+04  5.4696E+03 -8.8055E+02  9.6164E+02 -6.0449E+01  5.1033E-01 -1.1434E+01 -9.1007E+00 -2.7919E+00
            -7.9925E+00 -4.0986E+00 -5.6042E+00
 
0ITERATION NO.:   45    OBJECTIVE VALUE:   50871.6597189621        NO. OF FUNC. EVALS.:  54
 CUMULATIVE NO. OF FUNC. EVALS.:      925
 NPARAMETR:  7.0986E+00  6.1082E+00  4.3502E+00  9.5382E-02  3.6765E+00  5.6450E-02  2.0204E-01  8.2945E-02  1.1472E-01  8.8033E-02
             2.8656E-01  6.1740E-02  1.2205E-01
 PARAMETER:  9.9981E-02  1.0716E-01  9.6672E-02  5.9614E-03  8.9671E-02  2.5659E-02 -4.2629E-01 -1.9623E-01 -3.4049E-02 -1.6646E-01
             4.2366E-01 -3.4385E-01 -3.1152E-03
 GRADIENT:   5.1384E+04  1.2857E+04  5.4714E+03 -8.9359E+02  9.5312E+02 -5.8993E+01 -1.9884E-01 -1.0795E+01 -9.1532E+00 -2.7954E+00
            -6.8687E+00 -4.2957E+00 -5.5528E+00
 
0ITERATION NO.:   50    OBJECTIVE VALUE:   50871.6456464832        NO. OF FUNC. EVALS.:  77
 CUMULATIVE NO. OF FUNC. EVALS.:     1002
 NPARAMETR:  7.0770E+00  6.0732E+00  4.3496E+00  8.7008E-02  3.6855E+00  6.0896E-02  2.0204E-01  8.6941E-02  1.0102E-01  8.7635E-02
             2.9055E-01  6.3076E-02  1.1998E-01
 PARAMETER:  9.9677E-02  1.0655E-01  9.6657E-02  5.4380E-03  8.9889E-02  2.7680E-02 -4.2627E-01 -1.7270E-01 -9.7679E-02 -1.6873E-01
             4.3058E-01 -3.3315E-01 -1.1650E-02
 GRADIENT:   7.9316E+04 -1.3926E+04  4.6384E+02 -9.0760E+02  3.1085E+02 -5.6083E+01 -3.4731E+00 -1.0076E+01 -8.8750E+00 -2.5939E+00
            -6.1885E+00 -3.9749E+00 -6.0430E+00
 
0ITERATION NO.:   55    OBJECTIVE VALUE:   50864.7880364895        NO. OF FUNC. EVALS.: 145
 CUMULATIVE NO. OF FUNC. EVALS.:     1147
 NPARAMETR:  7.0545E+00  6.0650E+00  4.3601E+00  3.3112E-01  3.6898E+00  8.7923E-02  2.0208E-01  9.2596E-02  1.0136E-01  8.8062E-02
             3.3148E-01  6.3924E-02  1.1953E-01
 PARAMETER:  9.9359E-02  1.0640E-01  9.6890E-02  2.0695E-02  8.9996E-02  3.9965E-02 -4.2605E-01 -1.4119E-01 -9.5956E-02 -1.6629E-01
             4.9647E-01 -3.2647E-01 -1.3540E-02
 GRADIENT:   7.6439E+04 -1.3822E+04  3.2883E+03  1.3749E+02 -3.8989E+02  1.5787E+01  3.9366E+00 -4.6867E+00 -9.6141E+00 -7.9002E-01
            -4.5492E+00 -1.5803E+00 -3.2962E+00
 
0ITERATION NO.:   60    OBJECTIVE VALUE:   50864.1056626272        NO. OF FUNC. EVALS.: 141
 CUMULATIVE NO. OF FUNC. EVALS.:     1288
 NPARAMETR:  7.0524E+00  6.0828E+00  4.3565E+00  3.0181E-01  3.7113E+00  8.0811E-02  2.0200E-01  1.0272E-01  1.0399E-01  8.8416E-02
             3.4662E-01  6.6756E-02  1.1977E-01
 PARAMETER:  9.9330E-02  1.0672E-01  9.6812E-02  1.8863E-02  9.0520E-02  3.6732E-02 -4.2656E-01 -8.9312E-02 -8.3151E-02 -1.6429E-01
             5.1880E-01 -3.0480E-01 -1.2542E-02
 GRADIENT:   7.4687E+04 -1.3483E+04  2.7982E+03 -2.3381E+01 -5.9483E+01  2.8650E+00  5.9438E+00  3.5603E+00 -7.2800E+00  8.1805E-02
            -8.0313E-01 -1.2331E+00 -3.3361E+00
 
0ITERATION NO.:   65    OBJECTIVE VALUE:   50863.8480615591        NO. OF FUNC. EVALS.: 147
 CUMULATIVE NO. OF FUNC. EVALS.:     1435
 NPARAMETR:  7.0510E+00  6.0797E+00  4.3511E+00  3.0858E-01  3.7189E+00  7.6224E-02  2.0189E-01  9.9768E-02  1.0444E-01  8.8223E-02
             3.5619E-01  7.3313E-02  1.3538E-01
 PARAMETER:  9.9310E-02  1.0666E-01  9.6691E-02  1.9286E-02  9.0706E-02  3.4647E-02 -4.2722E-01 -1.0389E-01 -8.0988E-02 -1.6539E-01
             5.3242E-01 -2.5795E-01  4.8731E-02
 GRADIENT:   4.7015E+04  1.3070E+04  7.1901E+03  1.5462E+00  7.3433E+02  6.0690E+00  9.3256E+00  1.1855E+00 -7.8597E+00 -7.5047E-03
             7.1193E-01 -5.9647E-02  9.0851E-01
 
0ITERATION NO.:   70    OBJECTIVE VALUE:   50862.8000531002        NO. OF FUNC. EVALS.: 102
 CUMULATIVE NO. OF FUNC. EVALS.:     1537
 NPARAMETR:  7.0484E+00  6.0887E+00  4.3351E+00  3.6078E-01  3.7581E+00  4.7496E-02  2.0124E-01  8.8640E-02  1.8419E-01  8.9830E-02
             3.1594E-01  7.5164E-02  1.2232E-01
 PARAMETER:  9.9274E-02  1.0682E-01  9.6335E-02  2.2549E-02  9.1661E-02  2.1589E-02 -4.3129E-01 -1.6303E-01  2.0267E-01 -1.5636E-01
             4.7245E-01 -2.4548E-01 -1.9915E-03
 GRADIENT:   4.8335E+04  1.2475E+04  6.5328E+03  8.1991E+01  1.1320E+03 -2.7658E+01 -2.6068E+01  4.2074E+00  4.6657E-01  6.1220E-01
            -3.0282E+00 -3.5747E-01 -4.1796E+00
 
0ITERATION NO.:   75    OBJECTIVE VALUE:   50862.4416632119        NO. OF FUNC. EVALS.:  98
 CUMULATIVE NO. OF FUNC. EVALS.:     1635             RESET HESSIAN, TYPE I
 NPARAMETR:  7.0476E+00  6.1097E+00  4.3401E+00  3.4266E-01  3.7546E+00  8.6915E-02  2.0164E-01  7.9877E-02  1.9542E-01  8.9649E-02
             3.4010E-01  7.7197E-02  1.3393E-01
 PARAMETER:  9.9262E-02  1.0719E-01  9.6448E-02  2.1416E-02  9.1575E-02  3.9507E-02 -4.2880E-01 -2.1507E-01  2.3226E-01 -1.5737E-01
             5.0930E-01 -2.3214E-01  4.3330E-02
 GRADIENT:   4.7112E+04  1.3070E+04  6.3246E+03  4.3270E+01  1.2325E+03  3.2193E+01  3.1948E+00 -2.3458E+00 -1.2349E+00  3.8049E-01
             9.3347E-01 -3.5710E-01  7.6710E-01
 
0ITERATION NO.:   80    OBJECTIVE VALUE:   50862.1635909609        NO. OF FUNC. EVALS.: 152
 CUMULATIVE NO. OF FUNC. EVALS.:     1787             RESET HESSIAN, TYPE I
 NPARAMETR:  7.0553E+00  6.1122E+00  4.3443E+00  3.4001E-01  3.7427E+00  7.6979E-02  2.0163E-01  8.1502E-02  1.9402E-01  8.9357E-02
             3.3584E-01  7.7066E-02  1.3281E-01
 PARAMETER:  9.9370E-02  1.0723E-01  9.6541E-02  2.1251E-02  9.1284E-02  3.4990E-02 -4.2882E-01 -2.0500E-01  2.2866E-01 -1.5900E-01
             5.0300E-01 -2.3299E-01  3.9151E-02
 GRADIENT:   4.7626E+04  1.2954E+04  6.7604E+03  3.6801E+01  1.0353E+03  1.3500E+01  1.1518E+00 -2.5749E-01 -4.1828E-01  7.1307E-03
            -2.2478E-01  7.9042E-02  1.9886E-01
 
0ITERATION NO.:   85    OBJECTIVE VALUE:   50862.1107501742        NO. OF FUNC. EVALS.: 147
 CUMULATIVE NO. OF FUNC. EVALS.:     1934
 NPARAMETR:  7.0598E+00  6.1174E+00  4.3449E+00  3.4021E-01  3.7361E+00  7.0816E-02  2.0166E-01  8.1334E-02  1.9468E-01  8.9602E-02
             3.3992E-01  7.9464E-02  1.3547E-01
 PARAMETER:  9.9434E-02  1.0732E-01  9.6554E-02  2.1263E-02  9.1126E-02  3.2189E-02 -4.2865E-01 -2.0604E-01  2.3037E-01 -1.5763E-01
             5.0903E-01 -2.1767E-01  4.9040E-02
 GRADIENT:   7.7392E+04 -1.3685E+04  2.1568E+03  3.3863E+00  1.8318E+02  3.4381E+00  1.4924E+00  3.2122E-01 -1.1763E-01  5.8943E-01
            -1.0631E-01  9.8506E-01  8.2853E-01
 
0ITERATION NO.:   90    OBJECTIVE VALUE:   50862.0629250749        NO. OF FUNC. EVALS.: 149
 CUMULATIVE NO. OF FUNC. EVALS.:     2083
 NPARAMETR:  7.0641E+00  6.1247E+00  4.3451E+00  3.4229E-01  3.7323E+00  7.0044E-02  2.0165E-01  8.0847E-02  1.9618E-01  8.9517E-02
             3.4202E-01  7.5696E-02  1.3359E-01
 PARAMETER:  9.9495E-02  1.0745E-01  9.6557E-02  2.1393E-02  9.1032E-02  3.1838E-02 -4.2873E-01 -2.0904E-01  2.3421E-01 -1.5810E-01
             5.1212E-01 -2.4196E-01  4.2063E-02
 GRADIENT:  -2.7270E+02 -4.8790E+01 -5.2846E+01  1.3923E+00  9.6054E+00  1.2184E+00 -1.6231E-01 -2.1504E-01 -2.1328E-01  3.0163E-01
            -1.6929E-01  4.8881E-02  1.8526E-01
 
 #TERM:
0MINIMIZATION SUCCESSFUL
 HOWEVER, PROBLEMS OCCURRED WITH THE MINIMIZATION.
 REGARD THE RESULTS OF THE ESTIMATION STEP CAREFULLY, AND ACCEPT THEM ONLY
 AFTER CHECKING THAT THE COVARIANCE STEP PRODUCES REASONABLE OUTPUT.
 NO. OF FUNCTION EVALUATIONS USED:     2083
 NO. OF SIG. DIGITS IN FINAL EST.:  2.2

 ETABAR IS THE ARITHMETIC MEAN OF THE ETA-ESTIMATES,
 AND THE P-VALUE IS GIVEN FOR THE NULL HYPOTHESIS THAT THE TRUE MEAN IS 0.
 
 ETABAR:         8.0065E-03 -2.1704E-02 -1.9985E-02 -8.6903E-04  8.3189E-03 -1.1832E-02
 SE:             1.8262E-02  2.3850E-02  2.4985E-02  2.9709E-02  1.1108E-02  2.0809E-02
 N:                     120         120         120         120         120         120
 
 P VAL.:         6.6107E-01  3.6281E-01  4.2378E-01  9.7666E-01  4.5392E-01  5.6964E-01
 
 ETASHRINKSD(%)  2.9349E+01  4.0766E+01  8.1403E+00  4.4118E+01  5.5586E+01  3.7370E+01
 ETASHRINKVR(%)  5.0085E+01  6.4914E+01  1.5618E+01  6.8772E+01  8.0274E+01  6.0774E+01
 EBVSHRINKSD(%)  2.7631E+01  4.1903E+01  9.5614E+00  4.5681E+01  5.5597E+01  3.7325E+01
 EBVSHRINKVR(%)  4.7627E+01  6.6247E+01  1.8209E+01  7.0494E+01  8.0284E+01  6.0718E+01
 EPSSHRINKSD(%)  3.1110E+00
 EPSSHRINKVR(%)  6.1252E+00
 
  
 TOTAL DATA POINTS NORMALLY DISTRIBUTED (N):         4680
 N*LOG(2PI) CONSTANT TO OBJECTIVE FUNCTION:    8601.26467079574     
 OBJECTIVE FUNCTION VALUE WITHOUT CONSTANT:    50862.0629250749     
 OBJECTIVE FUNCTION VALUE WITH CONSTANT:       59463.3275958706     
 REPORTED OBJECTIVE FUNCTION DOES NOT CONTAIN CONSTANT
  
 TOTAL EFFECTIVE ETAS (NIND*NETA):                           720
  
 #TERE:
 Elapsed estimation  time in seconds:  7916.72
 Elapsed covariance  time in seconds:   777.00
 Elapsed postprocess time in seconds:     6.36
1
 
 
 
 
 
 
 
 
 
 
 
 
 
 
 
 
 
 
 
 
 ************************************************************************************************************************
 ********************                                                                                ********************
 ********************               FIRST ORDER CONDITIONAL ESTIMATION WITH INTERACTION              ********************
 #OBJT:**************                       MINIMUM VALUE OF OBJECTIVE FUNCTION                      ********************
 ********************                                                                                ********************
 ************************************************************************************************************************
 





 #OBJV:********************************************    50862.063       **************************************************
1
 ************************************************************************************************************************
 ********************                                                                                ********************
 ********************               FIRST ORDER CONDITIONAL ESTIMATION WITH INTERACTION              ********************
 ********************                             FINAL PARAMETER ESTIMATE                           ********************
 ********************                                                                                ********************
 ************************************************************************************************************************
 


 THETA - VECTOR OF FIXED EFFECTS PARAMETERS   *********


         TH 1      TH 2      TH 3      TH 4      TH 5      TH 6      TH 7     
 
         7.06E+00  6.12E+00  4.35E+00  3.42E-01  3.73E+00  7.00E-02  2.02E-01
 


 OMEGA - COV MATRIX FOR RANDOM EFFECTS - ETAS  ********


         ETA1      ETA2      ETA3      ETA4      ETA5      ETA6     
 
 ETA1
+        8.08E-02
 
 ETA2
+        0.00E+00  1.96E-01
 
 ETA3
+        0.00E+00  0.00E+00  8.95E-02
 
 ETA4
+        0.00E+00  0.00E+00  0.00E+00  3.42E-01
 
 ETA5
+        0.00E+00  0.00E+00  0.00E+00  0.00E+00  7.57E-02
 
 ETA6
+        0.00E+00  0.00E+00  0.00E+00  0.00E+00  0.00E+00  1.34E-01
 


 SIGMA - COV MATRIX FOR RANDOM EFFECTS - EPSILONS  ****


         EPS1     
 
 EPS1
+        1.00E+00
 
1


 OMEGA - CORR MATRIX FOR RANDOM EFFECTS - ETAS  *******


         ETA1      ETA2      ETA3      ETA4      ETA5      ETA6     
 
 ETA1
+        2.84E-01
 
 ETA2
+        0.00E+00  4.43E-01
 
 ETA3
+        0.00E+00  0.00E+00  2.99E-01
 
 ETA4
+        0.00E+00  0.00E+00  0.00E+00  5.85E-01
 
 ETA5
+        0.00E+00  0.00E+00  0.00E+00  0.00E+00  2.75E-01
 
 ETA6
+        0.00E+00  0.00E+00  0.00E+00  0.00E+00  0.00E+00  3.65E-01
 


 SIGMA - CORR MATRIX FOR RANDOM EFFECTS - EPSILONS  ***


         EPS1     
 
 EPS1
+        1.00E+00
 
1
 ************************************************************************************************************************
 ********************                                                                                ********************
 ********************               FIRST ORDER CONDITIONAL ESTIMATION WITH INTERACTION              ********************
 ********************                            STANDARD ERROR OF ESTIMATE                          ********************
 ********************                                                                                ********************
 ************************************************************************************************************************
 


 THETA - VECTOR OF FIXED EFFECTS PARAMETERS   *********


         TH 1      TH 2      TH 3      TH 4      TH 5      TH 6      TH 7     
 
         7.38E-02  1.31E-01  3.48E-02  1.08E-01  8.38E-02  5.73E-02  2.29E-03
 


 OMEGA - COV MATRIX FOR RANDOM EFFECTS - ETAS  ********


         ETA1      ETA2      ETA3      ETA4      ETA5      ETA6     
 
 ETA1
+        2.61E-02
 
 ETA2
+       .........  7.92E-02
 
 ETA3
+       ......... .........  1.52E-02
 
 ETA4
+       ......... ......... .........  1.08E-01
 
 ETA5
+       ......... ......... ......... .........  2.98E-02
 
 ETA6
+       ......... ......... ......... ......... .........  4.65E-02
 


 SIGMA - COV MATRIX FOR RANDOM EFFECTS - EPSILONS  ****


         EPS1     
 
 EPS1
+       .........
 
1


 OMEGA - CORR MATRIX FOR RANDOM EFFECTS - ETAS  *******


         ETA1      ETA2      ETA3      ETA4      ETA5      ETA6     
 
 ETA1
+        4.60E-02
 
 ETA2
+       .........  8.94E-02
 
 ETA3
+       ......... .........  2.54E-02
 
 ETA4
+       ......... ......... .........  9.22E-02
 
 ETA5
+       ......... ......... ......... .........  5.42E-02
 
 ETA6
+       ......... ......... ......... ......... .........  6.36E-02
 


 SIGMA - CORR MATRIX FOR RANDOM EFFECTS - EPSILONS  ***


         EPS1     
 
 EPS1
+       .........
 
1
 ************************************************************************************************************************
 ********************                                                                                ********************
 ********************               FIRST ORDER CONDITIONAL ESTIMATION WITH INTERACTION              ********************
 ********************                          COVARIANCE MATRIX OF ESTIMATE                         ********************
 ********************                                                                                ********************
 ************************************************************************************************************************
 

            TH 1      TH 2      TH 3      TH 4      TH 5      TH 6      TH 7      OM11      OM12      OM13      OM14      OM15  
             OM16      OM22      OM23      OM24      OM25      OM26      OM33      OM34      OM35      OM36      OM44      OM45  
            OM46      OM55      OM56      OM66      SG11  
 
 TH 1
+        5.44E-03
 
 TH 2
+        7.48E-03  1.72E-02
 
 TH 3
+        8.53E-05  3.84E-04  1.21E-03
 
 TH 4
+        2.29E-03  1.30E-03 -1.97E-03  1.16E-02
 
 TH 5
+       -3.10E-03 -1.86E-03 -4.21E-04  6.08E-04  7.03E-03
 
 TH 6
+       -1.43E-04 -5.19E-04  7.07E-04 -2.12E-03 -8.48E-04  3.29E-03
 
 TH 7
+        1.79E-05  4.11E-05 -6.42E-06  1.15E-05  2.22E-05 -1.13E-05  5.25E-06
 
 OM11
+       -1.61E-04 -2.03E-04 -4.92E-05  2.77E-04  3.96E-04  4.12E-05  1.50E-05  6.84E-04
 
 OM12
+       ......... ......... ......... ......... ......... ......... ......... ......... .........
 
 OM13
+       ......... ......... ......... ......... ......... ......... ......... ......... ......... .........
 
 OM14
+       ......... ......... ......... ......... ......... ......... ......... ......... ......... ......... .........
 
 OM15
+       ......... ......... ......... ......... ......... ......... ......... ......... ......... ......... ......... .........
 
 OM16
+       ......... ......... ......... ......... ......... ......... ......... ......... ......... ......... ......... .........
         .........
 
 OM22
+        1.35E-03  5.19E-03  3.05E-04 -2.42E-04  5.04E-05 -3.14E-04 -1.34E-06 -9.84E-04 ......... ......... ......... .........
         .........  6.27E-03
 
 OM23
+       ......... ......... ......... ......... ......... ......... ......... ......... ......... ......... ......... .........
         ......... ......... .........
 
 OM24
+       ......... ......... ......... ......... ......... ......... ......... ......... ......... ......... ......... .........
         ......... ......... ......... .........
 
 OM25
+       ......... ......... ......... ......... ......... ......... ......... ......... ......... ......... ......... .........
         ......... ......... ......... ......... .........
 
 OM26
+       ......... ......... ......... ......... ......... ......... ......... ......... ......... ......... ......... .........
         ......... ......... ......... ......... ......... .........
 
 OM33
+        2.41E-04  2.65E-04 -1.21E-04  1.87E-04 -3.19E-04 -7.57E-05 -1.55E-06 -3.76E-05 ......... ......... ......... .........
         ......... -6.14E-05 ......... ......... ......... .........  2.31E-04
 
1

            TH 1      TH 2      TH 3      TH 4      TH 5      TH 6      TH 7      OM11      OM12      OM13      OM14      OM15  
             OM16      OM22      OM23      OM24      OM25      OM26      OM33      OM34      OM35      OM36      OM44      OM45  
            OM46      OM55      OM56      OM66      SG11  
 
 OM34
+       ......... ......... ......... ......... ......... ......... ......... ......... ......... ......... ......... .........
         ......... ......... ......... ......... ......... ......... ......... .........
 
 OM35
+       ......... ......... ......... ......... ......... ......... ......... ......... ......... ......... ......... .........
         ......... ......... ......... ......... ......... ......... ......... ......... .........
 
 OM36
+       ......... ......... ......... ......... ......... ......... ......... ......... ......... ......... ......... .........
         ......... ......... ......... ......... ......... ......... ......... ......... ......... .........
 
 OM44
+        1.88E-03 -1.06E-04 -3.52E-04  3.21E-03 -4.04E-03 -4.08E-04 -5.32E-07  1.34E-04 ......... ......... ......... .........
         ......... -4.96E-04 ......... ......... ......... .........  3.99E-04 ......... ......... .........  1.16E-02
 
 OM45
+       ......... ......... ......... ......... ......... ......... ......... ......... ......... ......... ......... .........
         ......... ......... ......... ......... ......... ......... ......... ......... ......... ......... ......... .........
 
 OM46
+       ......... ......... ......... ......... ......... ......... ......... ......... ......... ......... ......... .........
         ......... ......... ......... ......... ......... ......... ......... ......... ......... ......... ......... .........
        .........
 
 OM55
+       -4.76E-04 -3.10E-05 -2.39E-05 -5.44E-04  1.32E-03  7.00E-05 -1.14E-07 -5.16E-05 ......... ......... ......... .........
         .........  1.39E-04 ......... ......... ......... .........  2.06E-05 ......... ......... ......... -1.25E-03 .........
        .........  8.90E-04
 
 OM56
+       ......... ......... ......... ......... ......... ......... ......... ......... ......... ......... ......... .........
         ......... ......... ......... ......... ......... ......... ......... ......... ......... ......... ......... .........
        ......... ......... .........
 
 OM66
+       -1.49E-04  1.85E-04  6.94E-05 -7.13E-04  3.27E-05  1.47E-04 -2.50E-05 -2.89E-04 ......... ......... ......... .........
         .........  1.77E-04 ......... ......... ......... ......... -6.14E-05 ......... ......... ......... -1.45E-03 .........
        .........  1.27E-04 .........  2.16E-03
 
 SG11
+       ......... ......... ......... ......... ......... ......... ......... ......... ......... ......... ......... .........
         ......... ......... ......... ......... ......... ......... ......... ......... ......... ......... ......... .........
        ......... ......... ......... ......... .........
 
1
 ************************************************************************************************************************
 ********************                                                                                ********************
 ********************               FIRST ORDER CONDITIONAL ESTIMATION WITH INTERACTION              ********************
 ********************                          CORRELATION MATRIX OF ESTIMATE                        ********************
 ********************                                                                                ********************
 ************************************************************************************************************************
 

            TH 1      TH 2      TH 3      TH 4      TH 5      TH 6      TH 7      OM11      OM12      OM13      OM14      OM15  
             OM16      OM22      OM23      OM24      OM25      OM26      OM33      OM34      OM35      OM36      OM44      OM45  
            OM46      OM55      OM56      OM66      SG11  
 
 TH 1
+        7.38E-02
 
 TH 2
+        7.72E-01  1.31E-01
 
 TH 3
+        3.33E-02  8.42E-02  3.48E-02
 
 TH 4
+        2.88E-01  9.17E-02 -5.27E-01  1.08E-01
 
 TH 5
+       -5.01E-01 -1.68E-01 -1.44E-01  6.74E-02  8.38E-02
 
 TH 6
+       -3.38E-02 -6.89E-02  3.55E-01 -3.43E-01 -1.76E-01  5.73E-02
 
 TH 7
+        1.06E-01  1.37E-01 -8.06E-02  4.65E-02  1.16E-01 -8.59E-02  2.29E-03
 
 OM11
+       -8.36E-02 -5.91E-02 -5.41E-02  9.85E-02  1.81E-01  2.75E-02  2.51E-01  2.61E-02
 
 OM12
+       ......... ......... ......... ......... ......... ......... ......... ......... .........
 
 OM13
+       ......... ......... ......... ......... ......... ......... ......... ......... ......... .........
 
 OM14
+       ......... ......... ......... ......... ......... ......... ......... ......... ......... ......... .........
 
 OM15
+       ......... ......... ......... ......... ......... ......... ......... ......... ......... ......... ......... .........
 
 OM16
+       ......... ......... ......... ......... ......... ......... ......... ......... ......... ......... ......... .........
         .........
 
 OM22
+        2.31E-01  4.99E-01  1.11E-01 -2.84E-02  7.60E-03 -6.92E-02 -7.37E-03 -4.76E-01 ......... ......... ......... .........
         .........  7.92E-02
 
 OM23
+       ......... ......... ......... ......... ......... ......... ......... ......... ......... ......... ......... .........
         ......... ......... .........
 
 OM24
+       ......... ......... ......... ......... ......... ......... ......... ......... ......... ......... ......... .........
         ......... ......... ......... .........
 
 OM25
+       ......... ......... ......... ......... ......... ......... ......... ......... ......... ......... ......... .........
         ......... ......... ......... ......... .........
 
 OM26
+       ......... ......... ......... ......... ......... ......... ......... ......... ......... ......... ......... .........
         ......... ......... ......... ......... ......... .........
 
 OM33
+        2.15E-01  1.32E-01 -2.30E-01  1.14E-01 -2.50E-01 -8.68E-02 -4.44E-02 -9.45E-02 ......... ......... ......... .........
         ......... -5.10E-02 ......... ......... ......... .........  1.52E-02
 
1

            TH 1      TH 2      TH 3      TH 4      TH 5      TH 6      TH 7      OM11      OM12      OM13      OM14      OM15  
             OM16      OM22      OM23      OM24      OM25      OM26      OM33      OM34      OM35      OM36      OM44      OM45  
            OM46      OM55      OM56      OM66      SG11  
 
 OM34
+       ......... ......... ......... ......... ......... ......... ......... ......... ......... ......... ......... .........
         ......... ......... ......... ......... ......... ......... ......... .........
 
 OM35
+       ......... ......... ......... ......... ......... ......... ......... ......... ......... ......... ......... .........
         ......... ......... ......... ......... ......... ......... ......... ......... .........
 
 OM36
+       ......... ......... ......... ......... ......... ......... ......... ......... ......... ......... ......... .........
         ......... ......... ......... ......... ......... ......... ......... ......... ......... .........
 
 OM44
+        2.36E-01 -7.49E-03 -9.40E-02  2.77E-01 -4.47E-01 -6.60E-02 -2.15E-03  4.76E-02 ......... ......... ......... .........
         ......... -5.81E-02 ......... ......... ......... .........  2.43E-01 ......... ......... .........  1.08E-01
 
 OM45
+       ......... ......... ......... ......... ......... ......... ......... ......... ......... ......... ......... .........
         ......... ......... ......... ......... ......... ......... ......... ......... ......... ......... ......... .........
 
 OM46
+       ......... ......... ......... ......... ......... ......... ......... ......... ......... ......... ......... .........
         ......... ......... ......... ......... ......... ......... ......... ......... ......... ......... ......... .........
        .........
 
 OM55
+       -2.16E-01 -7.92E-03 -2.31E-02 -1.69E-01  5.29E-01  4.09E-02 -1.67E-03 -6.62E-02 ......... ......... ......... .........
         .........  5.89E-02 ......... ......... ......... .........  4.53E-02 ......... ......... ......... -3.88E-01 .........
        .........  2.98E-02
 
 OM56
+       ......... ......... ......... ......... ......... ......... ......... ......... ......... ......... ......... .........
         ......... ......... ......... ......... ......... ......... ......... ......... ......... ......... ......... .........
        ......... ......... .........
 
 OM66
+       -4.33E-02  3.03E-02  4.29E-02 -1.42E-01  8.38E-03  5.51E-02 -2.35E-01 -2.37E-01 ......... ......... ......... .........
         .........  4.82E-02 ......... ......... ......... ......... -8.68E-02 ......... ......... ......... -2.90E-01 .........
        .........  9.14E-02 .........  4.65E-02
 
 SG11
+       ......... ......... ......... ......... ......... ......... ......... ......... ......... ......... ......... .........
         ......... ......... ......... ......... ......... ......... ......... ......... ......... ......... ......... .........
        ......... ......... ......... ......... .........
 
1
 ************************************************************************************************************************
 ********************                                                                                ********************
 ********************               FIRST ORDER CONDITIONAL ESTIMATION WITH INTERACTION              ********************
 ********************                      INVERSE COVARIANCE MATRIX OF ESTIMATE                     ********************
 ********************                                                                                ********************
 ************************************************************************************************************************
 

            TH 1      TH 2      TH 3      TH 4      TH 5      TH 6      TH 7      OM11      OM12      OM13      OM14      OM15  
             OM16      OM22      OM23      OM24      OM25      OM26      OM33      OM34      OM35      OM36      OM44      OM45  
            OM46      OM55      OM56      OM66      SG11  
 
 TH 1
+        1.09E+03
 
 TH 2
+       -4.66E+02  3.00E+02
 
 TH 3
+       -2.00E+02  2.85E+01  1.39E+03
 
 TH 4
+       -2.30E+02  7.24E+01  2.51E+02  1.96E+02
 
 TH 5
+        3.92E+02 -1.12E+02 -4.51E+01 -1.26E+02  4.66E+02
 
 TH 6
+       -1.80E+01  2.44E+01 -1.43E+02  3.51E+01  7.16E+01  3.88E+02
 
 TH 7
+       -2.11E+03  1.53E+02  2.08E+03  9.13E+02 -1.34E+03  4.54E+02  2.27E+05
 
 OM11
+        3.30E+02 -2.97E+02 -6.13E+01 -6.35E+01 -1.53E+02 -1.07E+02 -4.45E+03  2.66E+03
 
 OM12
+       ......... ......... ......... ......... ......... ......... ......... ......... .........
 
 OM13
+       ......... ......... ......... ......... ......... ......... ......... ......... ......... .........
 
 OM14
+       ......... ......... ......... ......... ......... ......... ......... ......... ......... ......... .........
 
 OM15
+       ......... ......... ......... ......... ......... ......... ......... ......... ......... ......... ......... .........
 
 OM16
+       ......... ......... ......... ......... ......... ......... ......... ......... ......... ......... ......... .........
         .........
 
 OM22
+        2.03E+02 -1.91E+02 -5.38E+01 -2.82E+01  8.14E-01 -1.34E+00 -4.19E+02  5.75E+02 ......... ......... ......... .........
         .........  3.64E+02
 
 OM23
+       ......... ......... ......... ......... ......... ......... ......... ......... ......... ......... ......... .........
         ......... ......... .........
 
 OM24
+       ......... ......... ......... ......... ......... ......... ......... ......... ......... ......... ......... .........
         ......... ......... ......... .........
 
 OM25
+       ......... ......... ......... ......... ......... ......... ......... ......... ......... ......... ......... .........
         ......... ......... ......... ......... .........
 
 OM26
+       ......... ......... ......... ......... ......... ......... ......... ......... ......... ......... ......... .........
         ......... ......... ......... ......... ......... .........
 
 OM33
+        1.35E+02 -1.94E+02  6.18E+02  8.26E+00  3.54E+02  8.61E+01  1.72E+03  4.62E+02 ......... ......... ......... .........
         .........  2.34E+02 ......... ......... ......... .........  5.74E+03
 
1

            TH 1      TH 2      TH 3      TH 4      TH 5      TH 6      TH 7      OM11      OM12      OM13      OM14      OM15  
             OM16      OM22      OM23      OM24      OM25      OM26      OM33      OM34      OM35      OM36      OM44      OM45  
            OM46      OM55      OM56      OM66      SG11  
 
 OM34
+       ......... ......... ......... ......... ......... ......... ......... ......... ......... ......... ......... .........
         ......... ......... ......... ......... ......... ......... ......... .........
 
 OM35
+       ......... ......... ......... ......... ......... ......... ......... ......... ......... ......... ......... .........
         ......... ......... ......... ......... ......... ......... ......... ......... .........
 
 OM36
+       ......... ......... ......... ......... ......... ......... ......... ......... ......... ......... ......... .........
         ......... ......... ......... ......... ......... ......... ......... ......... ......... .........
 
 OM44
+       -3.63E-02  1.86E+01 -1.89E+01 -3.63E+01  7.57E+01  1.25E+01  7.00E+01 -5.53E+01 ......... ......... ......... .........
         ......... -1.79E+01 ......... ......... ......... ......... -1.38E+02 ......... ......... .........  1.42E+02
 
 OM45
+       ......... ......... ......... ......... ......... ......... ......... ......... ......... ......... ......... .........
         ......... ......... ......... ......... ......... ......... ......... ......... ......... ......... ......... .........
 
 OM46
+       ......... ......... ......... ......... ......... ......... ......... ......... ......... ......... ......... .........
         ......... ......... ......... ......... ......... ......... ......... ......... ......... ......... ......... .........
        .........
 
 OM55
+       -1.83E+02  2.16E+01  1.20E+02  1.40E+02 -4.88E+02 -1.18E+02  1.03E+03  3.00E+02 ......... ......... ......... .........
         .........  1.95E+01 ......... ......... ......... ......... -8.07E+02 ......... ......... .........  5.62E+01 .........
        .........  1.96E+03
 
 OM56
+       ......... ......... ......... ......... ......... ......... ......... ......... ......... ......... ......... .........
         ......... ......... ......... ......... ......... ......... ......... ......... ......... ......... ......... .........
        ......... ......... .........
 
 OM66
+        5.84E+01 -5.12E+01  5.05E+01  6.14E+00  3.81E+01 -5.86E+00  2.17E+03  2.54E+02 ......... ......... ......... .........
         .........  5.83E+01 ......... ......... ......... .........  1.78E+02 ......... ......... .........  6.80E+01 .........
        ......... -6.59E+00 .........  5.76E+02
 
 SG11
+       ......... ......... ......... ......... ......... ......... ......... ......... ......... ......... ......... .........
         ......... ......... ......... ......... ......... ......... ......... ......... ......... ......... ......... .........
        ......... ......... ......... ......... .........
 
 Elapsed finaloutput time in seconds:     0.48
1THERE ARE ERROR MESSAGES IN FILE PRDERR                                                                  
 #CPUT: Total CPU Time in Seconds,     8633.388
Stop Time:
Sat Jul 19 10:05:51 CEST 2025
