Sat Jul 19 02:26:40 CEST 2025
$PROB    Infusion_2CPT_V1QV2VMKM MULTIPLE DOSES FOCEI runODE055
$INPUT   ID TIME DV LNDV MDV AMT RATE EVID DOSE VI VMI KMI QI V2I SD CMT
$DATA    Infusion_2CPTMM.csv IGNORE=@ IGNORE(SD.EQ.1)
$SUBR    ADVAN13 TOL=6
$MODEL
         COMP=(CENTRAL,DEFOBS,DEFDOSE)
         COMP=(PERI)
$PK
         VM=EXP(THETA(1)+ETA(1))
         KM=EXP(THETA(2)+ETA(2))
         V =EXP(THETA(3)+ETA(3))
         Q =EXP(THETA(4)+ETA(4))
         V2=EXP(THETA(5)+ETA(5))
         K12=Q/V
         K21=Q/V2
         S1=V
$DES
         C1=A(1)/V
         DADT(1)= K21*A(2)-K12*A(1)-VM*C1/(KM+C1)
         DADT(2)=-K21*A(2)+K12*A(1)
$ERROR
         IPRED = F
         RESCV = THETA(6)
         W     = IPRED*RESCV
         IRES  = DV-IPRED
         IWRES = IRES/W
         Y     = IPRED+W*EPS(1)

$THETA   7         ;log VM
$THETA   5.7       ;log KM
$THETA   4.5       ;log Vc
$THETA   1.5       ;log Q
$THETA   4         ;log Vp
$THETA   (0,0.3,1) ;RSV
$OMEGA   0.1 0.1 0.1 0.1 0.1
$SIGMA   1 FIX
$EST     NSIG=2 SIGL=6 PRINT=5 MAX=9999 NOABORT POSTHOC METHOD=COND INTER NOOBT
$COV
$TABLE  ID TIME LNDV MDV AMT EVID DOSE VI VMI KMI V VM KM Q V2 ETA1 ETA2 ETA3 ETA4 ETA5
        IPRED IRES IWRES CWRESI
        ONEHEADER NOPRINT FILE=runODE055.csv
NM-TRAN MESSAGES
  
 WARNINGS AND ERRORS (IF ANY) FOR PROBLEM    1
             
 (WARNING  2) NM-TRAN INFERS THAT THE DATA ARE POPULATION.

License Registered to: Novartis AG
Expiration Date:    14 JAN 2026
Current Date:       19 JUL 2025
Days until program expires : 180
1NONLINEAR MIXED EFFECTS MODEL PROGRAM (NONMEM) VERSION 7.4.3
 ORIGINALLY DEVELOPED BY STUART BEAL, LEWIS SHEINER, AND ALISON BOECKMANN
 CURRENT DEVELOPERS ARE ROBERT BAUER, ICON DEVELOPMENT SOLUTIONS,
 AND ALISON BOECKMANN. IMPLEMENTATION, EFFICIENCY, AND STANDARDIZATION
 PERFORMED BY NOUS INFOSYSTEMS.

 PROBLEM NO.:         1
 Infusion_2CPT_V1QV2VMKM MULTIPLE DOSES FOCEI runODE055
0DATA CHECKOUT RUN:              NO
 DATA SET LOCATED ON UNIT NO.:    2
 THIS UNIT TO BE REWOUND:        NO
 NO. OF DATA RECS IN DATA SET:     5520
 NO. OF DATA ITEMS IN DATA SET:  16
 ID DATA ITEM IS DATA ITEM NO.:   1
 DEP VARIABLE IS DATA ITEM NO.:   3
 MDV DATA ITEM IS DATA ITEM NO.:  5
0INDICES PASSED TO SUBROUTINE PRED:
   8   2   6   7   0   0  16   0   0   0   0
0LABELS FOR DATA ITEMS:
 ID TIME DV LNDV MDV AMT RATE EVID DOSE VI VMI KMI QI V2I SD CMT
0(NONBLANK) LABELS FOR PRED-DEFINED ITEMS:
 VM KM V Q V2 IPRED IRES IWRES
0FORMAT FOR DATA:
 (E3.0,3E6.0,E1.0,2E6.0,E1.0,E6.0,E5.0,E6.0,3E5.0,2E1.0)

 TOT. NO. OF OBS RECS:     4680
 TOT. NO. OF INDIVIDUALS:      120
0LENGTH OF THETA:   6
0DEFAULT THETA BOUNDARY TEST OMITTED:    NO
0OMEGA HAS SIMPLE DIAGONAL FORM WITH DIMENSION:   5
0DEFAULT OMEGA BOUNDARY TEST OMITTED:   YES
0SIGMA HAS SIMPLE DIAGONAL FORM WITH DIMENSION:   1
0DEFAULT SIGMA BOUNDARY TEST OMITTED:    NO
0INITIAL ESTIMATE OF THETA:
 LOWER BOUND    INITIAL EST    UPPER BOUND
 -0.1000E+07     0.7000E+01     0.1000E+07
 -0.1000E+07     0.5700E+01     0.1000E+07
 -0.1000E+07     0.4500E+01     0.1000E+07
 -0.1000E+07     0.1500E+01     0.1000E+07
 -0.1000E+07     0.4000E+01     0.1000E+07
  0.0000E+00     0.3000E+00     0.1000E+01
0INITIAL ESTIMATE OF OMEGA:
 0.1000E+00
 0.0000E+00   0.1000E+00
 0.0000E+00   0.0000E+00   0.1000E+00
 0.0000E+00   0.0000E+00   0.0000E+00   0.1000E+00
 0.0000E+00   0.0000E+00   0.0000E+00   0.0000E+00   0.1000E+00
0INITIAL ESTIMATE OF SIGMA:
 0.1000E+01
0SIGMA CONSTRAINED TO BE THIS INITIAL ESTIMATE
0COVARIANCE STEP OMITTED:        NO
 EIGENVLS. PRINTED:              NO
 SPECIAL COMPUTATION:            NO
 COMPRESSED FORMAT:              NO
 GRADIENT METHOD USED:     NOSLOW
 SIGDIGITS ETAHAT (SIGLO):                  -1
 SIGDIGITS GRADIENTS (SIGL):                -1
 EXCLUDE COV FOR FOCE (NOFCOV):              NO
 TURN OFF Cholesky Transposition of R Matrix (CHOLROFF): NO
 KNUTHSUMOFF:                                -1
 RESUME COV ANALYSIS (RESUME):               NO
 SIR SAMPLE SIZE (SIRSAMPLE):              -1
 NON-LINEARLY TRANSFORM THETAS DURING COV (THBND): 1
 PRECONDTIONING CYCLES (PRECOND):        0
 PRECONDTIONING TYPES (PRECONDS):        TOS
 FORCED PRECONDTIONING CYCLES (PFCOND):0
 PRECONDTIONING TYPE (PRETYPE):        0
 FORCED POS. DEFINITE SETTING: (FPOSDEF):0
0TABLES STEP OMITTED:    NO
 NO. OF TABLES:           1
 SEED NUMBER (SEED):    11456
 RANMETHOD:             3U
 MC SAMPLES (ESAMPLE):    300
 WRES SQUARE ROOT TYPE (WRESCHOL): EIGENVALUE
0-- TABLE   1 --
0RECORDS ONLY:    ALL
04 COLUMNS APPENDED:    YES
 PRINTED:                NO
 HEADERS:               ONE
 FILE TO BE FORWARDED:   NO
 FORMAT:                S1PE11.4
 LFORMAT:
 RFORMAT:
 FIXED_EFFECT_ETAS:
0USER-CHOSEN ITEMS:
 ID TIME LNDV MDV AMT EVID DOSE VI VMI KMI V VM KM Q V2 ETA1 ETA2 ETA3 ETA4 ETA5 IPRED IRES IWRES CWRESI
1DOUBLE PRECISION PREDPP VERSION 7.4.3

 GENERAL NONLINEAR KINETICS MODEL WITH STIFF/NONSTIFF EQUATIONS (LSODA, ADVAN13)
0MODEL SUBROUTINE USER-SUPPLIED - ID NO. 9999
0MAXIMUM NO. OF BASIC PK PARAMETERS:   5
0COMPARTMENT ATTRIBUTES
 COMPT. NO.   FUNCTION   INITIAL    ON/OFF      DOSE      DEFAULT    DEFAULT
                         STATUS     ALLOWED    ALLOWED    FOR DOSE   FOR OBS.
    1         CENTRAL      ON         YES        YES        YES        YES
    2         PERI         ON         YES        YES        NO         NO
    3         OUTPUT       OFF        YES        NO         NO         NO
 INITIAL (BASE) TOLERANCE SETTINGS:
 NRD (RELATIVE) VALUE(S) OF TOLERANCE:   6
 ANRD (ABSOLUTE) VALUE(S) OF TOLERANCE:  12
1
 ADDITIONAL PK PARAMETERS - ASSIGNMENT OF ROWS IN GG
 COMPT. NO.                             INDICES
              SCALE      BIOAVAIL.   ZERO-ORDER  ZERO-ORDER  ABSORB
                         FRACTION    RATE        DURATION    LAG
    1            6           *           *           *           *
    2            *           *           *           *           *
    3            *           -           -           -           -
             - PARAMETER IS NOT ALLOWED FOR THIS MODEL
             * PARAMETER IS NOT SUPPLIED BY PK SUBROUTINE;
               WILL DEFAULT TO ONE IF APPLICABLE
0DATA ITEM INDICES USED BY PRED ARE:
   EVENT ID DATA ITEM IS DATA ITEM NO.:      8
   TIME DATA ITEM IS DATA ITEM NO.:          2
   DOSE AMOUNT DATA ITEM IS DATA ITEM NO.:   6
   DOSE RATE DATA ITEM IS DATA ITEM NO.:     7
   COMPT. NO. DATA ITEM IS DATA ITEM NO.:   16

0PK SUBROUTINE CALLED WITH EVERY EVENT RECORD.
 PK SUBROUTINE NOT CALLED AT NONEVENT (ADDITIONAL OR LAGGED) DOSE TIMES.
0ERROR SUBROUTINE CALLED WITH EVERY EVENT RECORD.
0DES SUBROUTINE USES COMPACT STORAGE MODE.
1
 
 
 #TBLN:      1
 #METH: First Order Conditional Estimation with Interaction
 
 ESTIMATION STEP OMITTED:                 NO
 ANALYSIS TYPE:                           POPULATION
 NUMBER OF SADDLE POINT RESET ITERATIONS:      0
 GRADIENT METHOD USED:               NOSLOW
 CONDITIONAL ESTIMATES USED:              YES
 CENTERED ETA:                            NO
 EPS-ETA INTERACTION:                     YES
 LAPLACIAN OBJ. FUNC.:                    NO
 NO. OF FUNCT. EVALS. ALLOWED:            9999
 NO. OF SIG. FIGURES REQUIRED:            2
 INTERMEDIATE PRINTOUT:                   YES
 ESTIMATE OUTPUT TO MSF:                  NO
 ABORT WITH PRED EXIT CODE 1:             NO
 IND. OBJ. FUNC. VALUES SORTED:           NO
 NUMERICAL DERIVATIVE
       FILE REQUEST (NUMDER):               NONE
 MAP (ETAHAT) ESTIMATION METHOD (OPTMAP):   0
 ETA HESSIAN EVALUATION METHOD (ETADER):    0
 INITIAL ETA FOR MAP ESTIMATION (MCETA):    0
 SIGDIGITS FOR MAP ESTIMATION (SIGLO):      6
 GRADIENT SIGDIGITS OF
       FIXED EFFECTS PARAMETERS (SIGL):     6
 NOPRIOR SETTING (NOPRIOR):                 OFF
 NOCOV SETTING (NOCOV):                     OFF
 DERCONT SETTING (DERCONT):                 OFF
 FINAL ETA RE-EVALUATION (FNLETA):          ON
 EXCLUDE NON-INFLUENTIAL (NON-INFL.) ETAS
       IN SHRINKAGE (ETASTYPE):             NO
 NON-INFL. ETA CORRECTION (NONINFETA):      OFF
 RAW OUTPUT FILE (FILE): runODE055.ext
 EXCLUDE TITLE (NOTITLE):                   NO
 EXCLUDE COLUMN LABELS (NOLABEL):           NO
 FORMAT FOR ADDITIONAL FILES (FORMAT):      S1PE12.5
 PARAMETER ORDER FOR OUTPUTS (ORDER):       TSOL
 WISHART PRIOR DF INTERPRETATION (WISHTYPE):0
 KNUTHSUMOFF:                               0
 INCLUDE LNTWOPI:                           NO
 INCLUDE CONSTANT TERM TO PRIOR (PRIORC):   NO
 INCLUDE CONSTANT TERM TO OMEGA (ETA) (OLNTWOPI):NO
 ADDITIONAL CONVERGENCE TEST (CTYPE=4)?:    NO
 EM OR BAYESIAN METHOD USED:                 NONE

 TOLERANCES FOR ESTIMATION/EVALUATION STEP:
 NRD (RELATIVE) VALUE(S) OF TOLERANCE:   6
 ANRD (ABSOLUTE) VALUE(S) OF TOLERANCE:  12
 TOLERANCES FOR COVARIANCE STEP:
 NRD (RELATIVE) VALUE(S) OF TOLERANCE:   6
 ANRD (ABSOLUTE) VALUE(S) OF TOLERANCE:  12
 TOLERANCES FOR TABLE/SCATTER STEP:
 NRD (RELATIVE) VALUE(S) OF TOLERANCE:   6
 ANRD (ABSOLUTE) VALUE(S) OF TOLERANCE:  12
 
 THE FOLLOWING LABELS ARE EQUIVALENT
 PRED=PREDI
 RES=RESI
 WRES=WRESI
 IWRS=IWRESI
 IPRD=IPREDI
 IRS=IRESI
 
 MONITORING OF SEARCH:

 
0ITERATION NO.:    0    OBJECTIVE VALUE:   55806.4518585827        NO. OF FUNC. EVALS.:   8
 CUMULATIVE NO. OF FUNC. EVALS.:        8
 NPARAMETR:  7.0000E+00  5.7000E+00  4.5000E+00  1.5000E+00  4.0000E+00  3.0000E-01  1.0000E-01  1.0000E-01  1.0000E-01  1.0000E-01
             1.0000E-01
 PARAMETER:  1.0000E-01  1.0000E-01  1.0000E-01  1.0000E-01  1.0000E-01  1.0000E-01  1.0000E-01  1.0000E-01  1.0000E-01  1.0000E-01
             1.0000E-01
 GRADIENT:   2.6435E+04 -4.9908E+02  2.7301E+04  7.8262E+02  1.3286E+04  2.7881E+03 -5.9028E+00 -1.7324E+01 -6.9441E+01 -1.2380E+00
            -3.5347E+01
 
0ITERATION NO.:    5    OBJECTIVE VALUE:   54933.7018900019        NO. OF FUNC. EVALS.: 101
 CUMULATIVE NO. OF FUNC. EVALS.:      109
 NPARAMETR:  6.8213E+00  5.5760E+00  4.2485E+00  1.4867E+00  3.8652E+00  1.9131E-01  1.0011E-01  1.1578E-01  9.2940E-02  1.0158E-01
             9.9974E-02
 PARAMETER:  9.7448E-02  9.7825E-02  9.4412E-02  9.9113E-02  9.6630E-02 -4.9421E-01  1.0053E-01  1.7326E-01  6.3393E-02  1.0784E-01
             9.9871E-02
 GRADIENT:   3.7526E+04  3.7023E+03  1.1877E+04  1.0776E+03  8.7974E+03 -1.1316E+03 -2.3610E+01 -2.5336E+01  2.2208E+01 -2.7318E+01
            -3.3787E+01
 
0ITERATION NO.:   10    OBJECTIVE VALUE:   54858.3585801740        NO. OF FUNC. EVALS.: 101
 CUMULATIVE NO. OF FUNC. EVALS.:      210
 NPARAMETR:  6.8094E+00  5.7057E+00  4.2103E+00  1.4675E+00  3.7120E+00  2.0410E-01  1.0039E-01  1.7937E-01  8.8899E-02  1.0183E-01
             1.7803E-01
 PARAMETER:  9.7277E-02  1.0010E-01  9.3562E-02  9.7831E-02  9.2801E-02 -4.1354E-01  1.0196E-01  3.9214E-01  4.1166E-02  1.0907E-01
             3.8838E-01
 GRADIENT:   6.6568E+04 -1.4496E+04 -1.7348E+03  1.1026E+03 -2.6367E+02 -1.0611E+02 -4.0777E+01 -9.0421E+00  1.5758E+01 -1.8000E+01
             7.8932E+00
 
0ITERATION NO.:   15    OBJECTIVE VALUE:   54775.0949965494        NO. OF FUNC. EVALS.: 110
 CUMULATIVE NO. OF FUNC. EVALS.:      320
 NPARAMETR:  7.1323E+00  5.9820E+00  4.2473E+00  1.4325E+00  3.7053E+00  2.0680E-01  1.2585E-01  2.4322E-01  8.3454E-02  1.0230E-01
             1.4646E-01
 PARAMETER:  1.0189E-01  1.0495E-01  9.4385E-02  9.5502E-02  9.2633E-02 -3.9706E-01  2.1494E-01  5.4440E-01  9.5615E-03  1.1138E-01
             2.9078E-01
 GRADIENT:   7.4926E+04 -1.8854E+04  2.8138E+03  5.0883E+02  2.7480E+03  1.2102E+02  4.1011E+01 -8.7327E+00  1.3030E+01 -4.1699E+00
             2.3081E+00
 
0ITERATION NO.:   20    OBJECTIVE VALUE:   54773.4350761453        NO. OF FUNC. EVALS.: 102
 CUMULATIVE NO. OF FUNC. EVALS.:      422
 NPARAMETR:  7.0471E+00  6.2509E+00  4.2463E+00  1.3954E+00  3.7626E+00  2.0622E-01  1.4118E-01  2.5356E-01  8.2610E-02  1.0248E-01
             1.2933E-01
 PARAMETER:  1.0067E-01  1.0966E-01  9.4363E-02  9.3027E-02  9.4064E-02 -4.0059E-01  2.7245E-01  5.6522E-01  4.4826E-03  1.1223E-01
             2.2858E-01
 GRADIENT:   5.5510E+04 -1.4895E+04  2.5340E+03  9.8072E+02  2.1142E+03  1.1212E+02  1.5893E+01 -1.5357E+01  8.8872E+00 -1.1726E+01
             7.0811E-01
 
0ITERATION NO.:   25    OBJECTIVE VALUE:   54741.2701189387        NO. OF FUNC. EVALS.: 124
 CUMULATIVE NO. OF FUNC. EVALS.:      546             RESET HESSIAN, TYPE I
 NPARAMETR:  7.3293E+00  6.4110E+00  4.2459E+00  1.3366E+00  3.7635E+00  2.0400E-01  1.5749E-01  4.5929E-01  8.0671E-02  1.0751E-01
             1.2298E-01
 PARAMETER:  1.0470E-01  1.1247E-01  9.4353E-02  8.9108E-02  9.4087E-02 -4.1420E-01  3.2710E-01  8.6226E-01 -7.3930E-03  1.3619E-01
             2.0342E-01
 GRADIENT:   4.2317E+04  8.9860E+03  7.7260E+03  6.1029E+02  4.7802E+03  1.7652E+01  5.7712E+01  1.1666E+00  6.6954E+00 -2.2019E+00
            -7.5190E+00
 
0ITERATION NO.:   30    OBJECTIVE VALUE:   54706.1831771274        NO. OF FUNC. EVALS.: 124
 CUMULATIVE NO. OF FUNC. EVALS.:      670
 NPARAMETR:  7.4365E+00  6.7468E+00  4.2459E+00  1.3065E+00  3.6389E+00  2.0339E-01  7.3538E-02  4.7637E-01  7.8313E-02  1.0817E-01
             1.3805E-01
 PARAMETER:  1.0624E-01  1.1836E-01  9.4353E-02  8.7098E-02  9.0973E-02 -4.1794E-01 -5.3685E-02  8.8051E-01 -2.2226E-02  1.3927E-01
             2.6123E-01
 GRADIENT:   6.9770E+04 -1.9039E+04  3.5813E+02  5.0418E+02 -2.6661E+02  1.9054E+01  2.3125E+01 -3.7139E-01 -2.8290E-01 -9.5064E-01
            -7.6936E+00
 
0ITERATION NO.:   35    OBJECTIVE VALUE:   54671.5456218165        NO. OF FUNC. EVALS.:  84
 CUMULATIVE NO. OF FUNC. EVALS.:      754
 NPARAMETR:  7.4179E+00  6.7780E+00  4.2681E+00  6.5374E-01  3.6628E+00  2.0295E-01  1.1602E-02  5.7641E-01  7.8248E-02  1.1078E-01
             1.7033E-01
 PARAMETER:  1.0597E-01  1.1891E-01  9.4846E-02  4.3583E-02  9.1569E-02 -4.2063E-01 -9.7701E-01  9.7583E-01 -2.2644E-02  1.5119E-01
             3.6629E-01
 GRADIENT:   4.4072E+04  1.2956E+04  4.6488E+03  1.3670E+02 -1.1906E+03  3.8449E+01 -2.7896E+00 -1.7032E+01  1.5197E+00 -4.2589E+00
            -6.7631E+00
 
0ITERATION NO.:   40    OBJECTIVE VALUE:   54667.2015231713        NO. OF FUNC. EVALS.: 110
 CUMULATIVE NO. OF FUNC. EVALS.:      864             RESET HESSIAN, TYPE I
 NPARAMETR:  7.4077E+00  6.8208E+00  4.2862E+00  5.9409E-01  3.8054E+00  2.0238E-01  3.0180E-03  7.4361E-01  7.7826E-02  1.2659E-01
             1.8356E-01
 PARAMETER:  1.0582E-01  1.1966E-01  9.5249E-02  3.9606E-02  9.5134E-02 -4.2421E-01 -1.6503E+00  1.1032E+00 -2.5346E-02  2.1788E-01
             4.0369E-01
 GRADIENT:   4.4191E+04  1.2248E+04  7.3081E+03 -5.0064E+01  1.6350E+03  1.4156E+01 -3.6400E+00 -9.8211E+00  1.3683E+00 -1.0525E+00
             3.8071E+00
 
0ITERATION NO.:   45    OBJECTIVE VALUE:   54666.3287168480        NO. OF FUNC. EVALS.: 110
 CUMULATIVE NO. OF FUNC. EVALS.:      974
 NPARAMETR:  7.3864E+00  6.8845E+00  4.2864E+00  5.9279E-01  3.8107E+00  2.0236E-01  3.0332E-03  7.5277E-01  7.7889E-02  1.2463E-01
             1.8333E-01
 PARAMETER:  1.0552E-01  1.2078E-01  9.5253E-02  3.9519E-02  9.5267E-02 -4.2434E-01 -1.6478E+00  1.1093E+00 -2.4943E-02  2.1010E-01
             4.0307E-01
 GRADIENT:   7.5261E+04 -1.6745E+04  2.3276E+03 -3.2511E+01  2.1692E+02  1.6218E+01 -4.5825E+00 -1.3050E+01  8.2683E-01 -5.7058E-01
             3.7771E+00
 
0ITERATION NO.:   50    OBJECTIVE VALUE:   54666.3275287977        NO. OF FUNC. EVALS.: 115
 CUMULATIVE NO. OF FUNC. EVALS.:     1089
 NPARAMETR:  7.3845E+00  6.8890E+00  4.2864E+00  5.9191E-01  3.8133E+00  2.0235E-01  3.0509E-03  7.5698E-01  7.7910E-02  1.2372E-01
             1.8333E-01
 PARAMETER:  1.0549E-01  1.2086E-01  9.5253E-02  3.9461E-02  9.5334E-02 -4.2439E-01 -1.6449E+00  1.1121E+00 -2.4809E-02  2.0642E-01
             4.0306E-01
 GRADIENT:   7.5055E+04 -1.6676E+04  2.3288E+03 -3.2384E+01  2.1862E+02  1.6165E+01 -4.6625E+00 -1.3015E+01  8.2450E-01 -5.6592E-01
             3.7689E+00
 
0ITERATION NO.:   55    OBJECTIVE VALUE:   54665.5430689475        NO. OF FUNC. EVALS.: 123
 CUMULATIVE NO. OF FUNC. EVALS.:     1212
 NPARAMETR:  7.3956E+00  6.9040E+00  4.2854E+00  5.9815E-01  3.8132E+00  2.0210E-01  3.2613E-03  8.3647E-01  7.7647E-02  1.2654E-01
             1.7237E-01
 PARAMETER:  1.0565E-01  1.2112E-01  9.5232E-02  3.9877E-02  9.5329E-02 -4.2593E-01 -1.6115E+00  1.1620E+00 -2.6500E-02  2.1769E-01
             3.7225E-01
 GRADIENT:   7.5849E+04 -1.7075E+04  2.2252E+03 -3.3244E+01  1.1526E+02  2.1346E+00 -3.8522E+00 -2.6193E-01  2.1540E-01 -6.3101E-01
             7.4943E-01
 
0ITERATION NO.:   60    OBJECTIVE VALUE:   54664.9167237240        NO. OF FUNC. EVALS.: 135
 CUMULATIVE NO. OF FUNC. EVALS.:     1347
 NPARAMETR:  7.4177E+00  6.9495E+00  4.2830E+00  6.1336E-01  3.8121E+00  2.0201E-01  4.1987E-03  8.5370E-01  7.7818E-02  1.3153E-01
             1.6915E-01
 PARAMETER:  1.0597E-01  1.2192E-01  9.5178E-02  4.0891E-02  9.5304E-02 -4.2651E-01 -1.4852E+00  1.1722E+00 -2.5396E-02  2.3704E-01
             3.6279E-01
 GRADIENT:   7.5287E+04 -1.7424E+04  2.0026E+03 -1.8051E+01  1.3842E+02 -3.7729E-01 -2.8783E+00  2.6735E+00  4.4651E-01 -1.9499E-01
            -1.3170E-01
 
0ITERATION NO.:   65    OBJECTIVE VALUE:   54663.1591430735        NO. OF FUNC. EVALS.: 141
 CUMULATIVE NO. OF FUNC. EVALS.:     1488             RESET HESSIAN, TYPE I
 NPARAMETR:  7.3943E+00  6.9396E+00  4.2854E+00  6.0174E-01  3.8302E+00  2.0189E-01  1.6749E-02  8.0053E-01  7.7779E-02  1.3191E-01
             1.7458E-01
 PARAMETER:  1.0563E-01  1.2175E-01  9.5231E-02  4.0116E-02  9.5756E-02 -4.2721E-01 -7.9342E-01  1.1401E+00 -2.5649E-02  2.3846E-01
             3.7862E-01
 GRADIENT:   4.1588E+04  1.3963E+04  7.1735E+03  3.5585E+01  1.3444E+03 -2.0980E-01 -3.4937E-01 -1.0010E+00  1.1252E-01  3.1877E-01
             2.5001E-01
 
0ITERATION NO.:   70    OBJECTIVE VALUE:   54662.8687030861        NO. OF FUNC. EVALS.:  51
 CUMULATIVE NO. OF FUNC. EVALS.:     1539
 NPARAMETR:  7.2839E+00  6.6713E+00  4.2781E+00  5.7003E-01  3.8328E+00  2.0192E-01  2.2049E-02  7.7361E-01  7.7730E-02  1.3289E-01
             1.7462E-01
 PARAMETER:  1.0406E-01  1.1704E-01  9.5068E-02  3.8002E-02  9.5820E-02 -4.2702E-01 -6.5596E-01  1.1229E+00 -2.5966E-02  2.4218E-01
             3.7871E-01
 GRADIENT:   4.1841E+04  1.2279E+04  6.5354E+03  1.3329E+02  9.9174E+02 -4.3193E+00 -3.4069E+00  5.9564E+00  4.6409E-01 -3.5326E-01
             4.6749E-01
 
0ITERATION NO.:   75    OBJECTIVE VALUE:   54662.8554008990        NO. OF FUNC. EVALS.:  65
 CUMULATIVE NO. OF FUNC. EVALS.:     1604
 NPARAMETR:  7.2633E+00  6.6376E+00  4.2775E+00  5.5702E-01  3.8386E+00  2.0192E-01  2.5049E-02  7.6138E-01  7.7756E-02  1.3209E-01
             1.7527E-01
 PARAMETER:  1.0376E-01  1.1645E-01  9.5055E-02  3.7135E-02  9.5964E-02 -4.2701E-01 -5.9217E-01  1.1150E+00 -2.5795E-02  2.3916E-01
             3.8058E-01
 GRADIENT:   4.1573E+04  1.2164E+04  6.4511E+03  1.2570E+02  9.6989E+02 -4.2651E+00 -3.4721E+00  6.1401E+00  4.5322E-01 -2.5961E-01
             4.1912E-01
 
0ITERATION NO.:   80    OBJECTIVE VALUE:   54662.8527434300        NO. OF FUNC. EVALS.:  97
 CUMULATIVE NO. OF FUNC. EVALS.:     1701
 NPARAMETR:  7.2515E+00  6.6234E+00  4.2772E+00  5.5096E-01  3.8422E+00  2.0192E-01  2.6703E-02  7.5545E-01  7.7777E-02  1.3114E-01
             1.7577E-01
 PARAMETER:  1.0359E-01  1.1620E-01  9.5050E-02  3.6730E-02  9.6054E-02 -4.2702E-01 -5.6019E-01  1.1111E+00 -2.5661E-02  2.3554E-01
             3.8201E-01
 GRADIENT:   7.3228E+04 -1.5720E+04  1.5233E+03  9.9432E+01 -2.6790E+01 -6.7715E+00 -3.5692E+00  6.1117E+00  4.3079E-01 -2.1608E-01
             3.9870E-01
 
0ITERATION NO.:   85    OBJECTIVE VALUE:   54661.7139598452        NO. OF FUNC. EVALS.:  85
 CUMULATIVE NO. OF FUNC. EVALS.:     1786
 NPARAMETR:  7.1938E+00  6.5395E+00  4.2800E+00  4.9152E-01  3.8547E+00  2.0206E-01  4.4899E-02  6.7221E-01  7.7629E-02  1.3906E-01
             1.7254E-01
 PARAMETER:  1.0277E-01  1.1473E-01  9.5112E-02  3.2768E-02  9.6368E-02 -4.2618E-01 -3.0038E-01  1.0527E+00 -2.6614E-02  2.6486E-01
             3.7273E-01
 GRADIENT:   4.0275E+04  1.2041E+04  6.4011E+03  2.3512E+02  1.6689E+02  8.4409E+00 -5.5502E-01  4.8124E+00 -9.6796E-02 -1.0530E+01
             6.3422E+00
 
0ITERATION NO.:   90    OBJECTIVE VALUE:   54659.6724003081        NO. OF FUNC. EVALS.:  95
 CUMULATIVE NO. OF FUNC. EVALS.:     1881
 NPARAMETR:  7.1881E+00  6.5376E+00  4.2860E+00  4.3539E-01  3.8975E+00  2.0196E-01  4.7504E-02  6.3593E-01  7.7773E-02  2.1638E-01
             1.5323E-01
 PARAMETER:  1.0269E-01  1.1469E-01  9.5245E-02  2.9026E-02  9.7437E-02 -4.2682E-01 -2.7218E-01  1.0250E+00 -2.5690E-02  4.8593E-01
             3.1337E-01
 GRADIENT:   4.0852E+04  1.2103E+04  6.8727E+03 -6.8065E+01  1.4712E+03  8.6669E+00 -2.1126E+00 -4.3255E-01 -4.9934E-01  2.2249E+00
             3.7395E+00
 
0ITERATION NO.:   95    OBJECTIVE VALUE:   54659.5247382153        NO. OF FUNC. EVALS.: 131
 CUMULATIVE NO. OF FUNC. EVALS.:     2012
 NPARAMETR:  7.1855E+00  6.5423E+00  4.2896E+00  4.6972E-01  3.8861E+00  2.0185E-01  5.6321E-02  6.4194E-01  7.7971E-02  2.0242E-01
             1.4364E-01
 PARAMETER:  1.0265E-01  1.1478E-01  9.5324E-02  3.1315E-02  9.7154E-02 -4.2745E-01 -1.8705E-01  1.0297E+00 -2.4417E-02  4.5258E-01
             2.8107E-01
 GRADIENT:   6.9689E+04 -1.4539E+04  2.5937E+03  8.5864E+01  6.0841E+01 -2.0628E+00  1.7287E+00  2.8229E+00  5.9681E-02 -1.5220E+00
             9.6425E-02
 
0ITERATION NO.:  100    OBJECTIVE VALUE:   54659.4532476965        NO. OF FUNC. EVALS.: 134
 CUMULATIVE NO. OF FUNC. EVALS.:     2146
 NPARAMETR:  7.1837E+00  6.5440E+00  4.2891E+00  4.6210E-01  3.8868E+00  2.0188E-01  5.5746E-02  6.3202E-01  7.8038E-02  2.0767E-01
             1.4297E-01
 PARAMETER:  1.0262E-01  1.1481E-01  9.5314E-02  3.0807E-02  9.7169E-02 -4.2731E-01 -1.9218E-01  1.0219E+00 -2.3986E-02  4.6539E-01
             2.7875E-01
 GRADIENT:   6.9483E+04 -1.4432E+04  2.4628E+03  4.6932E+01  7.8118E+01 -4.2988E-02  1.0104E+00  1.3997E+00  1.1457E-01 -5.3340E-01
            -1.7487E-03
 
0ITERATION NO.:  105    OBJECTIVE VALUE:   54659.4126040267        NO. OF FUNC. EVALS.: 145
 CUMULATIVE NO. OF FUNC. EVALS.:     2291             RESET HESSIAN, TYPE I
 NPARAMETR:  7.1864E+00  6.5394E+00  4.2884E+00  4.5328E-01  3.8872E+00  2.0188E-01  5.3612E-02  6.2347E-01  7.8005E-02  2.1018E-01
             1.4292E-01
 PARAMETER:  1.0266E-01  1.1473E-01  9.5298E-02  3.0218E-02  9.7179E-02 -4.2726E-01 -2.1169E-01  1.0151E+00 -2.4196E-02  4.7140E-01
             2.7857E-01
 GRADIENT:   4.0472E+04  1.2238E+04  7.2771E+03  3.1466E+01  1.1492E+03  2.4796E+00  7.4358E-02  1.6029E-01  2.6378E-02 -6.7280E-02
             1.3049E-02
 
0ITERATION NO.:  107    OBJECTIVE VALUE:   54659.4126040267        NO. OF FUNC. EVALS.:  44
 CUMULATIVE NO. OF FUNC. EVALS.:     2335
 NPARAMETR:  7.1864E+00  6.5394E+00  4.2884E+00  4.5328E-01  3.8872E+00  2.0188E-01  5.3612E-02  6.2347E-01  7.8005E-02  2.1018E-01
             1.4292E-01
 PARAMETER:  1.0266E-01  1.1473E-01  9.5298E-02  3.0218E-02  9.7179E-02 -4.2726E-01 -2.1169E-01  1.0151E+00 -2.4196E-02  4.7140E-01
             2.7857E-01
 GRADIENT:  -8.8945E+00 -5.8896E+00  8.1319E+00  9.7006E-01  7.5144E+00 -1.0484E-01  7.0215E-02  1.3665E-01  3.3457E-02 -5.6484E-02
             3.5981E-02
 
 #TERM:
0MINIMIZATION SUCCESSFUL
 HOWEVER, PROBLEMS OCCURRED WITH THE MINIMIZATION.
 REGARD THE RESULTS OF THE ESTIMATION STEP CAREFULLY, AND ACCEPT THEM ONLY
 AFTER CHECKING THAT THE COVARIANCE STEP PRODUCES REASONABLE OUTPUT.
 NO. OF FUNCTION EVALUATIONS USED:     2335
 NO. OF SIG. DIGITS IN FINAL EST.:  2.0

 ETABAR IS THE ARITHMETIC MEAN OF THE ETA-ESTIMATES,
 AND THE P-VALUE IS GIVEN FOR THE NULL HYPOTHESIS THAT THE TRUE MEAN IS 0.
 
 ETABAR:         4.7710E-03 -1.8405E-02 -1.6192E-02  8.1903E-03  9.4562E-03
 SE:             9.7874E-03  5.1850E-02  2.3291E-02  2.2765E-02  2.1469E-02
 N:                     120         120         120         120         120
 
 P VAL.:         6.2593E-01  7.2261E-01  4.8692E-01  7.1901E-01  6.5961E-01
 
 ETASHRINKSD(%)  5.3501E+01  2.7765E+01  8.2655E+00  4.5377E+01  3.7530E+01
 ETASHRINKVR(%)  7.8379E+01  4.7820E+01  1.5848E+01  7.0164E+01  6.0975E+01
 EBVSHRINKSD(%)  5.2244E+01  2.8334E+01  9.1435E+00  4.7005E+01  3.7811E+01
 EBVSHRINKVR(%)  7.7193E+01  4.8639E+01  1.7451E+01  7.1916E+01  6.1325E+01
 EPSSHRINKSD(%)  2.7020E+00
 EPSSHRINKVR(%)  5.3309E+00
 
  
 TOTAL DATA POINTS NORMALLY DISTRIBUTED (N):         4680
 N*LOG(2PI) CONSTANT TO OBJECTIVE FUNCTION:    8601.26467079574     
 OBJECTIVE FUNCTION VALUE WITHOUT CONSTANT:    54659.4126040267     
 OBJECTIVE FUNCTION VALUE WITH CONSTANT:       63260.6772748225     
 REPORTED OBJECTIVE FUNCTION DOES NOT CONTAIN CONSTANT
  
 TOTAL EFFECTIVE ETAS (NIND*NETA):                           600
  
 #TERE:
 Elapsed estimation  time in seconds:  2790.10
 Elapsed covariance  time in seconds:   171.79
 Elapsed postprocess time in seconds:     1.89
1
 
 
 
 
 
 
 
 
 
 
 
 
 
 
 
 
 
 
 
 
 ************************************************************************************************************************
 ********************                                                                                ********************
 ********************               FIRST ORDER CONDITIONAL ESTIMATION WITH INTERACTION              ********************
 #OBJT:**************                       MINIMUM VALUE OF OBJECTIVE FUNCTION                      ********************
 ********************                                                                                ********************
 ************************************************************************************************************************
 





 #OBJV:********************************************    54659.413       **************************************************
1
 ************************************************************************************************************************
 ********************                                                                                ********************
 ********************               FIRST ORDER CONDITIONAL ESTIMATION WITH INTERACTION              ********************
 ********************                             FINAL PARAMETER ESTIMATE                           ********************
 ********************                                                                                ********************
 ************************************************************************************************************************
 


 THETA - VECTOR OF FIXED EFFECTS PARAMETERS   *********


         TH 1      TH 2      TH 3      TH 4      TH 5      TH 6     
 
         7.19E+00  6.54E+00  4.29E+00  4.53E-01  3.89E+00  2.02E-01
 


 OMEGA - COV MATRIX FOR RANDOM EFFECTS - ETAS  ********


         ETA1      ETA2      ETA3      ETA4      ETA5     
 
 ETA1
+        5.36E-02
 
 ETA2
+        0.00E+00  6.23E-01
 
 ETA3
+        0.00E+00  0.00E+00  7.80E-02
 
 ETA4
+        0.00E+00  0.00E+00  0.00E+00  2.10E-01
 
 ETA5
+        0.00E+00  0.00E+00  0.00E+00  0.00E+00  1.43E-01
 


 SIGMA - COV MATRIX FOR RANDOM EFFECTS - EPSILONS  ****


         EPS1     
 
 EPS1
+        1.00E+00
 
1


 OMEGA - CORR MATRIX FOR RANDOM EFFECTS - ETAS  *******


         ETA1      ETA2      ETA3      ETA4      ETA5     
 
 ETA1
+        2.32E-01
 
 ETA2
+        0.00E+00  7.90E-01
 
 ETA3
+        0.00E+00  0.00E+00  2.79E-01
 
 ETA4
+        0.00E+00  0.00E+00  0.00E+00  4.58E-01
 
 ETA5
+        0.00E+00  0.00E+00  0.00E+00  0.00E+00  3.78E-01
 


 SIGMA - CORR MATRIX FOR RANDOM EFFECTS - EPSILONS  ***


         EPS1     
 
 EPS1
+        1.00E+00
 
1
 ************************************************************************************************************************
 ********************                                                                                ********************
 ********************               FIRST ORDER CONDITIONAL ESTIMATION WITH INTERACTION              ********************
 ********************                            STANDARD ERROR OF ESTIMATE                          ********************
 ********************                                                                                ********************
 ************************************************************************************************************************
 


 THETA - VECTOR OF FIXED EFFECTS PARAMETERS   *********


         TH 1      TH 2      TH 3      TH 4      TH 5      TH 6     
 
         7.27E-01  2.22E+00  2.21E-01  1.50E+00  7.20E-01  2.87E-03
 


 OMEGA - COV MATRIX FOR RANDOM EFFECTS - ETAS  ********


         ETA1      ETA2      ETA3      ETA4      ETA5     
 
 ETA1
+        1.17E-01
 
 ETA2
+       .........  5.42E-01
 
 ETA3
+       ......... .........  1.21E-02
 
 ETA4
+       ......... ......... .........  1.16E-01
 
 ETA5
+       ......... ......... ......... .........  6.12E-02
 


 SIGMA - COV MATRIX FOR RANDOM EFFECTS - EPSILONS  ****


         EPS1     
 
 EPS1
+       .........
 
1


 OMEGA - CORR MATRIX FOR RANDOM EFFECTS - ETAS  *******


         ETA1      ETA2      ETA3      ETA4      ETA5     
 
 ETA1
+        2.53E-01
 
 ETA2
+       .........  3.43E-01
 
 ETA3
+       ......... .........  2.16E-02
 
 ETA4
+       ......... ......... .........  1.26E-01
 
 ETA5
+       ......... ......... ......... .........  8.09E-02
 


 SIGMA - CORR MATRIX FOR RANDOM EFFECTS - EPSILONS  ***


         EPS1     
 
 EPS1
+       .........
 
1
 ************************************************************************************************************************
 ********************                                                                                ********************
 ********************               FIRST ORDER CONDITIONAL ESTIMATION WITH INTERACTION              ********************
 ********************                          COVARIANCE MATRIX OF ESTIMATE                         ********************
 ********************                                                                                ********************
 ************************************************************************************************************************
 

            TH 1      TH 2      TH 3      TH 4      TH 5      TH 6      OM11      OM12      OM13      OM14      OM15      OM22  
             OM23      OM24      OM25      OM33      OM34      OM35      OM44      OM45      OM55      SG11  
 
 TH 1
+        5.28E-01
 
 TH 2
+        1.61E+00  4.95E+00
 
 TH 3
+       -1.58E-01 -4.85E-01  4.87E-02
 
 TH 4
+        1.08E+00  3.32E+00 -3.27E-01  2.24E+00
 
 TH 5
+        5.21E-01  1.60E+00 -1.58E-01  1.08E+00  5.18E-01
 
 TH 6
+       -9.76E-04 -2.94E-03  2.99E-04 -2.00E-03 -9.50E-04  8.22E-06
 
 OM11
+       -8.33E-02 -2.54E-01  2.49E-02 -1.70E-01 -8.21E-02  1.52E-04  1.37E-02
 
 OM12
+       ......... ......... ......... ......... ......... ......... ......... .........
 
 OM13
+       ......... ......... ......... ......... ......... ......... ......... ......... .........
 
 OM14
+       ......... ......... ......... ......... ......... ......... ......... ......... ......... .........
 
 OM15
+       ......... ......... ......... ......... ......... ......... ......... ......... ......... ......... .........
 
 OM22
+        3.92E-01  1.20E+00 -1.18E-01  8.08E-01  3.89E-01 -7.20E-04 -6.18E-02 ......... ......... ......... .........  2.94E-01
 
 OM23
+       ......... ......... ......... ......... ......... ......... ......... ......... ......... ......... ......... .........
         .........
 
 OM24
+       ......... ......... ......... ......... ......... ......... ......... ......... ......... ......... ......... .........
         ......... .........
 
 OM25
+       ......... ......... ......... ......... ......... ......... ......... ......... ......... ......... ......... .........
         ......... ......... .........
 
 OM33
+        2.91E-03  8.88E-03 -8.11E-04  6.05E-03  2.91E-03 -5.82E-06 -4.97E-04 ......... ......... ......... .........  2.20E-03
         ......... ......... .........  1.46E-04
 
 OM34
+       ......... ......... ......... ......... ......... ......... ......... ......... ......... ......... ......... .........
         ......... ......... ......... ......... .........
 
 OM35
+       ......... ......... ......... ......... ......... ......... ......... ......... ......... ......... ......... .........
         ......... ......... ......... ......... ......... .........
 
 OM44
+       -6.00E-02 -1.87E-01  1.83E-02 -1.25E-01 -6.05E-02  9.92E-05  1.00E-02 ......... ......... ......... ......... -4.58E-02
         ......... ......... ......... -3.43E-04 ......... .........  1.34E-02
 
1

            TH 1      TH 2      TH 3      TH 4      TH 5      TH 6      OM11      OM12      OM13      OM14      OM15      OM22  
             OM23      OM24      OM25      OM33      OM34      OM35      OM44      OM45      OM55      SG11  
 
 OM45
+       ......... ......... ......... ......... ......... ......... ......... ......... ......... ......... ......... .........
         ......... ......... ......... ......... ......... ......... ......... .........
 
 OM55
+       -3.23E-02 -9.90E-02  9.79E-03 -6.71E-02 -3.22E-02  5.26E-05  5.22E-03 ......... ......... ......... ......... -2.42E-02
         ......... ......... ......... -1.96E-04 ......... .........  2.46E-03 .........  3.74E-03
 
 SG11
+       ......... ......... ......... ......... ......... ......... ......... ......... ......... ......... ......... .........
         ......... ......... ......... ......... ......... ......... ......... ......... ......... .........
 
1
 ************************************************************************************************************************
 ********************                                                                                ********************
 ********************               FIRST ORDER CONDITIONAL ESTIMATION WITH INTERACTION              ********************
 ********************                          CORRELATION MATRIX OF ESTIMATE                        ********************
 ********************                                                                                ********************
 ************************************************************************************************************************
 

            TH 1      TH 2      TH 3      TH 4      TH 5      TH 6      OM11      OM12      OM13      OM14      OM15      OM22  
             OM23      OM24      OM25      OM33      OM34      OM35      OM44      OM45      OM55      SG11  
 
 TH 1
+        7.27E-01
 
 TH 2
+        9.98E-01  2.22E+00
 
 TH 3
+       -9.87E-01 -9.89E-01  2.21E-01
 
 TH 4
+        9.96E-01  9.97E-01 -9.92E-01  1.50E+00
 
 TH 5
+        9.96E-01  9.98E-01 -9.92E-01  9.99E-01  7.20E-01
 
 TH 6
+       -4.68E-01 -4.61E-01  4.72E-01 -4.67E-01 -4.60E-01  2.87E-03
 
 OM11
+       -9.79E-01 -9.77E-01  9.65E-01 -9.72E-01 -9.74E-01  4.52E-01  1.17E-01
 
 OM12
+       ......... ......... ......... ......... ......... ......... ......... .........
 
 OM13
+       ......... ......... ......... ......... ......... ......... ......... ......... .........
 
 OM14
+       ......... ......... ......... ......... ......... ......... ......... ......... ......... .........
 
 OM15
+       ......... ......... ......... ......... ......... ......... ......... ......... ......... ......... .........
 
 OM22
+        9.96E-01  9.98E-01 -9.89E-01  9.96E-01  9.97E-01 -4.63E-01 -9.75E-01 ......... ......... ......... .........  5.42E-01
 
 OM23
+       ......... ......... ......... ......... ......... ......... ......... ......... ......... ......... ......... .........
         .........
 
 OM24
+       ......... ......... ......... ......... ......... ......... ......... ......... ......... ......... ......... .........
         ......... .........
 
 OM25
+       ......... ......... ......... ......... ......... ......... ......... ......... ......... ......... ......... .........
         ......... ......... .........
 
 OM33
+        3.32E-01  3.30E-01 -3.04E-01  3.35E-01  3.35E-01 -1.68E-01 -3.51E-01 ......... ......... ......... .........  3.36E-01
         ......... ......... .........  1.21E-02
 
 OM34
+       ......... ......... ......... ......... ......... ......... ......... ......... ......... ......... ......... .........
         ......... ......... ......... ......... .........
 
 OM35
+       ......... ......... ......... ......... ......... ......... ......... ......... ......... ......... ......... .........
         ......... ......... ......... ......... ......... .........
 
 OM44
+       -7.14E-01 -7.26E-01  7.17E-01 -7.24E-01 -7.28E-01  2.99E-01  7.40E-01 ......... ......... ......... ......... -7.32E-01
         ......... ......... ......... -2.46E-01 ......... .........  1.16E-01
 
1

            TH 1      TH 2      TH 3      TH 4      TH 5      TH 6      OM11      OM12      OM13      OM14      OM15      OM22  
             OM23      OM24      OM25      OM33      OM34      OM35      OM44      OM45      OM55      SG11  
 
 OM45
+       ......... ......... ......... ......... ......... ......... ......... ......... ......... ......... ......... .........
         ......... ......... ......... ......... ......... ......... ......... .........
 
 OM55
+       -7.26E-01 -7.28E-01  7.26E-01 -7.34E-01 -7.32E-01  3.00E-01  7.29E-01 ......... ......... ......... ......... -7.31E-01
         ......... ......... ......... -2.65E-01 ......... .........  3.49E-01 .........  6.12E-02
 
 SG11
+       ......... ......... ......... ......... ......... ......... ......... ......... ......... ......... ......... .........
         ......... ......... ......... ......... ......... ......... ......... ......... ......... .........
 
1
 ************************************************************************************************************************
 ********************                                                                                ********************
 ********************               FIRST ORDER CONDITIONAL ESTIMATION WITH INTERACTION              ********************
 ********************                      INVERSE COVARIANCE MATRIX OF ESTIMATE                     ********************
 ********************                                                                                ********************
 ************************************************************************************************************************
 

            TH 1      TH 2      TH 3      TH 4      TH 5      TH 6      OM11      OM12      OM13      OM14      OM15      OM22  
             OM23      OM24      OM25      OM33      OM34      OM35      OM44      OM45      OM55      SG11  
 
 TH 1
+        7.33E+02
 
 TH 2
+       -2.12E+02  1.98E+02
 
 TH 3
+       -1.25E+02 -5.03E+01  1.61E+03
 
 TH 4
+       -2.41E+02  1.18E+02  1.13E+02  3.78E+02
 
 TH 5
+        4.92E+02 -4.70E+02  4.86E+02 -8.44E+02  2.86E+03
 
 TH 6
+        3.83E+02 -5.60E+01 -2.04E+03  1.10E+03 -3.44E+03  1.67E+05
 
 OM11
+        6.20E+02 -7.94E+00 -2.42E+02 -2.26E+02  2.84E+02 -5.30E+02  2.39E+03
 
 OM12
+       ......... ......... ......... ......... ......... ......... ......... .........
 
 OM13
+       ......... ......... ......... ......... ......... ......... ......... ......... .........
 
 OM14
+       ......... ......... ......... ......... ......... ......... ......... ......... ......... .........
 
 OM15
+       ......... ......... ......... ......... ......... ......... ......... ......... ......... ......... .........
 
 OM22
+       -6.04E+01 -2.55E+02  3.76E+01 -7.43E+01  6.01E+01  8.67E+02 -2.48E+02 ......... ......... ......... .........  1.27E+03
 
 OM23
+       ......... ......... ......... ......... ......... ......... ......... ......... ......... ......... ......... .........
         .........
 
 OM24
+       ......... ......... ......... ......... ......... ......... ......... ......... ......... ......... ......... .........
         ......... .........
 
 OM25
+       ......... ......... ......... ......... ......... ......... ......... ......... ......... ......... ......... .........
         ......... ......... .........
 
 OM33
+        1.40E+02  1.95E+02 -1.06E+03 -2.83E+01 -6.30E+02  1.74E+03  8.24E+02 ......... ......... ......... ......... -4.25E+02
         ......... ......... .........  8.78E+03
 
 OM34
+       ......... ......... ......... ......... ......... ......... ......... ......... ......... ......... ......... .........
         ......... ......... ......... ......... .........
 
 OM35
+       ......... ......... ......... ......... ......... ......... ......... ......... ......... ......... ......... .........
         ......... ......... ......... ......... ......... .........
 
 OM44
+       -1.68E+02 -4.00E+00  7.75E+01  2.71E+01  2.26E+01  4.28E+02 -3.46E+02 ......... ......... ......... .........  1.58E+02
         ......... ......... ......... -1.49E+02 ......... .........  2.66E+02
 
1

            TH 1      TH 2      TH 3      TH 4      TH 5      TH 6      OM11      OM12      OM13      OM14      OM15      OM22  
             OM23      OM24      OM25      OM33      OM34      OM35      OM44      OM45      OM55      SG11  
 
 OM45
+       ......... ......... ......... ......... ......... ......... ......... ......... ......... ......... ......... .........
         ......... ......... ......... ......... ......... ......... ......... .........
 
 OM55
+       -2.00E+02 -2.25E+01  1.00E+02  7.14E+01 -2.67E+00  1.11E+03 -4.85E+02 ......... ......... ......... .........  2.15E+02
         ......... ......... ......... -1.59E+02 ......... .........  2.43E+02 .........  8.25E+02
 
 SG11
+       ......... ......... ......... ......... ......... ......... ......... ......... ......... ......... ......... .........
         ......... ......... ......... ......... ......... ......... ......... ......... ......... .........
 
 Elapsed finaloutput time in seconds:     0.53
1THERE ARE ERROR MESSAGES IN FILE PRDERR                                                                  
 #CPUT: Total CPU Time in Seconds,     2931.205
Stop Time:
Sat Jul 19 03:16:24 CEST 2025
