Sat Jul 19 10:05:52 CEST 2025
$PROB    Oral1_2CPT_KAV1QV2VMKM SINGLE and MULTIPLE DOSE FOCEI (120 Ind/2280 Obs) runODE070
$INPUT   ID TIME DV LNDV MDV AMT EVID DOSE VI VMI KMI QI V2I KAI SD CMT
$DATA    Oral_2CPTMM.csv IGNORE=@
$SUBR    ADVAN13 TOL=6
$MODEL
         COMP=(ABS,DEFDOSE)
         COMP=(CENTRAL,DEFOBS)
         COMP=(PERI)
$PK
         VM=EXP(THETA(1)+ETA(1))
         KM=EXP(THETA(2)+ETA(2))
         V2=EXP(THETA(3)+ETA(3))
         Q =EXP(THETA(4)+ETA(4))
         V3=EXP(THETA(5)+ETA(5))
         K12=EXP(THETA(6)+ETA(6))
         K23=Q/V2
         K32=Q/V3
         S2=V2
$DES
         C2     =  A(2)/V2
         DADT(1)= -K12*A(1)
         DADT(2)=  K12*A(1)+K32*A(3)-K23*A(2)-VM*C2/(KM+C2)
         DADT(3)=         -K32*A(3)+K23*A(2)
$ERROR
         IPRED = F
         RESCV = THETA(7)
         W     = IPRED*RESCV
         IRES  = DV-IPRED
         IWRES = IRES/W
         Y     = IPRED+W*EPS(1)

$THETA   7.1       ;log VM
$THETA   5.7       ;log KM
$THETA   4.5       ;log Vc
$THETA   1.6       ;log Q
$THETA   4.1       ;log Vp
$THETA   0.22      ;log KA
$THETA   (0,0.3,1) ;RSV
$OMEGA   0.15 0.15 0.15 0.15 0.15 0.15
$SIGMA   1 FIX
$EST     NSIG=2 SIGL=6 PRINT=5 MAX=9999 NOABORT POSTHOC METHOD=COND INTER NOOBT
$COV
$TABLE  ID TIME LNDV MDV AMT EVID DOSE VI VMI KMI V2I V2 VM KM Q V3 K12 ETA1 ETA2 ETA3 ETA4 ETA5 ETA6
        IPRED IRES IWRES CWRESI
        ONEHEADER NOPRINT FILE=runODE070.csv
NM-TRAN MESSAGES
  
 WARNINGS AND ERRORS (IF ANY) FOR PROBLEM    1
             
 (WARNING  2) NM-TRAN INFERS THAT THE DATA ARE POPULATION.

License Registered to: Novartis AG
Expiration Date:    14 JAN 2026
Current Date:       19 JUL 2025
Days until program expires : 180
1NONLINEAR MIXED EFFECTS MODEL PROGRAM (NONMEM) VERSION 7.4.3
 ORIGINALLY DEVELOPED BY STUART BEAL, LEWIS SHEINER, AND ALISON BOECKMANN
 CURRENT DEVELOPERS ARE ROBERT BAUER, ICON DEVELOPMENT SOLUTIONS,
 AND ALISON BOECKMANN. IMPLEMENTATION, EFFICIENCY, AND STANDARDIZATION
 PERFORMED BY NOUS INFOSYSTEMS.

 PROBLEM NO.:         1
 Oral1_2CPT_KAV1QV2VMKM SINGLE and MULTIPLE DOSE FOCEI (120 Ind/2280 Obs)
0DATA CHECKOUT RUN:              NO
 DATA SET LOCATED ON UNIT NO.:    2
 THIS UNIT TO BE REWOUND:        NO
 NO. OF DATA RECS IN DATA SET:     7920
 NO. OF DATA ITEMS IN DATA SET:  16
 ID DATA ITEM IS DATA ITEM NO.:   1
 DEP VARIABLE IS DATA ITEM NO.:   3
 MDV DATA ITEM IS DATA ITEM NO.:  5
0INDICES PASSED TO SUBROUTINE PRED:
   7   2   6   0   0   0  16   0   0   0   0
0LABELS FOR DATA ITEMS:
 ID TIME DV LNDV MDV AMT EVID DOSE VI VMI KMI QI V2I KAI SD CMT
0(NONBLANK) LABELS FOR PRED-DEFINED ITEMS:
 VM KM V2 Q V3 K12 IPRED IRES IWRES
0FORMAT FOR DATA:
 (E3.0,3E6.0,E1.0,E5.0,E1.0,2E5.0,E6.0,E5.0,E4.0,2E5.0,2E1.0)

 TOT. NO. OF OBS RECS:     6960
 TOT. NO. OF INDIVIDUALS:      120
0LENGTH OF THETA:   7
0DEFAULT THETA BOUNDARY TEST OMITTED:    NO
0OMEGA HAS SIMPLE DIAGONAL FORM WITH DIMENSION:   6
0DEFAULT OMEGA BOUNDARY TEST OMITTED:   YES
0SIGMA HAS SIMPLE DIAGONAL FORM WITH DIMENSION:   1
0DEFAULT SIGMA BOUNDARY TEST OMITTED:    NO
0INITIAL ESTIMATE OF THETA:
 LOWER BOUND    INITIAL EST    UPPER BOUND
 -0.1000E+07     0.7100E+01     0.1000E+07
 -0.1000E+07     0.5700E+01     0.1000E+07
 -0.1000E+07     0.4500E+01     0.1000E+07
 -0.1000E+07     0.1600E+01     0.1000E+07
 -0.1000E+07     0.4100E+01     0.1000E+07
 -0.1000E+07     0.2200E+00     0.1000E+07
  0.0000E+00     0.3000E+00     0.1000E+01
0INITIAL ESTIMATE OF OMEGA:
 0.1500E+00
 0.0000E+00   0.1500E+00
 0.0000E+00   0.0000E+00   0.1500E+00
 0.0000E+00   0.0000E+00   0.0000E+00   0.1500E+00
 0.0000E+00   0.0000E+00   0.0000E+00   0.0000E+00   0.1500E+00
 0.0000E+00   0.0000E+00   0.0000E+00   0.0000E+00   0.0000E+00   0.1500E+00
0INITIAL ESTIMATE OF SIGMA:
 0.1000E+01
0SIGMA CONSTRAINED TO BE THIS INITIAL ESTIMATE
0COVARIANCE STEP OMITTED:        NO
 EIGENVLS. PRINTED:              NO
 SPECIAL COMPUTATION:            NO
 COMPRESSED FORMAT:              NO
 GRADIENT METHOD USED:     NOSLOW
 SIGDIGITS ETAHAT (SIGLO):                  -1
 SIGDIGITS GRADIENTS (SIGL):                -1
 EXCLUDE COV FOR FOCE (NOFCOV):              NO
 TURN OFF Cholesky Transposition of R Matrix (CHOLROFF): NO
 KNUTHSUMOFF:                                -1
 RESUME COV ANALYSIS (RESUME):               NO
 SIR SAMPLE SIZE (SIRSAMPLE):              -1
 NON-LINEARLY TRANSFORM THETAS DURING COV (THBND): 1
 PRECONDTIONING CYCLES (PRECOND):        0
 PRECONDTIONING TYPES (PRECONDS):        TOS
 FORCED PRECONDTIONING CYCLES (PFCOND):0
 PRECONDTIONING TYPE (PRETYPE):        0
 FORCED POS. DEFINITE SETTING: (FPOSDEF):0
0TABLES STEP OMITTED:    NO
 NO. OF TABLES:           1
 SEED NUMBER (SEED):    11456
 RANMETHOD:             3U
 MC SAMPLES (ESAMPLE):    300
 WRES SQUARE ROOT TYPE (WRESCHOL): EIGENVALUE
0-- TABLE   1 --
0RECORDS ONLY:    ALL
04 COLUMNS APPENDED:    YES
 PRINTED:                NO
 HEADERS:               ONE
 FILE TO BE FORWARDED:   NO
 FORMAT:                S1PE11.4
 LFORMAT:
 RFORMAT:
 FIXED_EFFECT_ETAS:
0USER-CHOSEN ITEMS:
 ID TIME LNDV MDV AMT EVID DOSE VI VMI KMI V2I V2 VM KM Q V3 K12 ETA1 ETA2 ETA3 ETA4 ETA5 ETA6 IPRED IRES IWRES CWRESI
1DOUBLE PRECISION PREDPP VERSION 7.4.3

 GENERAL NONLINEAR KINETICS MODEL WITH STIFF/NONSTIFF EQUATIONS (LSODA, ADVAN13)
0MODEL SUBROUTINE USER-SUPPLIED - ID NO. 9999
0MAXIMUM NO. OF BASIC PK PARAMETERS:   6
0COMPARTMENT ATTRIBUTES
 COMPT. NO.   FUNCTION   INITIAL    ON/OFF      DOSE      DEFAULT    DEFAULT
                         STATUS     ALLOWED    ALLOWED    FOR DOSE   FOR OBS.
    1         ABS          ON         YES        YES        YES        NO
    2         CENTRAL      ON         YES        YES        NO         YES
    3         PERI         ON         YES        YES        NO         NO
    4         OUTPUT       OFF        YES        NO         NO         NO
 INITIAL (BASE) TOLERANCE SETTINGS:
 NRD (RELATIVE) VALUE(S) OF TOLERANCE:   6
 ANRD (ABSOLUTE) VALUE(S) OF TOLERANCE:  12
1
 ADDITIONAL PK PARAMETERS - ASSIGNMENT OF ROWS IN GG
 COMPT. NO.                             INDICES
              SCALE      BIOAVAIL.   ZERO-ORDER  ZERO-ORDER  ABSORB
                         FRACTION    RATE        DURATION    LAG
    1            *           *           *           *           *
    2            7           *           *           *           *
    3            *           *           *           *           *
    4            *           -           -           -           -
             - PARAMETER IS NOT ALLOWED FOR THIS MODEL
             * PARAMETER IS NOT SUPPLIED BY PK SUBROUTINE;
               WILL DEFAULT TO ONE IF APPLICABLE
0DATA ITEM INDICES USED BY PRED ARE:
   EVENT ID DATA ITEM IS DATA ITEM NO.:      7
   TIME DATA ITEM IS DATA ITEM NO.:          2
   DOSE AMOUNT DATA ITEM IS DATA ITEM NO.:   6
   COMPT. NO. DATA ITEM IS DATA ITEM NO.:   16

0PK SUBROUTINE CALLED WITH EVERY EVENT RECORD.
 PK SUBROUTINE NOT CALLED AT NONEVENT (ADDITIONAL OR LAGGED) DOSE TIMES.
0ERROR SUBROUTINE CALLED WITH EVERY EVENT RECORD.
0DES SUBROUTINE USES COMPACT STORAGE MODE.
1
 
 
 #TBLN:      1
 #METH: First Order Conditional Estimation with Interaction
 
 ESTIMATION STEP OMITTED:                 NO
 ANALYSIS TYPE:                           POPULATION
 NUMBER OF SADDLE POINT RESET ITERATIONS:      0
 GRADIENT METHOD USED:               NOSLOW
 CONDITIONAL ESTIMATES USED:              YES
 CENTERED ETA:                            NO
 EPS-ETA INTERACTION:                     YES
 LAPLACIAN OBJ. FUNC.:                    NO
 NO. OF FUNCT. EVALS. ALLOWED:            9999
 NO. OF SIG. FIGURES REQUIRED:            2
 INTERMEDIATE PRINTOUT:                   YES
 ESTIMATE OUTPUT TO MSF:                  NO
 ABORT WITH PRED EXIT CODE 1:             NO
 IND. OBJ. FUNC. VALUES SORTED:           NO
 NUMERICAL DERIVATIVE
       FILE REQUEST (NUMDER):               NONE
 MAP (ETAHAT) ESTIMATION METHOD (OPTMAP):   0
 ETA HESSIAN EVALUATION METHOD (ETADER):    0
 INITIAL ETA FOR MAP ESTIMATION (MCETA):    0
 SIGDIGITS FOR MAP ESTIMATION (SIGLO):      6
 GRADIENT SIGDIGITS OF
       FIXED EFFECTS PARAMETERS (SIGL):     6
 NOPRIOR SETTING (NOPRIOR):                 OFF
 NOCOV SETTING (NOCOV):                     OFF
 DERCONT SETTING (DERCONT):                 OFF
 FINAL ETA RE-EVALUATION (FNLETA):          ON
 EXCLUDE NON-INFLUENTIAL (NON-INFL.) ETAS
       IN SHRINKAGE (ETASTYPE):             NO
 NON-INFL. ETA CORRECTION (NONINFETA):      OFF
 RAW OUTPUT FILE (FILE): runODE070.ext
 EXCLUDE TITLE (NOTITLE):                   NO
 EXCLUDE COLUMN LABELS (NOLABEL):           NO
 FORMAT FOR ADDITIONAL FILES (FORMAT):      S1PE12.5
 PARAMETER ORDER FOR OUTPUTS (ORDER):       TSOL
 WISHART PRIOR DF INTERPRETATION (WISHTYPE):0
 KNUTHSUMOFF:                               0
 INCLUDE LNTWOPI:                           NO
 INCLUDE CONSTANT TERM TO PRIOR (PRIORC):   NO
 INCLUDE CONSTANT TERM TO OMEGA (ETA) (OLNTWOPI):NO
 ADDITIONAL CONVERGENCE TEST (CTYPE=4)?:    NO
 EM OR BAYESIAN METHOD USED:                 NONE

 TOLERANCES FOR ESTIMATION/EVALUATION STEP:
 NRD (RELATIVE) VALUE(S) OF TOLERANCE:   6
 ANRD (ABSOLUTE) VALUE(S) OF TOLERANCE:  12
 TOLERANCES FOR COVARIANCE STEP:
 NRD (RELATIVE) VALUE(S) OF TOLERANCE:   6
 ANRD (ABSOLUTE) VALUE(S) OF TOLERANCE:  12
 TOLERANCES FOR TABLE/SCATTER STEP:
 NRD (RELATIVE) VALUE(S) OF TOLERANCE:   6
 ANRD (ABSOLUTE) VALUE(S) OF TOLERANCE:  12
 
 THE FOLLOWING LABELS ARE EQUIVALENT
 PRED=PREDI
 RES=RESI
 WRES=WRESI
 IWRS=IWRESI
 IPRD=IPREDI
 IRS=IRESI
 
 MONITORING OF SEARCH:

 
0ITERATION NO.:    0    OBJECTIVE VALUE:   71196.1733193823        NO. OF FUNC. EVALS.:   9
 CUMULATIVE NO. OF FUNC. EVALS.:        9
 NPARAMETR:  7.1000E+00  5.7000E+00  4.5000E+00  1.6000E+00  4.1000E+00  2.2000E-01  3.0000E-01  1.5000E-01  1.5000E-01  1.5000E-01
             1.5000E-01  1.5000E-01  1.5000E-01
 PARAMETER:  1.0000E-01  1.0000E-01  1.0000E-01  1.0000E-01  1.0000E-01  1.0000E-01  1.0000E-01  1.0000E-01  1.0000E-01  1.0000E-01
             1.0000E-01  1.0000E-01  1.0000E-01
 GRADIENT:   5.2138E+04  1.2048E+04  1.8934E+04  2.3045E+03  1.0062E+04  5.9121E+02  4.4075E+03  7.1336E+01  3.5568E+01  1.2916E+01
             6.0482E-01  3.0990E+01  2.5039E+01
 
0ITERATION NO.:    5    OBJECTIVE VALUE:   69632.0231779642        NO. OF FUNC. EVALS.: 110
 CUMULATIVE NO. OF FUNC. EVALS.:      119             RESET HESSIAN, TYPE I
 NPARAMETR:  6.8075E+00  5.3151E+00  4.3282E+00  1.4057E+00  4.0036E+00  1.0487E-01  1.9214E-01  1.1960E-01  1.3738E-01  1.3070E-01
             1.4727E-01  1.2230E-01  1.4575E-01
 PARAMETER:  9.5880E-02  9.3247E-02  9.6183E-02  8.7856E-02  9.7649E-02  4.7669E-02 -4.8887E-01 -1.3254E-02  5.6064E-02  3.1145E-02
             9.0801E-02 -2.0595E-03  8.5639E-02
 GRADIENT:   8.3457E+04  8.8294E+03  1.8386E+04  8.1372E+02  7.4519E+03  3.4027E+02 -9.1290E+02  6.6665E+01  2.4243E+01  3.0865E+01
             6.6607E+00  3.4419E+01  5.0470E+01
 
0ITERATION NO.:   10    OBJECTIVE VALUE:   69630.7538628554        NO. OF FUNC. EVALS.:  81
 CUMULATIVE NO. OF FUNC. EVALS.:      200
 NPARAMETR:  6.7396E+00  5.3002E+00  4.3108E+00  1.3922E+00  3.9963E+00  8.8687E-02  1.9219E-01  1.1808E-01  1.3423E-01  1.2656E-01
             1.4543E-01  1.1524E-01  1.4054E-01
 PARAMETER:  9.4924E-02  9.2986E-02  9.5795E-02  8.7015E-02  9.7470E-02  4.0312E-02 -4.8853E-01 -1.9648E-02  4.4447E-02  1.5024E-02
             8.4526E-02 -3.1829E-02  6.7422E-02
 GRADIENT:   1.4935E+05 -2.6445E+04  8.6983E+03  6.4916E+02  4.4621E+03  2.8865E+02 -9.1612E+02  5.3618E+01  2.5347E+01  2.8183E+01
             6.7884E+00  3.2197E+01  5.0776E+01
 
0ITERATION NO.:   15    OBJECTIVE VALUE:   69540.6682647288        NO. OF FUNC. EVALS.: 130
 CUMULATIVE NO. OF FUNC. EVALS.:      330
 NPARAMETR:  6.8593E+00  5.4525E+00  4.2682E+00  1.3641E+00  3.9259E+00  4.7158E-03  2.0083E-01  8.1018E-02  1.0250E-01  1.1130E-01
             1.3481E-01  6.4020E-02  8.5048E-02
 PARAMETER:  9.6609E-02  9.5657E-02  9.4849E-02  8.5258E-02  9.5755E-02  2.1435E-03 -4.3381E-01 -2.0798E-01 -9.0389E-02 -4.9217E-02
             4.6611E-02 -3.2572E-01 -1.8371E-01
 GRADIENT:   7.8250E+04  1.3220E+04  1.2696E+04 -1.1436E+02  4.0454E+03  7.7220E+01 -1.8336E+01  2.0687E+01  2.1660E+01  4.8683E+00
             7.1125E+00 -5.0057E-01  2.2224E+00
 
0ITERATION NO.:   20    OBJECTIVE VALUE:   69535.0467496572        NO. OF FUNC. EVALS.: 160
 CUMULATIVE NO. OF FUNC. EVALS.:      490             RESET HESSIAN, TYPE I
 NPARAMETR:  6.8913E+00  5.5116E+00  4.2573E+00  1.3887E+00  3.9017E+00 -1.0761E-02  2.0101E-01  6.9097E-02  1.0082E-01  1.0900E-01
             1.1833E-01  6.4135E-02  8.3656E-02
 PARAMETER:  9.7061E-02  9.6694E-02  9.4606E-02  8.6796E-02  9.5164E-02 -4.8914E-03 -4.3270E-01 -2.8756E-01 -9.8657E-02 -5.9644E-02
            -1.8567E-02 -3.2482E-01 -1.9196E-01
 GRADIENT:   8.0010E+04  1.6066E+04  1.2035E+04  2.3292E+01  2.6525E+03  3.1382E+01  2.4885E+00  3.1111E+00  1.9164E+01 -5.6574E-01
             3.4104E+00 -3.9643E-01 -7.1200E-01
 
0ITERATION NO.:   25    OBJECTIVE VALUE:   69533.5543120713        NO. OF FUNC. EVALS.: 122
 CUMULATIVE NO. OF FUNC. EVALS.:      612
 NPARAMETR:  6.8963E+00  5.5279E+00  4.2552E+00  1.3881E+00  3.8887E+00 -2.9863E-02  2.0103E-01  6.6547E-02  7.9306E-02  1.0977E-01
             1.0909E-01  6.5044E-02  8.4599E-02
 PARAMETER:  9.7131E-02  9.6980E-02  9.4559E-02  8.6759E-02  9.4848E-02 -1.3574E-02 -4.3255E-01 -3.0636E-01 -2.1866E-01 -5.6107E-02
            -5.9241E-02 -3.1778E-01 -1.8635E-01
 GRADIENT:   1.4754E+05 -1.7387E+04  4.4610E+03 -9.1423E+01  1.9237E+02 -6.0717E+01 -1.7277E+00 -5.9056E+00  3.2829E+00  3.0700E-01
             1.8191E+00  7.0794E-01 -1.0324E-01
 
0ITERATION NO.:   30    OBJECTIVE VALUE:   69533.2120435746        NO. OF FUNC. EVALS.: 142
 CUMULATIVE NO. OF FUNC. EVALS.:      754
 NPARAMETR:  6.8968E+00  5.5264E+00  4.2552E+00  1.3907E+00  3.8905E+00 -1.4671E-02  2.0106E-01  6.9505E-02  7.5205E-02  1.0962E-01
             1.0592E-01  6.4302E-02  8.4767E-02
 PARAMETER:  9.7139E-02  9.6954E-02  9.4560E-02  8.6916E-02  9.4891E-02 -6.6688E-03 -4.3237E-01 -2.8462E-01 -2.4521E-01 -5.6811E-02
            -7.3993E-02 -3.2352E-01 -1.8537E-01
 GRADIENT:   1.4768E+05 -1.7391E+04  4.3217E+03  1.5517E+01  5.5543E+02  9.7211E+00 -1.5730E+00 -9.9326E-01  9.2826E-01  2.1911E-01
             9.7350E-01  1.1584E-01  1.3758E-01
 
0ITERATION NO.:   35    OBJECTIVE VALUE:   69533.1817466116        NO. OF FUNC. EVALS.: 167
 CUMULATIVE NO. OF FUNC. EVALS.:      921             RESET HESSIAN, TYPE I
 NPARAMETR:  6.8973E+00  5.5263E+00  4.2569E+00  1.3876E+00  3.8888E+00 -1.6430E-02  2.0109E-01  7.0164E-02  7.3736E-02  1.0950E-01
             1.0042E-01  6.4161E-02  8.4713E-02
 PARAMETER:  9.7145E-02  9.6953E-02  9.4597E-02  8.6722E-02  9.4849E-02 -7.4683E-03 -4.3220E-01 -2.7990E-01 -2.5507E-01 -5.7358E-02
            -1.0063E-01 -3.2462E-01 -1.8568E-01
 GRADIENT:   8.0398E+04  1.7144E+04  1.2026E+04  3.9270E+01  2.0907E+03  2.7380E+00  3.3470E+00 -4.3239E-02  2.3289E-02 -1.0943E-01
             2.1861E-03 -2.5331E-02 -1.9835E-01
 
0ITERATION NO.:   39    OBJECTIVE VALUE:   69533.1813753295        NO. OF FUNC. EVALS.: 117
 CUMULATIVE NO. OF FUNC. EVALS.:     1038
 NPARAMETR:  6.8972E+00  5.5264E+00  4.2570E+00  1.3871E+00  3.8886E+00 -1.5911E-02  2.0110E-01  7.0186E-02  7.3814E-02  1.0979E-01
             9.9459E-02  6.4370E-02  8.4902E-02
 PARAMETER:  9.7144E-02  9.6955E-02  9.4601E-02  8.6696E-02  9.4844E-02 -7.2322E-03 -4.3216E-01 -2.7974E-01 -2.5454E-01 -5.6039E-02
            -1.0545E-01 -3.2299E-01 -1.8457E-01
 GRADIENT:  -6.2144E+00  4.3338E-01 -1.2239E+01  6.9952E+00  1.3677E+01 -3.9300E-01 -8.2850E-02  7.7792E-02  1.2498E-01  3.4779E-01
            -9.6807E-02  1.2677E-01  1.2705E-01
 
 #TERM:
0MINIMIZATION SUCCESSFUL
 HOWEVER, PROBLEMS OCCURRED WITH THE MINIMIZATION.
 REGARD THE RESULTS OF THE ESTIMATION STEP CAREFULLY, AND ACCEPT THEM ONLY
 AFTER CHECKING THAT THE COVARIANCE STEP PRODUCES REASONABLE OUTPUT.
 NO. OF FUNCTION EVALUATIONS USED:     1038
 NO. OF SIG. DIGITS IN FINAL EST.:  2.4

 ETABAR IS THE ARITHMETIC MEAN OF THE ETA-ESTIMATES,
 AND THE P-VALUE IS GIVEN FOR THE NULL HYPOTHESIS THAT THE TRUE MEAN IS 0.
 
 ETABAR:         5.3110E-03 -8.8447E-03 -9.9061E-03  1.1624E-02 -6.3984E-03 -1.2872E-02
 SE:             2.1280E-02  1.6739E-02  2.9021E-02  1.4425E-02  1.6200E-02  2.2282E-02
 N:                     120         120         120         120         120         120
 
 P VAL.:         8.0292E-01  5.9723E-01  7.3284E-01  4.2034E-01  6.9287E-01  5.6347E-01
 
 ETASHRINKSD(%)  1.1640E+01  3.2225E+01  3.6527E+00  4.9683E+01  2.9761E+01  1.5879E+01
 ETASHRINKVR(%)  2.1925E+01  5.4065E+01  7.1719E+00  7.4682E+01  5.0664E+01  2.9236E+01
 EBVSHRINKSD(%)  1.1301E+01  3.3101E+01  4.0532E+00  5.0183E+01  3.0412E+01  1.6194E+01
 EBVSHRINKVR(%)  2.1324E+01  5.5245E+01  7.9421E+00  7.5182E+01  5.1575E+01  2.9765E+01
 EPSSHRINKSD(%)  2.9180E+00
 EPSSHRINKVR(%)  5.7508E+00
 
  
 TOTAL DATA POINTS NORMALLY DISTRIBUTED (N):         6960
 N*LOG(2PI) CONSTANT TO OBJECTIVE FUNCTION:    12791.6243822090     
 OBJECTIVE FUNCTION VALUE WITHOUT CONSTANT:    69533.1813753295     
 OBJECTIVE FUNCTION VALUE WITH CONSTANT:       82324.8057575386     
 REPORTED OBJECTIVE FUNCTION DOES NOT CONTAIN CONSTANT
  
 TOTAL EFFECTIVE ETAS (NIND*NETA):                           720
  
 #TERE:
 Elapsed estimation  time in seconds:  5590.70
 Elapsed covariance  time in seconds:   939.44
 Elapsed postprocess time in seconds:     7.78
1
 
 
 
 
 
 
 
 
 
 
 
 
 
 
 
 
 
 
 
 
 ************************************************************************************************************************
 ********************                                                                                ********************
 ********************               FIRST ORDER CONDITIONAL ESTIMATION WITH INTERACTION              ********************
 #OBJT:**************                       MINIMUM VALUE OF OBJECTIVE FUNCTION                      ********************
 ********************                                                                                ********************
 ************************************************************************************************************************
 





 #OBJV:********************************************    69533.181       **************************************************
1
 ************************************************************************************************************************
 ********************                                                                                ********************
 ********************               FIRST ORDER CONDITIONAL ESTIMATION WITH INTERACTION              ********************
 ********************                             FINAL PARAMETER ESTIMATE                           ********************
 ********************                                                                                ********************
 ************************************************************************************************************************
 


 THETA - VECTOR OF FIXED EFFECTS PARAMETERS   *********


         TH 1      TH 2      TH 3      TH 4      TH 5      TH 6      TH 7     
 
         6.90E+00  5.53E+00  4.26E+00  1.39E+00  3.89E+00 -1.59E-02  2.01E-01
 


 OMEGA - COV MATRIX FOR RANDOM EFFECTS - ETAS  ********


         ETA1      ETA2      ETA3      ETA4      ETA5      ETA6     
 
 ETA1
+        7.02E-02
 
 ETA2
+        0.00E+00  7.38E-02
 
 ETA3
+        0.00E+00  0.00E+00  1.10E-01
 
 ETA4
+        0.00E+00  0.00E+00  0.00E+00  9.95E-02
 
 ETA5
+        0.00E+00  0.00E+00  0.00E+00  0.00E+00  6.44E-02
 
 ETA6
+        0.00E+00  0.00E+00  0.00E+00  0.00E+00  0.00E+00  8.49E-02
 


 SIGMA - COV MATRIX FOR RANDOM EFFECTS - EPSILONS  ****


         EPS1     
 
 EPS1
+        1.00E+00
 
1


 OMEGA - CORR MATRIX FOR RANDOM EFFECTS - ETAS  *******


         ETA1      ETA2      ETA3      ETA4      ETA5      ETA6     
 
 ETA1
+        2.65E-01
 
 ETA2
+        0.00E+00  2.72E-01
 
 ETA3
+        0.00E+00  0.00E+00  3.31E-01
 
 ETA4
+        0.00E+00  0.00E+00  0.00E+00  3.15E-01
 
 ETA5
+        0.00E+00  0.00E+00  0.00E+00  0.00E+00  2.54E-01
 
 ETA6
+        0.00E+00  0.00E+00  0.00E+00  0.00E+00  0.00E+00  2.91E-01
 


 SIGMA - CORR MATRIX FOR RANDOM EFFECTS - EPSILONS  ***


         EPS1     
 
 EPS1
+        1.00E+00
 
1
 ************************************************************************************************************************
 ********************                                                                                ********************
 ********************               FIRST ORDER CONDITIONAL ESTIMATION WITH INTERACTION              ********************
 ********************                            STANDARD ERROR OF ESTIMATE                          ********************
 ********************                                                                                ********************
 ************************************************************************************************************************
 


 THETA - VECTOR OF FIXED EFFECTS PARAMETERS   *********


         TH 1      TH 2      TH 3      TH 4      TH 5      TH 6      TH 7     
 
         3.20E-02  4.34E-02  3.43E-02  7.70E-02  3.91E-02  3.73E-02  1.89E-03
 


 OMEGA - COV MATRIX FOR RANDOM EFFECTS - ETAS  ********


         ETA1      ETA2      ETA3      ETA4      ETA5      ETA6     
 
 ETA1
+        1.30E-02
 
 ETA2
+       .........  1.97E-02
 
 ETA3
+       ......... .........  1.54E-02
 
 ETA4
+       ......... ......... .........  4.01E-02
 
 ETA5
+       ......... ......... ......... .........  1.66E-02
 
 ETA6
+       ......... ......... ......... ......... .........  1.79E-02
 


 SIGMA - COV MATRIX FOR RANDOM EFFECTS - EPSILONS  ****


         EPS1     
 
 EPS1
+       .........
 
1


 OMEGA - CORR MATRIX FOR RANDOM EFFECTS - ETAS  *******


         ETA1      ETA2      ETA3      ETA4      ETA5      ETA6     
 
 ETA1
+        2.45E-02
 
 ETA2
+       .........  3.63E-02
 
 ETA3
+       ......... .........  2.33E-02
 
 ETA4
+       ......... ......... .........  6.36E-02
 
 ETA5
+       ......... ......... ......... .........  3.27E-02
 
 ETA6
+       ......... ......... ......... ......... .........  3.07E-02
 


 SIGMA - CORR MATRIX FOR RANDOM EFFECTS - EPSILONS  ***


         EPS1     
 
 EPS1
+       .........
 
1
 ************************************************************************************************************************
 ********************                                                                                ********************
 ********************               FIRST ORDER CONDITIONAL ESTIMATION WITH INTERACTION              ********************
 ********************                          COVARIANCE MATRIX OF ESTIMATE                         ********************
 ********************                                                                                ********************
 ************************************************************************************************************************
 

            TH 1      TH 2      TH 3      TH 4      TH 5      TH 6      TH 7      OM11      OM12      OM13      OM14      OM15  
             OM16      OM22      OM23      OM24      OM25      OM26      OM33      OM34      OM35      OM36      OM44      OM45  
            OM46      OM55      OM56      OM66      SG11  
 
 TH 1
+        1.03E-03
 
 TH 2
+        6.25E-04  1.89E-03
 
 TH 3
+       -1.80E-05  2.53E-06  1.18E-03
 
 TH 4
+       -6.47E-05 -2.50E-04 -9.36E-04  5.93E-03
 
 TH 5
+       -3.35E-04 -2.67E-04 -3.03E-04  1.23E-03  1.53E-03
 
 TH 6
+        2.56E-04  3.14E-04  3.93E-04 -1.42E-03 -6.09E-04  1.39E-03
 
 TH 7
+        2.72E-06 -1.68E-06 -4.56E-07 -1.60E-05  7.26E-07 -4.79E-06  3.57E-06
 
 OM11
+       -1.03E-04 -1.06E-04  2.84E-05  3.13E-05  5.01E-05 -1.17E-05  3.57E-06  1.68E-04
 
 OM12
+       ......... ......... ......... ......... ......... ......... ......... ......... .........
 
 OM13
+       ......... ......... ......... ......... ......... ......... ......... ......... ......... .........
 
 OM14
+       ......... ......... ......... ......... ......... ......... ......... ......... ......... ......... .........
 
 OM15
+       ......... ......... ......... ......... ......... ......... ......... ......... ......... ......... ......... .........
 
 OM16
+       ......... ......... ......... ......... ......... ......... ......... ......... ......... ......... ......... .........
         .........
 
 OM22
+        8.98E-05  2.22E-04 -5.46E-05 -1.76E-04  4.36E-05  6.45E-05 -1.26E-06 -2.79E-05 ......... ......... ......... .........
         .........  3.89E-04
 
 OM23
+       ......... ......... ......... ......... ......... ......... ......... ......... ......... ......... ......... .........
         ......... ......... .........
 
 OM24
+       ......... ......... ......... ......... ......... ......... ......... ......... ......... ......... ......... .........
         ......... ......... ......... .........
 
 OM25
+       ......... ......... ......... ......... ......... ......... ......... ......... ......... ......... ......... .........
         ......... ......... ......... ......... .........
 
 OM26
+       ......... ......... ......... ......... ......... ......... ......... ......... ......... ......... ......... .........
         ......... ......... ......... ......... ......... .........
 
 OM33
+        3.22E-05  1.06E-04 -1.13E-04 -3.70E-05 -5.73E-05 -5.04E-05  3.74E-07 -4.72E-06 ......... ......... ......... .........
         .........  4.31E-06 ......... ......... ......... .........  2.37E-04
 
1

            TH 1      TH 2      TH 3      TH 4      TH 5      TH 6      TH 7      OM11      OM12      OM13      OM14      OM15  
             OM16      OM22      OM23      OM24      OM25      OM26      OM33      OM34      OM35      OM36      OM44      OM45  
            OM46      OM55      OM56      OM66      SG11  
 
 OM34
+       ......... ......... ......... ......... ......... ......... ......... ......... ......... ......... ......... .........
         ......... ......... ......... ......... ......... ......... ......... .........
 
 OM35
+       ......... ......... ......... ......... ......... ......... ......... ......... ......... ......... ......... .........
         ......... ......... ......... ......... ......... ......... ......... ......... .........
 
 OM36
+       ......... ......... ......... ......... ......... ......... ......... ......... ......... ......... ......... .........
         ......... ......... ......... ......... ......... ......... ......... ......... ......... .........
 
 OM44
+       -1.35E-04 -3.61E-05  2.74E-05  5.00E-04  2.31E-04 -1.61E-04 -6.43E-06 -8.78E-05 ......... ......... ......... .........
         ......... -1.04E-04 ......... ......... ......... ......... -4.50E-05 ......... ......... .........  1.61E-03
 
 OM45
+       ......... ......... ......... ......... ......... ......... ......... ......... ......... ......... ......... .........
         ......... ......... ......... ......... ......... ......... ......... ......... ......... ......... ......... .........
 
 OM46
+       ......... ......... ......... ......... ......... ......... ......... ......... ......... ......... ......... .........
         ......... ......... ......... ......... ......... ......... ......... ......... ......... ......... ......... .........
        .........
 
 OM55
+       -5.46E-05 -5.15E-05  6.37E-05 -1.09E-04  4.80E-05  6.34E-05  1.48E-06 -1.49E-05 ......... ......... ......... .........
         ......... -2.12E-05 ......... ......... ......... ......... -3.61E-05 ......... ......... ......... -3.96E-05 .........
        .........  2.76E-04
 
 OM56
+       ......... ......... ......... ......... ......... ......... ......... ......... ......... ......... ......... .........
         ......... ......... ......... ......... ......... ......... ......... ......... ......... ......... ......... .........
        ......... ......... .........
 
 OM66
+        1.86E-05  4.19E-05 -3.78E-05 -5.39E-05 -3.01E-05 -6.54E-05  6.70E-07 -1.37E-05 ......... ......... ......... .........
         ......... -2.61E-05 ......... ......... ......... .........  1.65E-06 ......... ......... ......... -1.31E-04 .........
        ......... -9.86E-06 .........  3.20E-04
 
 SG11
+       ......... ......... ......... ......... ......... ......... ......... ......... ......... ......... ......... .........
         ......... ......... ......... ......... ......... ......... ......... ......... ......... ......... ......... .........
        ......... ......... ......... ......... .........
 
1
 ************************************************************************************************************************
 ********************                                                                                ********************
 ********************               FIRST ORDER CONDITIONAL ESTIMATION WITH INTERACTION              ********************
 ********************                          CORRELATION MATRIX OF ESTIMATE                        ********************
 ********************                                                                                ********************
 ************************************************************************************************************************
 

            TH 1      TH 2      TH 3      TH 4      TH 5      TH 6      TH 7      OM11      OM12      OM13      OM14      OM15  
             OM16      OM22      OM23      OM24      OM25      OM26      OM33      OM34      OM35      OM36      OM44      OM45  
            OM46      OM55      OM56      OM66      SG11  
 
 TH 1
+        3.20E-02
 
 TH 2
+        4.49E-01  4.34E-02
 
 TH 3
+       -1.64E-02  1.70E-03  3.43E-02
 
 TH 4
+       -2.62E-02 -7.47E-02 -3.54E-01  7.70E-02
 
 TH 5
+       -2.68E-01 -1.57E-01 -2.26E-01  4.07E-01  3.91E-02
 
 TH 6
+        2.15E-01  1.94E-01  3.07E-01 -4.96E-01 -4.17E-01  3.73E-02
 
 TH 7
+        4.49E-02 -2.05E-02 -7.03E-03 -1.10E-01  9.82E-03 -6.80E-02  1.89E-03
 
 OM11
+       -2.48E-01 -1.88E-01  6.38E-02  3.14E-02  9.89E-02 -2.42E-02  1.46E-01  1.30E-02
 
 OM12
+       ......... ......... ......... ......... ......... ......... ......... ......... .........
 
 OM13
+       ......... ......... ......... ......... ......... ......... ......... ......... ......... .........
 
 OM14
+       ......... ......... ......... ......... ......... ......... ......... ......... ......... ......... .........
 
 OM15
+       ......... ......... ......... ......... ......... ......... ......... ......... ......... ......... ......... .........
 
 OM16
+       ......... ......... ......... ......... ......... ......... ......... ......... ......... ......... ......... .........
         .........
 
 OM22
+        1.42E-01  2.59E-01 -8.07E-02 -1.16E-01  5.65E-02  8.78E-02 -3.38E-02 -1.09E-01 ......... ......... ......... .........
         .........  1.97E-02
 
 OM23
+       ......... ......... ......... ......... ......... ......... ......... ......... ......... ......... ......... .........
         ......... ......... .........
 
 OM24
+       ......... ......... ......... ......... ......... ......... ......... ......... ......... ......... ......... .........
         ......... ......... ......... .........
 
 OM25
+       ......... ......... ......... ......... ......... ......... ......... ......... ......... ......... ......... .........
         ......... ......... ......... ......... .........
 
 OM26
+       ......... ......... ......... ......... ......... ......... ......... ......... ......... ......... ......... .........
         ......... ......... ......... ......... ......... .........
 
 OM33
+        6.52E-02  1.58E-01 -2.14E-01 -3.12E-02 -9.49E-02 -8.76E-02  1.28E-02 -2.36E-02 ......... ......... ......... .........
         .........  1.42E-02 ......... ......... ......... .........  1.54E-02
 
1

            TH 1      TH 2      TH 3      TH 4      TH 5      TH 6      TH 7      OM11      OM12      OM13      OM14      OM15  
             OM16      OM22      OM23      OM24      OM25      OM26      OM33      OM34      OM35      OM36      OM44      OM45  
            OM46      OM55      OM56      OM66      SG11  
 
 OM34
+       ......... ......... ......... ......... ......... ......... ......... ......... ......... ......... ......... .........
         ......... ......... ......... ......... ......... ......... ......... .........
 
 OM35
+       ......... ......... ......... ......... ......... ......... ......... ......... ......... ......... ......... .........
         ......... ......... ......... ......... ......... ......... ......... ......... .........
 
 OM36
+       ......... ......... ......... ......... ......... ......... ......... ......... ......... ......... ......... .........
         ......... ......... ......... ......... ......... ......... ......... ......... ......... .........
 
 OM44
+       -1.05E-01 -2.07E-02  1.99E-02  1.62E-01  1.47E-01 -1.08E-01 -8.48E-02 -1.69E-01 ......... ......... ......... .........
         ......... -1.32E-01 ......... ......... ......... ......... -7.28E-02 ......... ......... .........  4.01E-02
 
 OM45
+       ......... ......... ......... ......... ......... ......... ......... ......... ......... ......... ......... .........
         ......... ......... ......... ......... ......... ......... ......... ......... ......... ......... ......... .........
 
 OM46
+       ......... ......... ......... ......... ......... ......... ......... ......... ......... ......... ......... .........
         ......... ......... ......... ......... ......... ......... ......... ......... ......... ......... ......... .........
        .........
 
 OM55
+       -1.03E-01 -7.15E-02  1.12E-01 -8.51E-02  7.38E-02  1.02E-01  4.72E-02 -6.90E-02 ......... ......... ......... .........
         ......... -6.48E-02 ......... ......... ......... ......... -1.41E-01 ......... ......... ......... -5.95E-02 .........
        .........  1.66E-02
 
 OM56
+       ......... ......... ......... ......... ......... ......... ......... ......... ......... ......... ......... .........
         ......... ......... ......... ......... ......... ......... ......... ......... ......... ......... ......... .........
        ......... ......... .........
 
 OM66
+        3.25E-02  5.40E-02 -6.15E-02 -3.91E-02 -4.30E-02 -9.80E-02  1.98E-02 -5.91E-02 ......... ......... ......... .........
         ......... -7.39E-02 ......... ......... ......... .........  5.98E-03 ......... ......... ......... -1.83E-01 .........
        ......... -3.32E-02 .........  1.79E-02
 
 SG11
+       ......... ......... ......... ......... ......... ......... ......... ......... ......... ......... ......... .........
         ......... ......... ......... ......... ......... ......... ......... ......... ......... ......... ......... .........
        ......... ......... ......... ......... .........
 
1
 ************************************************************************************************************************
 ********************                                                                                ********************
 ********************               FIRST ORDER CONDITIONAL ESTIMATION WITH INTERACTION              ********************
 ********************                      INVERSE COVARIANCE MATRIX OF ESTIMATE                     ********************
 ********************                                                                                ********************
 ************************************************************************************************************************
 

            TH 1      TH 2      TH 3      TH 4      TH 5      TH 6      TH 7      OM11      OM12      OM13      OM14      OM15  
             OM16      OM22      OM23      OM24      OM25      OM26      OM33      OM34      OM35      OM36      OM44      OM45  
            OM46      OM55      OM56      OM66      SG11  
 
 TH 1
+        1.43E+03
 
 TH 2
+       -3.74E+02  7.39E+02
 
 TH 3
+        2.86E+01 -3.43E+01  1.10E+03
 
 TH 4
+       -1.05E+02 -1.47E+01  1.44E+02  2.84E+02
 
 TH 5
+        2.16E+02  7.86E+00  9.92E+01 -1.28E+02  9.69E+02
 
 TH 6
+       -1.93E+02 -1.08E+02 -1.05E+02  2.18E+02  2.46E+02  1.19E+03
 
 TH 7
+       -2.65E+03  1.21E+02  7.78E+02  1.73E+03 -5.49E+02  2.88E+03  3.04E+05
 
 OM11
+        7.12E+02  1.26E+02 -2.58E+02 -1.12E+02 -2.29E+02 -2.42E+02 -7.77E+03  7.23E+03
 
 OM12
+       ......... ......... ......... ......... ......... ......... ......... ......... .........
 
 OM13
+       ......... ......... ......... ......... ......... ......... ......... ......... ......... .........
 
 OM14
+       ......... ......... ......... ......... ......... ......... ......... ......... ......... ......... .........
 
 OM15
+       ......... ......... ......... ......... ......... ......... ......... ......... ......... ......... ......... .........
 
 OM16
+       ......... ......... ......... ......... ......... ......... ......... ......... ......... ......... ......... .........
         .........
 
 OM22
+       -6.13E+01 -3.41E+02  2.01E+02  1.54E+02 -3.05E+02 -3.34E+01  1.46E+03  4.60E+02 ......... ......... ......... .........
         .........  3.07E+03
 
 OM23
+       ......... ......... ......... ......... ......... ......... ......... ......... ......... ......... ......... .........
         ......... ......... .........
 
 OM24
+       ......... ......... ......... ......... ......... ......... ......... ......... ......... ......... ......... .........
         ......... ......... ......... .........
 
 OM25
+       ......... ......... ......... ......... ......... ......... ......... ......... ......... ......... ......... .........
         ......... ......... ......... ......... .........
 
 OM26
+       ......... ......... ......... ......... ......... ......... ......... ......... ......... ......... ......... .........
         ......... ......... ......... ......... ......... .........
 
 OM33
+        6.21E+01 -3.17E+02  5.19E+02  1.40E+02  2.24E+02  3.27E+02  4.93E+02 -2.26E+01 ......... ......... ......... .........
         .........  2.47E+02 ......... ......... ......... .........  4.82E+03
 
1

            TH 1      TH 2      TH 3      TH 4      TH 5      TH 6      TH 7      OM11      OM12      OM13      OM14      OM15  
             OM16      OM22      OM23      OM24      OM25      OM26      OM33      OM34      OM35      OM36      OM44      OM45  
            OM46      OM55      OM56      OM66      SG11  
 
 OM34
+       ......... ......... ......... ......... ......... ......... ......... ......... ......... ......... ......... .........
         ......... ......... ......... ......... ......... ......... ......... .........
 
 OM35
+       ......... ......... ......... ......... ......... ......... ......... ......... ......... ......... ......... .........
         ......... ......... ......... ......... ......... ......... ......... ......... .........
 
 OM36
+       ......... ......... ......... ......... ......... ......... ......... ......... ......... ......... ......... .........
         ......... ......... ......... ......... ......... ......... ......... ......... ......... .........
 
 OM44
+        1.27E+02 -5.67E+01 -6.39E+01 -3.62E+01 -9.00E+01  2.25E+01  4.63E+02  5.60E+02 ......... ......... ......... .........
         .........  2.57E+02 ......... ......... ......... .........  1.31E+02 ......... ......... .........  7.44E+02
 
 OM45
+       ......... ......... ......... ......... ......... ......... ......... ......... ......... ......... ......... .........
         ......... ......... ......... ......... ......... ......... ......... ......... ......... ......... ......... .........
 
 OM46
+       ......... ......... ......... ......... ......... ......... ......... ......... ......... ......... ......... .........
         ......... ......... ......... ......... ......... ......... ......... ......... ......... ......... ......... .........
        .........
 
 OM55
+        2.46E+02  1.50E+01 -1.32E+02  4.05E+01 -2.70E+02 -2.39E+02 -2.36E+03  8.35E+02 ......... ......... ......... .........
         .........  3.38E+02 ......... ......... ......... .........  4.49E+02 ......... ......... .........  2.09E+02 .........
        .........  4.01E+03
 
 OM56
+       ......... ......... ......... ......... ......... ......... ......... ......... ......... ......... ......... .........
         ......... ......... ......... ......... ......... ......... ......... ......... ......... ......... ......... .........
        ......... ......... .........
 
 OM66
+        2.29E+01 -1.47E+02  1.16E+02  9.50E+01  3.80E+01  2.96E+02  3.23E+02  4.40E+02 ......... ......... ......... .........
         .........  4.44E+02 ......... ......... ......... .........  2.71E+02 ......... ......... .........  3.37E+02 .........
        .........  1.76E+02 .........  3.43E+03
 
 SG11
+       ......... ......... ......... ......... ......... ......... ......... ......... ......... ......... ......... .........
         ......... ......... ......... ......... ......... ......... ......... ......... ......... ......... ......... .........
        ......... ......... ......... ......... .........
 
 Elapsed finaloutput time in seconds:     0.66
 #CPUT: Total CPU Time in Seconds,     6484.645
Stop Time:
Sat Jul 19 11:55:13 CEST 2025
